[2025-09-14 06:37:27] [INFO    ] discord.client: logging in using static token
[2025-09-14 06:37:28] [DEBUG   ] discord.http: GET https://discord.com/api/v10/users/@me with None has returned 200
[2025-09-14 06:37:28] [DEBUG   ] discord.http: GET /users/@me has found its initial rate limit bucket hash (78bb8553d9352a5a2f89f9def401287a).
[2025-09-14 06:37:28] [DEBUG   ] discord.http: GET https://discord.com/api/v10/users/@me has received {'id': '1409582897006117026', 'username': 'LyricLounge', 'avatar': None, 'discriminator': '1906', 'public_flags': 0, 'flags': 0, 'bot': True, 'banner': None, 'accent_color': None, 'global_name': None, 'avatar_decoration_data': None, 'collectibles': None, 'display_name_styles': None, 'banner_color': None, 'clan': None, 'primary_guild': None, 'mfa_enabled': False, 'locale': 'en-US', 'premium_type': 0, 'email': None, 'verified': True, 'bio': ''}
[2025-09-14 06:37:52] [DEBUG   ] discord.http: GET https://discord.com/api/v10/oauth2/applications/@me with None has returned 200
[2025-09-14 06:37:52] [DEBUG   ] discord.http: GET /oauth2/applications/@me has found its initial rate limit bucket hash (d28a133af187e91d71d96a223467ce49).
[2025-09-14 06:37:52] [DEBUG   ] discord.http: GET https://discord.com/api/v10/oauth2/applications/@me has received {'id': '1409582897006117026', 'name': 'LyricLounge', 'icon': None, 'description': '', 'type': None, 'bot': {'id': '1409582897006117026', 'username': 'LyricLounge', 'avatar': None, 'discriminator': '1906', 'public_flags': 0, 'flags': 0, 'bot': True, 'banner': None, 'accent_color': None, 'global_name': None, 'avatar_decoration_data': None, 'collectibles': None, 'display_name_styles': None, 'banner_color': None, 'clan': None, 'primary_guild': None}, 'summary': '', 'is_monetized': False, 'is_verified': False, 'is_discoverable': False, 'bot_public': True, 'bot_require_code_grant': False, 'install_params': {'scopes': ['applications.commands'], 'permissions': '0'}, 'integration_types_config': {'0': {'oauth2_install_params': {'scopes': ['applications.commands'], 'permissions': '0'}}, '1': {'oauth2_install_params': {'scopes': ['applications.commands'], 'permissions': '0'}}}, 'verify_key': 'd0f2623bb45bbd6df4706f323f0070c317b258c524aa211033904d35ff3487be', 'flags': 557056, 'hook': True, 'storefront_available': False, 'redirect_uris': [], 'interactions_endpoint_url': None, 'role_connections_verification_url': None, 'owner': {'id': '1074144319486836786', 'username': 'saharsh8995', 'avatar': None, 'discriminator': '0', 'public_flags': 0, 'flags': 0, 'banner': None, 'accent_color': None, 'global_name': 'Saharsh', 'avatar_decoration_data': None, 'collectibles': None, 'display_name_styles': None, 'banner_color': None, 'clan': None, 'primary_guild': None}, 'approximate_guild_count': 1, 'approximate_user_install_count': 0, 'approximate_user_authorization_count': 0, 'interactions_event_types': [], 'interactions_version': 1, 'explicit_content_filter': 0, 'rpc_application_state': 0, 'store_application_state': 1, 'verification_state': 1, 'integration_public': True, 'integration_require_code_grant': False, 'discoverability_state': 1, 'discovery_eligibility_flags': 224, 'monetization_state': 1, 'verification_eligibility_flags': 91036, 'monetization_eligibility_flags': 181988, 'team': None, 'internal_guild_restriction': 2, 'approved_consoles': [], 'pricing_localization_strategy': 'localized_price_sets'}
[2025-09-14 06:37:53] [DEBUG   ] discord.gateway: Created websocket connected to wss://gateway.discord.gg/
[2025-09-14 06:37:53] [DEBUG   ] discord.gateway: For Shard ID None: WebSocket Event: {'t': None, 's': None, 'op': 10, 'd': {'heartbeat_interval': 41250, '_trace': ['["gateway-prd-arm-us-east1-c-qg3b",{"micros":0.0}]']}}
[2025-09-14 06:37:53] [DEBUG   ] discord.gateway: Shard ID None has sent the IDENTIFY payload.
[2025-09-14 06:37:54] [DEBUG   ] discord.gateway: For Shard ID None: WebSocket Event: {'t': None, 's': None, 'op': 11, 'd': None}
[2025-09-14 06:37:54] [DEBUG   ] discord.gateway: For Shard ID None: WebSocket Event: {'t': 'READY', 's': 1, 'op': 0, 'd': {'v': 10, 'user_settings': {}, 'user': {'verified': True, 'username': 'LyricLounge', 'primary_guild': None, 'mfa_enabled': False, 'id': '1409582897006117026', 'global_name': None, 'flags': 0, 'email': None, 'discriminator': '1906', 'clan': None, 'bot': True, 'avatar': None}, 'session_type': 'normal', 'session_id': 'ad9888ad58934f34fb5261df5b2485c4', 'resume_gateway_url': 'wss://gateway-us-east1-c.discord.gg', 'relationships': [], 'private_channels': [], 'presences': [], 'guilds': [{'unavailable': True, 'id': '1409584395437740077'}], 'guild_join_requests': [], 'geo_ordered_rtc_regions': ['india', 'dubai', 'singapore', 'saudi-arabia', 'hongkong'], 'game_relationships': [], 'auth': {}, 'application': {'id': '1409582897006117026', 'flags': 557056}, '_trace': ['["gateway-prd-arm-us-east1-c-qg3b",{"micros":117146,"calls":["id_created",{"micros":535,"calls":[]},"session_lookup_time",{"micros":3323,"calls":[]},"session_lookup_finished",{"micros":8,"calls":[]},"discord-sessions-prd-2-38",{"micros":112960,"calls":["start_session",{"micros":89978,"calls":["discord-api-rpc-6c68f9c9d5-49prh",{"micros":53340,"calls":["get_user",{"micros":19537},"get_guilds",{"micros":2902},"send_scheduled_deletion_message",{"micros":13},"guild_join_requests",{"micros":1},"authorized_ip_coro",{"micros":14},"pending_payments",{"micros":25355},"apex_experiments",{"micros":4067},"user_activities",{"micros":4},"played_application_ids",{"micros":2}]}]},"starting_guild_connect",{"micros":49,"calls":[]},"presence_started",{"micros":320,"calls":[]},"guilds_started",{"micros":79,"calls":[]},"lobbies_started",{"micros":1,"calls":[]},"guilds_connect",{"micros":1,"calls":[]},"presence_connect",{"micros":22512,"calls":[]},"connect_finished",{"micros":22518,"calls":[]},"build_ready",{"micros":12,"calls":[]},"clean_ready",{"micros":1,"calls":[]},"optimize_ready",{"micros":0,"calls":[]},"split_ready",{"micros":1,"calls":[]}]}]}]']}}
[2025-09-14 06:37:54] [DEBUG   ] discord.client: Dispatching event socket_event_type
[2025-09-14 06:37:54] [INFO    ] discord.gateway: Shard ID None has connected to Gateway (Session ID: ad9888ad58934f34fb5261df5b2485c4).
[2025-09-14 06:37:54] [DEBUG   ] discord.client: Dispatching event connect
[2025-09-14 06:37:54] [DEBUG   ] discord.gateway: For Shard ID None: WebSocket Event: {'t': 'GUILD_CREATE', 's': 2, 'op': 0, 'd': {'presences': [], 'owner_configured_content_level': 0, 'guild_scheduled_events': [], 'max_video_channel_users': 25, 'owner_id': '1074144319486836786', 'default_message_notifications': 0, 'max_members': 25000000, 'features': [], 'unavailable': False, 'members': [{'user': {'username': 'LyricLounge', 'public_flags': 0, 'primary_guild': None, 'id': '1409582897006117026', 'global_name': None, 'display_name_styles': None, 'display_name': None, 'discriminator': '1906', 'collectibles': None, 'bot': True, 'avatar_decoration_data': None, 'avatar': None}, 'roles': ['1409585907538985143'], 'premium_since': None, 'pending': False, 'nick': None, 'mute': False, 'joined_at': '2025-08-25T17:11:09.283000+00:00', 'flags': 0, 'deaf': False, 'communication_disabled_until': None, 'banner': None, 'avatar': None}], 'channels': [{'version': 1756141508875, 'type': 4, 'position': 0, 'permission_overwrites': [], 'name': 'Text Channels', 'id': '1409584396226527302', 'flags': 0}, {'version': 1756141508885, 'type': 4, 'position': 0, 'permission_overwrites': [], 'name': 'Voice Channels', 'id': '1409584396226527303', 'flags': 0}, {'version': 1756141508900, 'type': 0, 'topic': None, 'rate_limit_per_user': 0, 'position': 0, 'permission_overwrites': [], 'parent_id': '1409584396226527302', 'name': 'general', 'last_message_id': '1414525192226738247', 'id': '1409584396226527304', 'icon_emoji': {'name': 'ðŸ‘‹', 'id': None}, 'flags': 0}, {'version': 1756141508907, 'user_limit': 0, 'type': 2, 'rtc_region': None, 'rate_limit_per_user': 0, 'position': 0, 'permission_overwrites': [], 'parent_id': '1409584396226527303', 'name': 'General', 'last_message_id': None, 'id': '1409584396226527305', 'icon_emoji': {'name': 'ðŸŽ™', 'id': None}, 'flags': 0, 'bitrate': 64000}, {'version': 1756718876014, 'type': 0, 'topic': None, 'rate_limit_per_user': 0, 'position': 1, 'permission_overwrites': [], 'parent_id': '1409584396226527303', 'name': 'lyriclounge', 'last_message_id': '1414526154139893780', 'id': '1409585633638219947', 'flags': 0}], 'profile': None, 'afk_channel_id': None, 'nsfw_level': 0, 'region': 'deprecated', 'nsfw': False, 'stickers': [], 'max_stage_video_channel_users': 50, 'explicit_content_filter': 0, 'afk_timeout': 300, 'id': '1409584395437740077', 'premium_features': None, 'rules_channel_id': None, 'name': 'test_server', 'lazy': True, 'splash': None, 'verification_level': 0, 'threads': [], 'soundboard_sounds': [], 'emojis': [], 'embedded_activities': [], 'discovery_splash': None, 'banner': None, 'home_header': None, 'description': None, 'incidents_data': None, 'preferred_locale': 'en-US', 'inventory_settings': None, 'mfa_level': 0, 'latest_onboarding_question_id': None, 'icon': None, 'stage_instances': [], 'moderator_reporting': None, 'member_count': 6, 'hub_type': None, 'premium_tier': 0, 'joined_at': '2025-08-25T17:11:09.283000+00:00', 'large': False, 'application_command_counts': {}, 'voice_states': [], 'application_id': None, 'public_updates_channel_id': None, 'system_channel_id': '1409584396226527304', 'version': 1756141681833, 'system_channel_flags': 0, 'premium_subscription_count': 0, 'premium_progress_bar_enabled': False, 'safety_alerts_channel_id': None, 'activity_instances': [], 'roles': [{'version': 1756141508865, 'unicode_emoji': None, 'tags': {}, 'position': 0, 'permissions': '2248473465835073', 'name': '@everyone', 'mentionable': False, 'managed': False, 'id': '1409584395437740077', 'icon': None, 'hoist': False, 'flags': 0, 'colors': {'tertiary_color': None, 'secondary_color': None, 'primary_color': 0}, 'color': 0}, {'version': 1756171905906, 'unicode_emoji': None, 'tags': {'bot_id': '1409582897006117026'}, 'position': 2, 'permissions': '2815213892398144', 'name': 'youtube_tutorial', 'mentionable': False, 'managed': True, 'id': '1409585907538985143', 'icon': None, 'hoist': False, 'flags': 0, 'colors': {'tertiary_color': None, 'secondary_color': None, 'primary_color': 0}, 'color': 0}, {'version': 1756171904990, 'unicode_emoji': None, 'tags': {}, 'position': 1, 'permissions': '0', 'name': 'legends', 'mentionable': False, 'managed': False, 'id': '1409601424068710555', 'icon': None, 'hoist': False, 'flags': 0, 'colors': {'tertiary_color': None, 'secondary_color': None, 'primary_color': 15277667}, 'color': 15277667}], 'vanity_url_code': None}}
[2025-09-14 06:37:54] [DEBUG   ] discord.client: Dispatching event socket_event_type
[2025-09-14 06:37:55] [DEBUG   ] discord.gateway: For Shard ID None: WebSocket Event: {'t': 'GUILD_MEMBERS_CHUNK', 's': 3, 'op': 0, 'd': {'nonce': '2976dd0a0d5b7d19f9081003f84a05b4', 'members': [{'user': {'username': 'rishik_raj', 'public_flags': 0, 'primary_guild': None, 'id': '816992763223867424', 'global_name': 'Rishik', 'display_name_styles': None, 'display_name': 'Rishik', 'discriminator': '0', 'collectibles': None, 'bot': False, 'avatar_decoration_data': None, 'avatar': None}, 'roles': [], 'premium_since': None, 'pending': False, 'nick': None, 'mute': False, 'joined_at': '2025-08-25T17:52:28.415000+00:00', 'flags': 0, 'deaf': False, 'communication_disabled_until': None, 'banner': None, 'avatar': None}, {'user': {'username': 'saharsh8995', 'public_flags': 0, 'primary_guild': None, 'id': '1074144319486836786', 'global_name': 'Saharsh', 'display_name_styles': None, 'display_name': 'Saharsh', 'discriminator': '0', 'collectibles': None, 'bot': False, 'avatar_decoration_data': None, 'avatar': None}, 'roles': ['1409601424068710555'], 'premium_since': None, 'pending': False, 'nick': None, 'mute': False, 'joined_at': '2025-08-25T17:05:08.781000+00:00', 'flags': 0, 'deaf': False, 'communication_disabled_until': None, 'banner': None, 'avatar': None}, {'user': {'username': 'devpl322_02960', 'public_flags': 0, 'primary_guild': None, 'id': '1269100208109912166', 'global_name': 'Dev Narayan U', 'display_name_styles': None, 'display_name': 'Dev Narayan U', 'discriminator': '0', 'collectibles': None, 'bot': False, 'avatar_decoration_data': None, 'avatar': None}, 'roles': ['1409601424068710555'], 'premium_since': None, 'pending': False, 'nick': None, 'mute': False, 'joined_at': '2025-08-26T07:51:03.639000+00:00', 'flags': 0, 'deaf': False, 'communication_disabled_until': None, 'banner': None, 'avatar': None}, {'user': {'username': 'sarveshsudheer', 'public_flags': 0, 'primary_guild': None, 'id': '1396876177708154962', 'global_name': 'Sarvesh Sudheer', 'display_name_styles': None, 'display_name': 'Sarvesh Sudheer', 'discriminator': '0', 'collectibles': None, 'bot': False, 'avatar_decoration_data': None, 'avatar': '5445ffd7ffb201a98393cbdf684ea4b1'}, 'roles': ['1409601424068710555'], 'premium_since': None, 'pending': False, 'nick': None, 'mute': False, 'joined_at': '2025-08-26T02:32:36.857000+00:00', 'flags': 0, 'deaf': False, 'communication_disabled_until': None, 'banner': None, 'avatar': None}, {'user': {'username': 'LyricLounge', 'public_flags': 0, 'primary_guild': None, 'id': '1409582897006117026', 'global_name': None, 'display_name_styles': None, 'display_name': None, 'discriminator': '1906', 'collectibles': None, 'bot': True, 'avatar_decoration_data': None, 'avatar': None}, 'roles': ['1409585907538985143'], 'premium_since': None, 'pending': False, 'nick': None, 'mute': False, 'joined_at': '2025-08-25T17:11:09.283000+00:00', 'flags': 0, 'deaf': False, 'communication_disabled_until': None, 'banner': None, 'avatar': None}, {'user': {'username': 'merlin258', 'public_flags': 0, 'primary_guild': None, 'id': '1411726577225695243', 'global_name': 'Merlin', 'display_name_styles': None, 'display_name': 'Merlin', 'discriminator': '0', 'collectibles': None, 'bot': False, 'avatar_decoration_data': None, 'avatar': 'f90146757748c05c3c347d06f0f88bde'}, 'roles': [], 'premium_since': None, 'pending': False, 'nick': None, 'mute': False, 'joined_at': '2025-09-08T08:18:06.074000+00:00', 'flags': 0, 'deaf': False, 'communication_disabled_until': None, 'banner': None, 'avatar': None}], 'guild_id': '1409584395437740077', 'chunk_index': 0, 'chunk_count': 1}}
[2025-09-14 06:37:55] [DEBUG   ] discord.client: Dispatching event socket_event_type
[2025-09-14 06:37:55] [DEBUG   ] discord.state: Processed a chunk for 6 members in guild ID 1409584395437740077.
[2025-09-14 06:37:56] [DEBUG   ] discord.client: Dispatching event guild_available
[2025-09-14 06:37:56] [DEBUG   ] discord.client: Dispatching event ready
[2025-09-14 06:38:32] [DEBUG   ] discord.gateway: For Shard ID None: WebSocket Event: {'t': 'TYPING_START', 's': 4, 'op': 0, 'd': {'user_id': '1074144319486836786', 'timestamp': 1757812113, 'member': {'user': {'username': 'saharsh8995', 'public_flags': 0, 'primary_guild': None, 'id': '1074144319486836786', 'global_name': 'Saharsh', 'display_name_styles': None, 'display_name': 'Saharsh', 'discriminator': '0', 'collectibles': None, 'bot': False, 'avatar_decoration_data': None, 'avatar': None}, 'roles': ['1409601424068710555'], 'premium_since': None, 'pending': False, 'nick': None, 'mute': False, 'joined_at': '2025-08-25T17:05:08.781000+00:00', 'flags': 0, 'deaf': False, 'communication_disabled_until': None, 'banner': None, 'avatar': None}, 'channel_id': '1409585633638219947', 'guild_id': '1409584395437740077'}}
[2025-09-14 06:38:32] [DEBUG   ] discord.client: Dispatching event socket_event_type
[2025-09-14 06:38:32] [DEBUG   ] discord.client: Dispatching event typing
[2025-09-14 06:38:32] [DEBUG   ] discord.client: Dispatching event raw_typing
[2025-09-14 06:38:35] [DEBUG   ] discord.gateway: Keeping shard ID None websocket alive with sequence 4.
[2025-09-14 06:38:35] [DEBUG   ] discord.gateway: For Shard ID None: WebSocket Event: {'t': None, 's': None, 'op': 11, 'd': None}
[2025-09-14 06:38:38] [DEBUG   ] discord.gateway: For Shard ID None: WebSocket Event: {'t': 'MESSAGE_CREATE', 's': 5, 'op': 0, 'd': {'type': 0, 'tts': False, 'timestamp': '2025-09-14T01:08:39.364000+00:00', 'pinned': False, 'nonce': '1416591440963698688', 'mentions': [], 'mention_roles': [], 'mention_everyone': False, 'member': {'roles': ['1409601424068710555'], 'premium_since': None, 'pending': False, 'nick': None, 'mute': False, 'joined_at': '2025-08-25T17:05:08.781000+00:00', 'flags': 0, 'deaf': False, 'communication_disabled_until': None, 'banner': None, 'avatar': None}, 'id': '1416591444495433788', 'flags': 0, 'embeds': [], 'edited_timestamp': None, 'content': '/help', 'components': [], 'channel_type': 0, 'channel_id': '1409585633638219947', 'author': {'username': 'saharsh8995', 'public_flags': 0, 'primary_guild': None, 'id': '1074144319486836786', 'global_name': 'Saharsh', 'display_name_styles': None, 'discriminator': '0', 'collectibles': None, 'clan': None, 'avatar_decoration_data': None, 'avatar': None}, 'attachments': [], 'guild_id': '1409584395437740077'}}
[2025-09-14 06:38:38] [DEBUG   ] discord.client: Dispatching event socket_event_type
[2025-09-14 06:38:38] [DEBUG   ] discord.client: Dispatching event message
[2025-09-14 06:38:38] [DEBUG   ] discord.client: Dispatching event command
[2025-09-14 06:38:40] [DEBUG   ] discord.gateway: For Shard ID None: WebSocket Event: {'t': 'MESSAGE_CREATE', 's': 6, 'op': 0, 'd': {'type': 0, 'tts': False, 'timestamp': '2025-09-14T01:08:40.694000+00:00', 'pinned': False, 'nonce': '516109891051952357', 'mentions': [], 'mention_roles': [], 'mention_everyone': False, 'member': {'roles': ['1409585907538985143'], 'premium_since': None, 'pending': False, 'nick': None, 'mute': False, 'joined_at': '2025-08-25T17:11:09.283000+00:00', 'flags': 0, 'deaf': False, 'communication_disabled_until': None, 'banner': None, 'avatar': None}, 'id': '1416591450073993270', 'flags': 0, 'embeds': [], 'edited_timestamp': None, 'content': '```\n\u200bNo Category:\n  add    .\n  clear  .\n  help   Shows this message\n  lyrics .\n  remove .\n  search .\n  track  .\n  view   .\n\nType /help command for more info on a command.\nYou can also type /help category for more info on a category.\n```', 'components': [], 'channel_type': 0, 'channel_id': '1409585633638219947', 'author': {'username': 'LyricLounge', 'public_flags': 0, 'primary_guild': None, 'id': '1409582897006117026', 'global_name': None, 'display_name_styles': None, 'discriminator': '1906', 'collectibles': None, 'clan': None, 'bot': True, 'avatar_decoration_data': None, 'avatar': None}, 'attachments': [], 'guild_id': '1409584395437740077'}}
[2025-09-14 06:38:40] [DEBUG   ] discord.client: Dispatching event socket_event_type
[2025-09-14 06:38:40] [DEBUG   ] discord.client: Dispatching event message
[2025-09-14 06:38:40] [DEBUG   ] discord.http: POST https://discord.com/api/v10/channels/1409585633638219947/messages with {"content":"```\n\u200bNo Category:\n  add    .\n  clear  .\n  help   Shows this message\n  lyrics .\n  remove .\n  search .\n  track  .\n  view   .\n\nType /help command for more info on a command.\nYou can also type /help category for more info on a category.\n```","components":[],"nonce":"516109891051952357","enforce_nonce":true,"tts":false} has returned 200
[2025-09-14 06:38:40] [DEBUG   ] discord.http: POST /channels/{channel_id}/messages has found its initial rate limit bucket hash (3df15bae86f6647dd4dfcbd5c6949480).
[2025-09-14 06:38:40] [DEBUG   ] discord.http: POST https://discord.com/api/v10/channels/1409585633638219947/messages has received {'type': 0, 'content': '```\n\u200bNo Category:\n  add    .\n  clear  .\n  help   Shows this message\n  lyrics .\n  remove .\n  search .\n  track  .\n  view   .\n\nType /help command for more info on a command.\nYou can also type /help category for more info on a category.\n```', 'mentions': [], 'mention_roles': [], 'attachments': [], 'embeds': [], 'timestamp': '2025-09-14T01:08:40.694000+00:00', 'edited_timestamp': None, 'flags': 0, 'components': [], 'id': '1416591450073993270', 'channel_id': '1409585633638219947', 'author': {'id': '1409582897006117026', 'username': 'LyricLounge', 'avatar': None, 'discriminator': '1906', 'public_flags': 0, 'flags': 0, 'bot': True, 'banner': None, 'accent_color': None, 'global_name': None, 'avatar_decoration_data': None, 'collectibles': None, 'display_name_styles': None, 'banner_color': None, 'clan': None, 'primary_guild': None}, 'pinned': False, 'mention_everyone': False, 'tts': False, 'nonce': '516109891051952357'}
[2025-09-14 06:38:40] [DEBUG   ] discord.client: Dispatching event command_completion
[2025-09-14 06:39:16] [DEBUG   ] discord.gateway: Keeping shard ID None websocket alive with sequence 6.
[2025-09-14 06:39:16] [DEBUG   ] discord.gateway: For Shard ID None: WebSocket Event: {'t': None, 's': None, 'op': 11, 'd': None}
[2025-09-14 06:39:57] [DEBUG   ] discord.gateway: Keeping shard ID None websocket alive with sequence 6.
[2025-09-14 06:39:58] [DEBUG   ] discord.gateway: For Shard ID None: WebSocket Event: {'t': None, 's': None, 'op': 11, 'd': None}
[2025-09-14 06:40:38] [DEBUG   ] discord.gateway: Keeping shard ID None websocket alive with sequence 6.
[2025-09-14 06:40:39] [DEBUG   ] discord.gateway: For Shard ID None: WebSocket Event: {'t': None, 's': None, 'op': 11, 'd': None}
[2025-09-14 06:41:20] [DEBUG   ] discord.gateway: Keeping shard ID None websocket alive with sequence 6.
[2025-09-14 06:41:20] [DEBUG   ] discord.gateway: For Shard ID None: WebSocket Event: {'t': None, 's': None, 'op': 11, 'd': None}
[2025-09-14 06:42:01] [DEBUG   ] discord.gateway: Keeping shard ID None websocket alive with sequence 6.
[2025-09-14 06:42:01] [DEBUG   ] discord.gateway: For Shard ID None: WebSocket Event: {'t': None, 's': None, 'op': 11, 'd': None}
[2025-09-14 06:42:42] [DEBUG   ] discord.gateway: Keeping shard ID None websocket alive with sequence 6.
[2025-09-14 06:42:43] [DEBUG   ] discord.gateway: For Shard ID None: WebSocket Event: {'t': None, 's': None, 'op': 11, 'd': None}
[2025-09-14 06:43:23] [DEBUG   ] discord.gateway: Keeping shard ID None websocket alive with sequence 6.
[2025-09-14 06:43:24] [DEBUG   ] discord.gateway: For Shard ID None: WebSocket Event: {'t': None, 's': None, 'op': 11, 'd': None}
[2025-09-14 06:44:05] [DEBUG   ] discord.gateway: Keeping shard ID None websocket alive with sequence 6.
[2025-09-14 06:44:05] [DEBUG   ] discord.gateway: For Shard ID None: WebSocket Event: {'t': None, 's': None, 'op': 11, 'd': None}
[2025-09-14 06:44:46] [DEBUG   ] discord.gateway: Keeping shard ID None websocket alive with sequence 6.
[2025-09-14 06:44:46] [DEBUG   ] discord.gateway: For Shard ID None: WebSocket Event: {'t': None, 's': None, 'op': 11, 'd': None}
[2025-09-14 06:45:27] [DEBUG   ] discord.gateway: Keeping shard ID None websocket alive with sequence 6.
[2025-09-14 06:45:28] [DEBUG   ] discord.gateway: For Shard ID None: WebSocket Event: {'t': None, 's': None, 'op': 11, 'd': None}
[2025-09-14 11:00:19] [DEBUG   ] discord.gateway: Keeping shard ID None websocket alive with sequence 6.
[2025-09-14 11:00:38] [DEBUG   ] discord.gateway: Timed out receiving packet. Attempting a reconnect.
[2025-09-14 11:00:38] [DEBUG   ] discord.client: Got a request to RESUME the websocket.
[2025-09-14 11:00:38] [DEBUG   ] discord.client: Dispatching event disconnect
[2025-09-14 11:00:38] [DEBUG   ] discord.client: Dispatching event disconnect
[2025-09-14 11:00:38] [ERROR   ] discord.client: Attempting a reconnect in 0.94s
Traceback (most recent call last):
  File "/home/saharsh-baiju/amfoss-tasks/task-06/music_bot_env/lib/python3.12/site-packages/aiohttp/connector.py", line 1532, in _create_direct_connection
    hosts = await self._resolve_host(host, port, traces=traces)
            ^^^^^^^^^^^^^^^^^^^^^^^^^^^^^^^^^^^^^^^^^^^^^^^^^^^
  File "/home/saharsh-baiju/amfoss-tasks/task-06/music_bot_env/lib/python3.12/site-packages/aiohttp/connector.py", line 1148, in _resolve_host
    return await asyncio.shield(resolved_host_task)
           ^^^^^^^^^^^^^^^^^^^^^^^^^^^^^^^^^^^^^^^^
  File "/home/saharsh-baiju/amfoss-tasks/task-06/music_bot_env/lib/python3.12/site-packages/aiohttp/connector.py", line 1179, in _resolve_host_with_throttle
    addrs = await self._resolver.resolve(host, port, family=self._family)
            ^^^^^^^^^^^^^^^^^^^^^^^^^^^^^^^^^^^^^^^^^^^^^^^^^^^^^^^^^^^^^
  File "/home/saharsh-baiju/amfoss-tasks/task-06/music_bot_env/lib/python3.12/site-packages/aiohttp/resolver.py", line 40, in resolve
    infos = await self._loop.getaddrinfo(
            ^^^^^^^^^^^^^^^^^^^^^^^^^^^^^
  File "/usr/lib/python3.12/asyncio/base_events.py", line 901, in getaddrinfo
    return await self.run_in_executor(
           ^^^^^^^^^^^^^^^^^^^^^^^^^^^
  File "/usr/lib/python3.12/concurrent/futures/thread.py", line 58, in run
    result = self.fn(*self.args, **self.kwargs)
             ^^^^^^^^^^^^^^^^^^^^^^^^^^^^^^^^^^
  File "/usr/lib/python3.12/socket.py", line 963, in getaddrinfo
    for res in _socket.getaddrinfo(host, port, family, type, proto, flags):
               ^^^^^^^^^^^^^^^^^^^^^^^^^^^^^^^^^^^^^^^^^^^^^^^^^^^^^^^^^^^
socket.gaierror: [Errno -5] No address associated with hostname

The above exception was the direct cause of the following exception:

Traceback (most recent call last):
  File "/home/saharsh-baiju/amfoss-tasks/task-06/music_bot_env/lib/python3.12/site-packages/discord/client.py", line 724, in connect
    self.ws = await asyncio.wait_for(coro, timeout=60.0)
              ^^^^^^^^^^^^^^^^^^^^^^^^^^^^^^^^^^^^^^^^^^
  File "/usr/lib/python3.12/asyncio/tasks.py", line 520, in wait_for
    return await fut
           ^^^^^^^^^
  File "/home/saharsh-baiju/amfoss-tasks/task-06/music_bot_env/lib/python3.12/site-packages/discord/gateway.py", line 383, in from_client
    socket = await client.http.ws_connect(str(url))
             ^^^^^^^^^^^^^^^^^^^^^^^^^^^^^^^^^^^^^^
  File "/home/saharsh-baiju/amfoss-tasks/task-06/music_bot_env/lib/python3.12/site-packages/discord/http.py", line 566, in ws_connect
    return await self.__session.ws_connect(url, **kwargs)
           ^^^^^^^^^^^^^^^^^^^^^^^^^^^^^^^^^^^^^^^^^^^^^^
  File "/home/saharsh-baiju/amfoss-tasks/task-06/music_bot_env/lib/python3.12/site-packages/aiohttp/client.py", line 1067, in _ws_connect
    resp = await self.request(
           ^^^^^^^^^^^^^^^^^^^
  File "/home/saharsh-baiju/amfoss-tasks/task-06/music_bot_env/lib/python3.12/site-packages/aiohttp/client.py", line 770, in _request
    resp = await handler(req)
           ^^^^^^^^^^^^^^^^^^
  File "/home/saharsh-baiju/amfoss-tasks/task-06/music_bot_env/lib/python3.12/site-packages/aiohttp/client.py", line 725, in _connect_and_send_request
    conn = await self._connector.connect(
           ^^^^^^^^^^^^^^^^^^^^^^^^^^^^^^
  File "/home/saharsh-baiju/amfoss-tasks/task-06/music_bot_env/lib/python3.12/site-packages/aiohttp/connector.py", line 642, in connect
    proto = await self._create_connection(req, traces, timeout)
            ^^^^^^^^^^^^^^^^^^^^^^^^^^^^^^^^^^^^^^^^^^^^^^^^^^^
  File "/home/saharsh-baiju/amfoss-tasks/task-06/music_bot_env/lib/python3.12/site-packages/aiohttp/connector.py", line 1209, in _create_connection
    _, proto = await self._create_direct_connection(req, traces, timeout)
               ^^^^^^^^^^^^^^^^^^^^^^^^^^^^^^^^^^^^^^^^^^^^^^^^^^^^^^^^^^
  File "/home/saharsh-baiju/amfoss-tasks/task-06/music_bot_env/lib/python3.12/site-packages/aiohttp/connector.py", line 1538, in _create_direct_connection
    raise ClientConnectorDNSError(req.connection_key, exc) from exc
aiohttp.client_exceptions.ClientConnectorDNSError: Cannot connect to host gateway-us-east1-c.discord.gg:443 ssl:default [No address associated with hostname]
[2025-09-14 11:00:39] [DEBUG   ] discord.client: Dispatching event disconnect
[2025-09-14 11:00:39] [ERROR   ] discord.client: Attempting a reconnect in 2.92s
Traceback (most recent call last):
  File "/home/saharsh-baiju/amfoss-tasks/task-06/music_bot_env/lib/python3.12/site-packages/aiohttp/connector.py", line 1532, in _create_direct_connection
    hosts = await self._resolve_host(host, port, traces=traces)
            ^^^^^^^^^^^^^^^^^^^^^^^^^^^^^^^^^^^^^^^^^^^^^^^^^^^
  File "/home/saharsh-baiju/amfoss-tasks/task-06/music_bot_env/lib/python3.12/site-packages/aiohttp/connector.py", line 1148, in _resolve_host
    return await asyncio.shield(resolved_host_task)
           ^^^^^^^^^^^^^^^^^^^^^^^^^^^^^^^^^^^^^^^^
  File "/home/saharsh-baiju/amfoss-tasks/task-06/music_bot_env/lib/python3.12/site-packages/aiohttp/connector.py", line 1179, in _resolve_host_with_throttle
    addrs = await self._resolver.resolve(host, port, family=self._family)
            ^^^^^^^^^^^^^^^^^^^^^^^^^^^^^^^^^^^^^^^^^^^^^^^^^^^^^^^^^^^^^
  File "/home/saharsh-baiju/amfoss-tasks/task-06/music_bot_env/lib/python3.12/site-packages/aiohttp/resolver.py", line 40, in resolve
    infos = await self._loop.getaddrinfo(
            ^^^^^^^^^^^^^^^^^^^^^^^^^^^^^
  File "/usr/lib/python3.12/asyncio/base_events.py", line 901, in getaddrinfo
    return await self.run_in_executor(
           ^^^^^^^^^^^^^^^^^^^^^^^^^^^
  File "/usr/lib/python3.12/concurrent/futures/thread.py", line 58, in run
    result = self.fn(*self.args, **self.kwargs)
             ^^^^^^^^^^^^^^^^^^^^^^^^^^^^^^^^^^
  File "/usr/lib/python3.12/socket.py", line 963, in getaddrinfo
    for res in _socket.getaddrinfo(host, port, family, type, proto, flags):
               ^^^^^^^^^^^^^^^^^^^^^^^^^^^^^^^^^^^^^^^^^^^^^^^^^^^^^^^^^^^
socket.gaierror: [Errno -5] No address associated with hostname

The above exception was the direct cause of the following exception:

Traceback (most recent call last):
  File "/home/saharsh-baiju/amfoss-tasks/task-06/music_bot_env/lib/python3.12/site-packages/discord/client.py", line 724, in connect
    self.ws = await asyncio.wait_for(coro, timeout=60.0)
              ^^^^^^^^^^^^^^^^^^^^^^^^^^^^^^^^^^^^^^^^^^
  File "/usr/lib/python3.12/asyncio/tasks.py", line 520, in wait_for
    return await fut
           ^^^^^^^^^
  File "/home/saharsh-baiju/amfoss-tasks/task-06/music_bot_env/lib/python3.12/site-packages/discord/gateway.py", line 383, in from_client
    socket = await client.http.ws_connect(str(url))
             ^^^^^^^^^^^^^^^^^^^^^^^^^^^^^^^^^^^^^^
  File "/home/saharsh-baiju/amfoss-tasks/task-06/music_bot_env/lib/python3.12/site-packages/discord/http.py", line 566, in ws_connect
    return await self.__session.ws_connect(url, **kwargs)
           ^^^^^^^^^^^^^^^^^^^^^^^^^^^^^^^^^^^^^^^^^^^^^^
  File "/home/saharsh-baiju/amfoss-tasks/task-06/music_bot_env/lib/python3.12/site-packages/aiohttp/client.py", line 1067, in _ws_connect
    resp = await self.request(
           ^^^^^^^^^^^^^^^^^^^
  File "/home/saharsh-baiju/amfoss-tasks/task-06/music_bot_env/lib/python3.12/site-packages/aiohttp/client.py", line 770, in _request
    resp = await handler(req)
           ^^^^^^^^^^^^^^^^^^
  File "/home/saharsh-baiju/amfoss-tasks/task-06/music_bot_env/lib/python3.12/site-packages/aiohttp/client.py", line 725, in _connect_and_send_request
    conn = await self._connector.connect(
           ^^^^^^^^^^^^^^^^^^^^^^^^^^^^^^
  File "/home/saharsh-baiju/amfoss-tasks/task-06/music_bot_env/lib/python3.12/site-packages/aiohttp/connector.py", line 642, in connect
    proto = await self._create_connection(req, traces, timeout)
            ^^^^^^^^^^^^^^^^^^^^^^^^^^^^^^^^^^^^^^^^^^^^^^^^^^^
  File "/home/saharsh-baiju/amfoss-tasks/task-06/music_bot_env/lib/python3.12/site-packages/aiohttp/connector.py", line 1209, in _create_connection
    _, proto = await self._create_direct_connection(req, traces, timeout)
               ^^^^^^^^^^^^^^^^^^^^^^^^^^^^^^^^^^^^^^^^^^^^^^^^^^^^^^^^^^
  File "/home/saharsh-baiju/amfoss-tasks/task-06/music_bot_env/lib/python3.12/site-packages/aiohttp/connector.py", line 1538, in _create_direct_connection
    raise ClientConnectorDNSError(req.connection_key, exc) from exc
aiohttp.client_exceptions.ClientConnectorDNSError: Cannot connect to host gateway-us-east1-c.discord.gg:443 ssl:default [No address associated with hostname]
[2025-09-14 11:00:42] [DEBUG   ] discord.client: Dispatching event disconnect
[2025-09-14 11:00:42] [ERROR   ] discord.client: Attempting a reconnect in 4.99s
Traceback (most recent call last):
  File "/home/saharsh-baiju/amfoss-tasks/task-06/music_bot_env/lib/python3.12/site-packages/aiohttp/connector.py", line 1532, in _create_direct_connection
    hosts = await self._resolve_host(host, port, traces=traces)
            ^^^^^^^^^^^^^^^^^^^^^^^^^^^^^^^^^^^^^^^^^^^^^^^^^^^
  File "/home/saharsh-baiju/amfoss-tasks/task-06/music_bot_env/lib/python3.12/site-packages/aiohttp/connector.py", line 1148, in _resolve_host
    return await asyncio.shield(resolved_host_task)
           ^^^^^^^^^^^^^^^^^^^^^^^^^^^^^^^^^^^^^^^^
  File "/home/saharsh-baiju/amfoss-tasks/task-06/music_bot_env/lib/python3.12/site-packages/aiohttp/connector.py", line 1179, in _resolve_host_with_throttle
    addrs = await self._resolver.resolve(host, port, family=self._family)
            ^^^^^^^^^^^^^^^^^^^^^^^^^^^^^^^^^^^^^^^^^^^^^^^^^^^^^^^^^^^^^
  File "/home/saharsh-baiju/amfoss-tasks/task-06/music_bot_env/lib/python3.12/site-packages/aiohttp/resolver.py", line 40, in resolve
    infos = await self._loop.getaddrinfo(
            ^^^^^^^^^^^^^^^^^^^^^^^^^^^^^
  File "/usr/lib/python3.12/asyncio/base_events.py", line 901, in getaddrinfo
    return await self.run_in_executor(
           ^^^^^^^^^^^^^^^^^^^^^^^^^^^
  File "/usr/lib/python3.12/concurrent/futures/thread.py", line 58, in run
    result = self.fn(*self.args, **self.kwargs)
             ^^^^^^^^^^^^^^^^^^^^^^^^^^^^^^^^^^
  File "/usr/lib/python3.12/socket.py", line 963, in getaddrinfo
    for res in _socket.getaddrinfo(host, port, family, type, proto, flags):
               ^^^^^^^^^^^^^^^^^^^^^^^^^^^^^^^^^^^^^^^^^^^^^^^^^^^^^^^^^^^
socket.gaierror: [Errno -5] No address associated with hostname

The above exception was the direct cause of the following exception:

Traceback (most recent call last):
  File "/home/saharsh-baiju/amfoss-tasks/task-06/music_bot_env/lib/python3.12/site-packages/discord/client.py", line 724, in connect
    self.ws = await asyncio.wait_for(coro, timeout=60.0)
              ^^^^^^^^^^^^^^^^^^^^^^^^^^^^^^^^^^^^^^^^^^
  File "/usr/lib/python3.12/asyncio/tasks.py", line 520, in wait_for
    return await fut
           ^^^^^^^^^
  File "/home/saharsh-baiju/amfoss-tasks/task-06/music_bot_env/lib/python3.12/site-packages/discord/gateway.py", line 383, in from_client
    socket = await client.http.ws_connect(str(url))
             ^^^^^^^^^^^^^^^^^^^^^^^^^^^^^^^^^^^^^^
  File "/home/saharsh-baiju/amfoss-tasks/task-06/music_bot_env/lib/python3.12/site-packages/discord/http.py", line 566, in ws_connect
    return await self.__session.ws_connect(url, **kwargs)
           ^^^^^^^^^^^^^^^^^^^^^^^^^^^^^^^^^^^^^^^^^^^^^^
  File "/home/saharsh-baiju/amfoss-tasks/task-06/music_bot_env/lib/python3.12/site-packages/aiohttp/client.py", line 1067, in _ws_connect
    resp = await self.request(
           ^^^^^^^^^^^^^^^^^^^
  File "/home/saharsh-baiju/amfoss-tasks/task-06/music_bot_env/lib/python3.12/site-packages/aiohttp/client.py", line 770, in _request
    resp = await handler(req)
           ^^^^^^^^^^^^^^^^^^
  File "/home/saharsh-baiju/amfoss-tasks/task-06/music_bot_env/lib/python3.12/site-packages/aiohttp/client.py", line 725, in _connect_and_send_request
    conn = await self._connector.connect(
           ^^^^^^^^^^^^^^^^^^^^^^^^^^^^^^
  File "/home/saharsh-baiju/amfoss-tasks/task-06/music_bot_env/lib/python3.12/site-packages/aiohttp/connector.py", line 642, in connect
    proto = await self._create_connection(req, traces, timeout)
            ^^^^^^^^^^^^^^^^^^^^^^^^^^^^^^^^^^^^^^^^^^^^^^^^^^^
  File "/home/saharsh-baiju/amfoss-tasks/task-06/music_bot_env/lib/python3.12/site-packages/aiohttp/connector.py", line 1209, in _create_connection
    _, proto = await self._create_direct_connection(req, traces, timeout)
               ^^^^^^^^^^^^^^^^^^^^^^^^^^^^^^^^^^^^^^^^^^^^^^^^^^^^^^^^^^
  File "/home/saharsh-baiju/amfoss-tasks/task-06/music_bot_env/lib/python3.12/site-packages/aiohttp/connector.py", line 1538, in _create_direct_connection
    raise ClientConnectorDNSError(req.connection_key, exc) from exc
aiohttp.client_exceptions.ClientConnectorDNSError: Cannot connect to host gateway-us-east1-c.discord.gg:443 ssl:default [No address associated with hostname]
[2025-09-14 11:00:47] [DEBUG   ] discord.client: Dispatching event disconnect
[2025-09-14 11:00:47] [ERROR   ] discord.client: Attempting a reconnect in 2.59s
Traceback (most recent call last):
  File "/home/saharsh-baiju/amfoss-tasks/task-06/music_bot_env/lib/python3.12/site-packages/aiohttp/connector.py", line 1532, in _create_direct_connection
    hosts = await self._resolve_host(host, port, traces=traces)
            ^^^^^^^^^^^^^^^^^^^^^^^^^^^^^^^^^^^^^^^^^^^^^^^^^^^
  File "/home/saharsh-baiju/amfoss-tasks/task-06/music_bot_env/lib/python3.12/site-packages/aiohttp/connector.py", line 1148, in _resolve_host
    return await asyncio.shield(resolved_host_task)
           ^^^^^^^^^^^^^^^^^^^^^^^^^^^^^^^^^^^^^^^^
  File "/home/saharsh-baiju/amfoss-tasks/task-06/music_bot_env/lib/python3.12/site-packages/aiohttp/connector.py", line 1179, in _resolve_host_with_throttle
    addrs = await self._resolver.resolve(host, port, family=self._family)
            ^^^^^^^^^^^^^^^^^^^^^^^^^^^^^^^^^^^^^^^^^^^^^^^^^^^^^^^^^^^^^
  File "/home/saharsh-baiju/amfoss-tasks/task-06/music_bot_env/lib/python3.12/site-packages/aiohttp/resolver.py", line 40, in resolve
    infos = await self._loop.getaddrinfo(
            ^^^^^^^^^^^^^^^^^^^^^^^^^^^^^
  File "/usr/lib/python3.12/asyncio/base_events.py", line 901, in getaddrinfo
    return await self.run_in_executor(
           ^^^^^^^^^^^^^^^^^^^^^^^^^^^
  File "/usr/lib/python3.12/concurrent/futures/thread.py", line 58, in run
    result = self.fn(*self.args, **self.kwargs)
             ^^^^^^^^^^^^^^^^^^^^^^^^^^^^^^^^^^
  File "/usr/lib/python3.12/socket.py", line 963, in getaddrinfo
    for res in _socket.getaddrinfo(host, port, family, type, proto, flags):
               ^^^^^^^^^^^^^^^^^^^^^^^^^^^^^^^^^^^^^^^^^^^^^^^^^^^^^^^^^^^
socket.gaierror: [Errno -5] No address associated with hostname

The above exception was the direct cause of the following exception:

Traceback (most recent call last):
  File "/home/saharsh-baiju/amfoss-tasks/task-06/music_bot_env/lib/python3.12/site-packages/discord/client.py", line 724, in connect
    self.ws = await asyncio.wait_for(coro, timeout=60.0)
              ^^^^^^^^^^^^^^^^^^^^^^^^^^^^^^^^^^^^^^^^^^
  File "/usr/lib/python3.12/asyncio/tasks.py", line 520, in wait_for
    return await fut
           ^^^^^^^^^
  File "/home/saharsh-baiju/amfoss-tasks/task-06/music_bot_env/lib/python3.12/site-packages/discord/gateway.py", line 383, in from_client
    socket = await client.http.ws_connect(str(url))
             ^^^^^^^^^^^^^^^^^^^^^^^^^^^^^^^^^^^^^^
  File "/home/saharsh-baiju/amfoss-tasks/task-06/music_bot_env/lib/python3.12/site-packages/discord/http.py", line 566, in ws_connect
    return await self.__session.ws_connect(url, **kwargs)
           ^^^^^^^^^^^^^^^^^^^^^^^^^^^^^^^^^^^^^^^^^^^^^^
  File "/home/saharsh-baiju/amfoss-tasks/task-06/music_bot_env/lib/python3.12/site-packages/aiohttp/client.py", line 1067, in _ws_connect
    resp = await self.request(
           ^^^^^^^^^^^^^^^^^^^
  File "/home/saharsh-baiju/amfoss-tasks/task-06/music_bot_env/lib/python3.12/site-packages/aiohttp/client.py", line 770, in _request
    resp = await handler(req)
           ^^^^^^^^^^^^^^^^^^
  File "/home/saharsh-baiju/amfoss-tasks/task-06/music_bot_env/lib/python3.12/site-packages/aiohttp/client.py", line 725, in _connect_and_send_request
    conn = await self._connector.connect(
           ^^^^^^^^^^^^^^^^^^^^^^^^^^^^^^
  File "/home/saharsh-baiju/amfoss-tasks/task-06/music_bot_env/lib/python3.12/site-packages/aiohttp/connector.py", line 642, in connect
    proto = await self._create_connection(req, traces, timeout)
            ^^^^^^^^^^^^^^^^^^^^^^^^^^^^^^^^^^^^^^^^^^^^^^^^^^^
  File "/home/saharsh-baiju/amfoss-tasks/task-06/music_bot_env/lib/python3.12/site-packages/aiohttp/connector.py", line 1209, in _create_connection
    _, proto = await self._create_direct_connection(req, traces, timeout)
               ^^^^^^^^^^^^^^^^^^^^^^^^^^^^^^^^^^^^^^^^^^^^^^^^^^^^^^^^^^
  File "/home/saharsh-baiju/amfoss-tasks/task-06/music_bot_env/lib/python3.12/site-packages/aiohttp/connector.py", line 1538, in _create_direct_connection
    raise ClientConnectorDNSError(req.connection_key, exc) from exc
aiohttp.client_exceptions.ClientConnectorDNSError: Cannot connect to host gateway-us-east1-c.discord.gg:443 ssl:default [No address associated with hostname]
[2025-09-14 11:00:50] [DEBUG   ] discord.client: Dispatching event disconnect
[2025-09-14 11:00:50] [ERROR   ] discord.client: Attempting a reconnect in 21.27s
Traceback (most recent call last):
  File "/home/saharsh-baiju/amfoss-tasks/task-06/music_bot_env/lib/python3.12/site-packages/aiohttp/connector.py", line 1532, in _create_direct_connection
    hosts = await self._resolve_host(host, port, traces=traces)
            ^^^^^^^^^^^^^^^^^^^^^^^^^^^^^^^^^^^^^^^^^^^^^^^^^^^
  File "/home/saharsh-baiju/amfoss-tasks/task-06/music_bot_env/lib/python3.12/site-packages/aiohttp/connector.py", line 1148, in _resolve_host
    return await asyncio.shield(resolved_host_task)
           ^^^^^^^^^^^^^^^^^^^^^^^^^^^^^^^^^^^^^^^^
  File "/home/saharsh-baiju/amfoss-tasks/task-06/music_bot_env/lib/python3.12/site-packages/aiohttp/connector.py", line 1179, in _resolve_host_with_throttle
    addrs = await self._resolver.resolve(host, port, family=self._family)
            ^^^^^^^^^^^^^^^^^^^^^^^^^^^^^^^^^^^^^^^^^^^^^^^^^^^^^^^^^^^^^
  File "/home/saharsh-baiju/amfoss-tasks/task-06/music_bot_env/lib/python3.12/site-packages/aiohttp/resolver.py", line 40, in resolve
    infos = await self._loop.getaddrinfo(
            ^^^^^^^^^^^^^^^^^^^^^^^^^^^^^
  File "/usr/lib/python3.12/asyncio/base_events.py", line 901, in getaddrinfo
    return await self.run_in_executor(
           ^^^^^^^^^^^^^^^^^^^^^^^^^^^
  File "/usr/lib/python3.12/concurrent/futures/thread.py", line 58, in run
    result = self.fn(*self.args, **self.kwargs)
             ^^^^^^^^^^^^^^^^^^^^^^^^^^^^^^^^^^
  File "/usr/lib/python3.12/socket.py", line 963, in getaddrinfo
    for res in _socket.getaddrinfo(host, port, family, type, proto, flags):
               ^^^^^^^^^^^^^^^^^^^^^^^^^^^^^^^^^^^^^^^^^^^^^^^^^^^^^^^^^^^
socket.gaierror: [Errno -5] No address associated with hostname

The above exception was the direct cause of the following exception:

Traceback (most recent call last):
  File "/home/saharsh-baiju/amfoss-tasks/task-06/music_bot_env/lib/python3.12/site-packages/discord/client.py", line 724, in connect
    self.ws = await asyncio.wait_for(coro, timeout=60.0)
              ^^^^^^^^^^^^^^^^^^^^^^^^^^^^^^^^^^^^^^^^^^
  File "/usr/lib/python3.12/asyncio/tasks.py", line 520, in wait_for
    return await fut
           ^^^^^^^^^
  File "/home/saharsh-baiju/amfoss-tasks/task-06/music_bot_env/lib/python3.12/site-packages/discord/gateway.py", line 383, in from_client
    socket = await client.http.ws_connect(str(url))
             ^^^^^^^^^^^^^^^^^^^^^^^^^^^^^^^^^^^^^^
  File "/home/saharsh-baiju/amfoss-tasks/task-06/music_bot_env/lib/python3.12/site-packages/discord/http.py", line 566, in ws_connect
    return await self.__session.ws_connect(url, **kwargs)
           ^^^^^^^^^^^^^^^^^^^^^^^^^^^^^^^^^^^^^^^^^^^^^^
  File "/home/saharsh-baiju/amfoss-tasks/task-06/music_bot_env/lib/python3.12/site-packages/aiohttp/client.py", line 1067, in _ws_connect
    resp = await self.request(
           ^^^^^^^^^^^^^^^^^^^
  File "/home/saharsh-baiju/amfoss-tasks/task-06/music_bot_env/lib/python3.12/site-packages/aiohttp/client.py", line 770, in _request
    resp = await handler(req)
           ^^^^^^^^^^^^^^^^^^
  File "/home/saharsh-baiju/amfoss-tasks/task-06/music_bot_env/lib/python3.12/site-packages/aiohttp/client.py", line 725, in _connect_and_send_request
    conn = await self._connector.connect(
           ^^^^^^^^^^^^^^^^^^^^^^^^^^^^^^
  File "/home/saharsh-baiju/amfoss-tasks/task-06/music_bot_env/lib/python3.12/site-packages/aiohttp/connector.py", line 642, in connect
    proto = await self._create_connection(req, traces, timeout)
            ^^^^^^^^^^^^^^^^^^^^^^^^^^^^^^^^^^^^^^^^^^^^^^^^^^^
  File "/home/saharsh-baiju/amfoss-tasks/task-06/music_bot_env/lib/python3.12/site-packages/aiohttp/connector.py", line 1209, in _create_connection
    _, proto = await self._create_direct_connection(req, traces, timeout)
               ^^^^^^^^^^^^^^^^^^^^^^^^^^^^^^^^^^^^^^^^^^^^^^^^^^^^^^^^^^
  File "/home/saharsh-baiju/amfoss-tasks/task-06/music_bot_env/lib/python3.12/site-packages/aiohttp/connector.py", line 1538, in _create_direct_connection
    raise ClientConnectorDNSError(req.connection_key, exc) from exc
aiohttp.client_exceptions.ClientConnectorDNSError: Cannot connect to host gateway-us-east1-c.discord.gg:443 ssl:default [No address associated with hostname]
[2025-09-14 11:01:11] [DEBUG   ] discord.client: Dispatching event disconnect
[2025-09-14 11:01:11] [ERROR   ] discord.client: Attempting a reconnect in 32.45s
Traceback (most recent call last):
  File "/home/saharsh-baiju/amfoss-tasks/task-06/music_bot_env/lib/python3.12/site-packages/aiohttp/connector.py", line 1532, in _create_direct_connection
    hosts = await self._resolve_host(host, port, traces=traces)
            ^^^^^^^^^^^^^^^^^^^^^^^^^^^^^^^^^^^^^^^^^^^^^^^^^^^
  File "/home/saharsh-baiju/amfoss-tasks/task-06/music_bot_env/lib/python3.12/site-packages/aiohttp/connector.py", line 1148, in _resolve_host
    return await asyncio.shield(resolved_host_task)
           ^^^^^^^^^^^^^^^^^^^^^^^^^^^^^^^^^^^^^^^^
  File "/home/saharsh-baiju/amfoss-tasks/task-06/music_bot_env/lib/python3.12/site-packages/aiohttp/connector.py", line 1179, in _resolve_host_with_throttle
    addrs = await self._resolver.resolve(host, port, family=self._family)
            ^^^^^^^^^^^^^^^^^^^^^^^^^^^^^^^^^^^^^^^^^^^^^^^^^^^^^^^^^^^^^
  File "/home/saharsh-baiju/amfoss-tasks/task-06/music_bot_env/lib/python3.12/site-packages/aiohttp/resolver.py", line 40, in resolve
    infos = await self._loop.getaddrinfo(
            ^^^^^^^^^^^^^^^^^^^^^^^^^^^^^
  File "/usr/lib/python3.12/asyncio/base_events.py", line 901, in getaddrinfo
    return await self.run_in_executor(
           ^^^^^^^^^^^^^^^^^^^^^^^^^^^
  File "/usr/lib/python3.12/concurrent/futures/thread.py", line 58, in run
    result = self.fn(*self.args, **self.kwargs)
             ^^^^^^^^^^^^^^^^^^^^^^^^^^^^^^^^^^
  File "/usr/lib/python3.12/socket.py", line 963, in getaddrinfo
    for res in _socket.getaddrinfo(host, port, family, type, proto, flags):
               ^^^^^^^^^^^^^^^^^^^^^^^^^^^^^^^^^^^^^^^^^^^^^^^^^^^^^^^^^^^
socket.gaierror: [Errno -5] No address associated with hostname

The above exception was the direct cause of the following exception:

Traceback (most recent call last):
  File "/home/saharsh-baiju/amfoss-tasks/task-06/music_bot_env/lib/python3.12/site-packages/discord/client.py", line 724, in connect
    self.ws = await asyncio.wait_for(coro, timeout=60.0)
              ^^^^^^^^^^^^^^^^^^^^^^^^^^^^^^^^^^^^^^^^^^
  File "/usr/lib/python3.12/asyncio/tasks.py", line 520, in wait_for
    return await fut
           ^^^^^^^^^
  File "/home/saharsh-baiju/amfoss-tasks/task-06/music_bot_env/lib/python3.12/site-packages/discord/gateway.py", line 383, in from_client
    socket = await client.http.ws_connect(str(url))
             ^^^^^^^^^^^^^^^^^^^^^^^^^^^^^^^^^^^^^^
  File "/home/saharsh-baiju/amfoss-tasks/task-06/music_bot_env/lib/python3.12/site-packages/discord/http.py", line 566, in ws_connect
    return await self.__session.ws_connect(url, **kwargs)
           ^^^^^^^^^^^^^^^^^^^^^^^^^^^^^^^^^^^^^^^^^^^^^^
  File "/home/saharsh-baiju/amfoss-tasks/task-06/music_bot_env/lib/python3.12/site-packages/aiohttp/client.py", line 1067, in _ws_connect
    resp = await self.request(
           ^^^^^^^^^^^^^^^^^^^
  File "/home/saharsh-baiju/amfoss-tasks/task-06/music_bot_env/lib/python3.12/site-packages/aiohttp/client.py", line 770, in _request
    resp = await handler(req)
           ^^^^^^^^^^^^^^^^^^
  File "/home/saharsh-baiju/amfoss-tasks/task-06/music_bot_env/lib/python3.12/site-packages/aiohttp/client.py", line 725, in _connect_and_send_request
    conn = await self._connector.connect(
           ^^^^^^^^^^^^^^^^^^^^^^^^^^^^^^
  File "/home/saharsh-baiju/amfoss-tasks/task-06/music_bot_env/lib/python3.12/site-packages/aiohttp/connector.py", line 642, in connect
    proto = await self._create_connection(req, traces, timeout)
            ^^^^^^^^^^^^^^^^^^^^^^^^^^^^^^^^^^^^^^^^^^^^^^^^^^^
  File "/home/saharsh-baiju/amfoss-tasks/task-06/music_bot_env/lib/python3.12/site-packages/aiohttp/connector.py", line 1209, in _create_connection
    _, proto = await self._create_direct_connection(req, traces, timeout)
               ^^^^^^^^^^^^^^^^^^^^^^^^^^^^^^^^^^^^^^^^^^^^^^^^^^^^^^^^^^
  File "/home/saharsh-baiju/amfoss-tasks/task-06/music_bot_env/lib/python3.12/site-packages/aiohttp/connector.py", line 1538, in _create_direct_connection
    raise ClientConnectorDNSError(req.connection_key, exc) from exc
aiohttp.client_exceptions.ClientConnectorDNSError: Cannot connect to host gateway-us-east1-c.discord.gg:443 ssl:default [No address associated with hostname]
[2025-09-14 11:01:44] [DEBUG   ] discord.client: Dispatching event disconnect
[2025-09-14 11:01:44] [ERROR   ] discord.client: Attempting a reconnect in 56.52s
Traceback (most recent call last):
  File "/home/saharsh-baiju/amfoss-tasks/task-06/music_bot_env/lib/python3.12/site-packages/aiohttp/connector.py", line 1532, in _create_direct_connection
    hosts = await self._resolve_host(host, port, traces=traces)
            ^^^^^^^^^^^^^^^^^^^^^^^^^^^^^^^^^^^^^^^^^^^^^^^^^^^
  File "/home/saharsh-baiju/amfoss-tasks/task-06/music_bot_env/lib/python3.12/site-packages/aiohttp/connector.py", line 1148, in _resolve_host
    return await asyncio.shield(resolved_host_task)
           ^^^^^^^^^^^^^^^^^^^^^^^^^^^^^^^^^^^^^^^^
  File "/home/saharsh-baiju/amfoss-tasks/task-06/music_bot_env/lib/python3.12/site-packages/aiohttp/connector.py", line 1179, in _resolve_host_with_throttle
    addrs = await self._resolver.resolve(host, port, family=self._family)
            ^^^^^^^^^^^^^^^^^^^^^^^^^^^^^^^^^^^^^^^^^^^^^^^^^^^^^^^^^^^^^
  File "/home/saharsh-baiju/amfoss-tasks/task-06/music_bot_env/lib/python3.12/site-packages/aiohttp/resolver.py", line 40, in resolve
    infos = await self._loop.getaddrinfo(
            ^^^^^^^^^^^^^^^^^^^^^^^^^^^^^
  File "/usr/lib/python3.12/asyncio/base_events.py", line 901, in getaddrinfo
    return await self.run_in_executor(
           ^^^^^^^^^^^^^^^^^^^^^^^^^^^
  File "/usr/lib/python3.12/concurrent/futures/thread.py", line 58, in run
    result = self.fn(*self.args, **self.kwargs)
             ^^^^^^^^^^^^^^^^^^^^^^^^^^^^^^^^^^
  File "/usr/lib/python3.12/socket.py", line 963, in getaddrinfo
    for res in _socket.getaddrinfo(host, port, family, type, proto, flags):
               ^^^^^^^^^^^^^^^^^^^^^^^^^^^^^^^^^^^^^^^^^^^^^^^^^^^^^^^^^^^
socket.gaierror: [Errno -5] No address associated with hostname

The above exception was the direct cause of the following exception:

Traceback (most recent call last):
  File "/home/saharsh-baiju/amfoss-tasks/task-06/music_bot_env/lib/python3.12/site-packages/discord/client.py", line 724, in connect
    self.ws = await asyncio.wait_for(coro, timeout=60.0)
              ^^^^^^^^^^^^^^^^^^^^^^^^^^^^^^^^^^^^^^^^^^
  File "/usr/lib/python3.12/asyncio/tasks.py", line 520, in wait_for
    return await fut
           ^^^^^^^^^
  File "/home/saharsh-baiju/amfoss-tasks/task-06/music_bot_env/lib/python3.12/site-packages/discord/gateway.py", line 383, in from_client
    socket = await client.http.ws_connect(str(url))
             ^^^^^^^^^^^^^^^^^^^^^^^^^^^^^^^^^^^^^^
  File "/home/saharsh-baiju/amfoss-tasks/task-06/music_bot_env/lib/python3.12/site-packages/discord/http.py", line 566, in ws_connect
    return await self.__session.ws_connect(url, **kwargs)
           ^^^^^^^^^^^^^^^^^^^^^^^^^^^^^^^^^^^^^^^^^^^^^^
  File "/home/saharsh-baiju/amfoss-tasks/task-06/music_bot_env/lib/python3.12/site-packages/aiohttp/client.py", line 1067, in _ws_connect
    resp = await self.request(
           ^^^^^^^^^^^^^^^^^^^
  File "/home/saharsh-baiju/amfoss-tasks/task-06/music_bot_env/lib/python3.12/site-packages/aiohttp/client.py", line 770, in _request
    resp = await handler(req)
           ^^^^^^^^^^^^^^^^^^
  File "/home/saharsh-baiju/amfoss-tasks/task-06/music_bot_env/lib/python3.12/site-packages/aiohttp/client.py", line 725, in _connect_and_send_request
    conn = await self._connector.connect(
           ^^^^^^^^^^^^^^^^^^^^^^^^^^^^^^
  File "/home/saharsh-baiju/amfoss-tasks/task-06/music_bot_env/lib/python3.12/site-packages/aiohttp/connector.py", line 642, in connect
    proto = await self._create_connection(req, traces, timeout)
            ^^^^^^^^^^^^^^^^^^^^^^^^^^^^^^^^^^^^^^^^^^^^^^^^^^^
  File "/home/saharsh-baiju/amfoss-tasks/task-06/music_bot_env/lib/python3.12/site-packages/aiohttp/connector.py", line 1209, in _create_connection
    _, proto = await self._create_direct_connection(req, traces, timeout)
               ^^^^^^^^^^^^^^^^^^^^^^^^^^^^^^^^^^^^^^^^^^^^^^^^^^^^^^^^^^
  File "/home/saharsh-baiju/amfoss-tasks/task-06/music_bot_env/lib/python3.12/site-packages/aiohttp/connector.py", line 1538, in _create_direct_connection
    raise ClientConnectorDNSError(req.connection_key, exc) from exc
aiohttp.client_exceptions.ClientConnectorDNSError: Cannot connect to host gateway-us-east1-c.discord.gg:443 ssl:default [No address associated with hostname]
[2025-09-14 11:02:40] [DEBUG   ] discord.client: Dispatching event disconnect
[2025-09-14 11:02:40] [ERROR   ] discord.client: Attempting a reconnect in 148.36s
Traceback (most recent call last):
  File "/home/saharsh-baiju/amfoss-tasks/task-06/music_bot_env/lib/python3.12/site-packages/aiohttp/connector.py", line 1532, in _create_direct_connection
    hosts = await self._resolve_host(host, port, traces=traces)
            ^^^^^^^^^^^^^^^^^^^^^^^^^^^^^^^^^^^^^^^^^^^^^^^^^^^
  File "/home/saharsh-baiju/amfoss-tasks/task-06/music_bot_env/lib/python3.12/site-packages/aiohttp/connector.py", line 1148, in _resolve_host
    return await asyncio.shield(resolved_host_task)
           ^^^^^^^^^^^^^^^^^^^^^^^^^^^^^^^^^^^^^^^^
  File "/home/saharsh-baiju/amfoss-tasks/task-06/music_bot_env/lib/python3.12/site-packages/aiohttp/connector.py", line 1179, in _resolve_host_with_throttle
    addrs = await self._resolver.resolve(host, port, family=self._family)
            ^^^^^^^^^^^^^^^^^^^^^^^^^^^^^^^^^^^^^^^^^^^^^^^^^^^^^^^^^^^^^
  File "/home/saharsh-baiju/amfoss-tasks/task-06/music_bot_env/lib/python3.12/site-packages/aiohttp/resolver.py", line 40, in resolve
    infos = await self._loop.getaddrinfo(
            ^^^^^^^^^^^^^^^^^^^^^^^^^^^^^
  File "/usr/lib/python3.12/asyncio/base_events.py", line 901, in getaddrinfo
    return await self.run_in_executor(
           ^^^^^^^^^^^^^^^^^^^^^^^^^^^
  File "/usr/lib/python3.12/concurrent/futures/thread.py", line 58, in run
    result = self.fn(*self.args, **self.kwargs)
             ^^^^^^^^^^^^^^^^^^^^^^^^^^^^^^^^^^
  File "/usr/lib/python3.12/socket.py", line 963, in getaddrinfo
    for res in _socket.getaddrinfo(host, port, family, type, proto, flags):
               ^^^^^^^^^^^^^^^^^^^^^^^^^^^^^^^^^^^^^^^^^^^^^^^^^^^^^^^^^^^
socket.gaierror: [Errno -5] No address associated with hostname

The above exception was the direct cause of the following exception:

Traceback (most recent call last):
  File "/home/saharsh-baiju/amfoss-tasks/task-06/music_bot_env/lib/python3.12/site-packages/discord/client.py", line 724, in connect
    self.ws = await asyncio.wait_for(coro, timeout=60.0)
              ^^^^^^^^^^^^^^^^^^^^^^^^^^^^^^^^^^^^^^^^^^
  File "/usr/lib/python3.12/asyncio/tasks.py", line 520, in wait_for
    return await fut
           ^^^^^^^^^
  File "/home/saharsh-baiju/amfoss-tasks/task-06/music_bot_env/lib/python3.12/site-packages/discord/gateway.py", line 383, in from_client
    socket = await client.http.ws_connect(str(url))
             ^^^^^^^^^^^^^^^^^^^^^^^^^^^^^^^^^^^^^^
  File "/home/saharsh-baiju/amfoss-tasks/task-06/music_bot_env/lib/python3.12/site-packages/discord/http.py", line 566, in ws_connect
    return await self.__session.ws_connect(url, **kwargs)
           ^^^^^^^^^^^^^^^^^^^^^^^^^^^^^^^^^^^^^^^^^^^^^^
  File "/home/saharsh-baiju/amfoss-tasks/task-06/music_bot_env/lib/python3.12/site-packages/aiohttp/client.py", line 1067, in _ws_connect
    resp = await self.request(
           ^^^^^^^^^^^^^^^^^^^
  File "/home/saharsh-baiju/amfoss-tasks/task-06/music_bot_env/lib/python3.12/site-packages/aiohttp/client.py", line 770, in _request
    resp = await handler(req)
           ^^^^^^^^^^^^^^^^^^
  File "/home/saharsh-baiju/amfoss-tasks/task-06/music_bot_env/lib/python3.12/site-packages/aiohttp/client.py", line 725, in _connect_and_send_request
    conn = await self._connector.connect(
           ^^^^^^^^^^^^^^^^^^^^^^^^^^^^^^
  File "/home/saharsh-baiju/amfoss-tasks/task-06/music_bot_env/lib/python3.12/site-packages/aiohttp/connector.py", line 642, in connect
    proto = await self._create_connection(req, traces, timeout)
            ^^^^^^^^^^^^^^^^^^^^^^^^^^^^^^^^^^^^^^^^^^^^^^^^^^^
  File "/home/saharsh-baiju/amfoss-tasks/task-06/music_bot_env/lib/python3.12/site-packages/aiohttp/connector.py", line 1209, in _create_connection
    _, proto = await self._create_direct_connection(req, traces, timeout)
               ^^^^^^^^^^^^^^^^^^^^^^^^^^^^^^^^^^^^^^^^^^^^^^^^^^^^^^^^^^
  File "/home/saharsh-baiju/amfoss-tasks/task-06/music_bot_env/lib/python3.12/site-packages/aiohttp/connector.py", line 1538, in _create_direct_connection
    raise ClientConnectorDNSError(req.connection_key, exc) from exc
aiohttp.client_exceptions.ClientConnectorDNSError: Cannot connect to host gateway-us-east1-c.discord.gg:443 ssl:default [No address associated with hostname]
[2025-09-14 11:05:09] [DEBUG   ] discord.client: Dispatching event disconnect
[2025-09-14 11:05:09] [ERROR   ] discord.client: Attempting a reconnect in 328.88s
Traceback (most recent call last):
  File "/home/saharsh-baiju/amfoss-tasks/task-06/music_bot_env/lib/python3.12/site-packages/aiohttp/connector.py", line 1532, in _create_direct_connection
    hosts = await self._resolve_host(host, port, traces=traces)
            ^^^^^^^^^^^^^^^^^^^^^^^^^^^^^^^^^^^^^^^^^^^^^^^^^^^
  File "/home/saharsh-baiju/amfoss-tasks/task-06/music_bot_env/lib/python3.12/site-packages/aiohttp/connector.py", line 1148, in _resolve_host
    return await asyncio.shield(resolved_host_task)
           ^^^^^^^^^^^^^^^^^^^^^^^^^^^^^^^^^^^^^^^^
  File "/home/saharsh-baiju/amfoss-tasks/task-06/music_bot_env/lib/python3.12/site-packages/aiohttp/connector.py", line 1179, in _resolve_host_with_throttle
    addrs = await self._resolver.resolve(host, port, family=self._family)
            ^^^^^^^^^^^^^^^^^^^^^^^^^^^^^^^^^^^^^^^^^^^^^^^^^^^^^^^^^^^^^
  File "/home/saharsh-baiju/amfoss-tasks/task-06/music_bot_env/lib/python3.12/site-packages/aiohttp/resolver.py", line 40, in resolve
    infos = await self._loop.getaddrinfo(
            ^^^^^^^^^^^^^^^^^^^^^^^^^^^^^
  File "/usr/lib/python3.12/asyncio/base_events.py", line 901, in getaddrinfo
    return await self.run_in_executor(
           ^^^^^^^^^^^^^^^^^^^^^^^^^^^
  File "/usr/lib/python3.12/concurrent/futures/thread.py", line 58, in run
    result = self.fn(*self.args, **self.kwargs)
             ^^^^^^^^^^^^^^^^^^^^^^^^^^^^^^^^^^
  File "/usr/lib/python3.12/socket.py", line 963, in getaddrinfo
    for res in _socket.getaddrinfo(host, port, family, type, proto, flags):
               ^^^^^^^^^^^^^^^^^^^^^^^^^^^^^^^^^^^^^^^^^^^^^^^^^^^^^^^^^^^
socket.gaierror: [Errno -5] No address associated with hostname

The above exception was the direct cause of the following exception:

Traceback (most recent call last):
  File "/home/saharsh-baiju/amfoss-tasks/task-06/music_bot_env/lib/python3.12/site-packages/discord/client.py", line 724, in connect
    self.ws = await asyncio.wait_for(coro, timeout=60.0)
              ^^^^^^^^^^^^^^^^^^^^^^^^^^^^^^^^^^^^^^^^^^
  File "/usr/lib/python3.12/asyncio/tasks.py", line 520, in wait_for
    return await fut
           ^^^^^^^^^
  File "/home/saharsh-baiju/amfoss-tasks/task-06/music_bot_env/lib/python3.12/site-packages/discord/gateway.py", line 383, in from_client
    socket = await client.http.ws_connect(str(url))
             ^^^^^^^^^^^^^^^^^^^^^^^^^^^^^^^^^^^^^^
  File "/home/saharsh-baiju/amfoss-tasks/task-06/music_bot_env/lib/python3.12/site-packages/discord/http.py", line 566, in ws_connect
    return await self.__session.ws_connect(url, **kwargs)
           ^^^^^^^^^^^^^^^^^^^^^^^^^^^^^^^^^^^^^^^^^^^^^^
  File "/home/saharsh-baiju/amfoss-tasks/task-06/music_bot_env/lib/python3.12/site-packages/aiohttp/client.py", line 1067, in _ws_connect
    resp = await self.request(
           ^^^^^^^^^^^^^^^^^^^
  File "/home/saharsh-baiju/amfoss-tasks/task-06/music_bot_env/lib/python3.12/site-packages/aiohttp/client.py", line 770, in _request
    resp = await handler(req)
           ^^^^^^^^^^^^^^^^^^
  File "/home/saharsh-baiju/amfoss-tasks/task-06/music_bot_env/lib/python3.12/site-packages/aiohttp/client.py", line 725, in _connect_and_send_request
    conn = await self._connector.connect(
           ^^^^^^^^^^^^^^^^^^^^^^^^^^^^^^
  File "/home/saharsh-baiju/amfoss-tasks/task-06/music_bot_env/lib/python3.12/site-packages/aiohttp/connector.py", line 642, in connect
    proto = await self._create_connection(req, traces, timeout)
            ^^^^^^^^^^^^^^^^^^^^^^^^^^^^^^^^^^^^^^^^^^^^^^^^^^^
  File "/home/saharsh-baiju/amfoss-tasks/task-06/music_bot_env/lib/python3.12/site-packages/aiohttp/connector.py", line 1209, in _create_connection
    _, proto = await self._create_direct_connection(req, traces, timeout)
               ^^^^^^^^^^^^^^^^^^^^^^^^^^^^^^^^^^^^^^^^^^^^^^^^^^^^^^^^^^
  File "/home/saharsh-baiju/amfoss-tasks/task-06/music_bot_env/lib/python3.12/site-packages/aiohttp/connector.py", line 1538, in _create_direct_connection
    raise ClientConnectorDNSError(req.connection_key, exc) from exc
aiohttp.client_exceptions.ClientConnectorDNSError: Cannot connect to host gateway-us-east1-c.discord.gg:443 ssl:default [No address associated with hostname]
[2025-09-14 11:10:38] [DEBUG   ] discord.client: Dispatching event disconnect
[2025-09-14 11:10:38] [ERROR   ] discord.client: Attempting a reconnect in 579.57s
Traceback (most recent call last):
  File "/home/saharsh-baiju/amfoss-tasks/task-06/music_bot_env/lib/python3.12/site-packages/aiohttp/connector.py", line 1532, in _create_direct_connection
    hosts = await self._resolve_host(host, port, traces=traces)
            ^^^^^^^^^^^^^^^^^^^^^^^^^^^^^^^^^^^^^^^^^^^^^^^^^^^
  File "/home/saharsh-baiju/amfoss-tasks/task-06/music_bot_env/lib/python3.12/site-packages/aiohttp/connector.py", line 1148, in _resolve_host
    return await asyncio.shield(resolved_host_task)
           ^^^^^^^^^^^^^^^^^^^^^^^^^^^^^^^^^^^^^^^^
  File "/home/saharsh-baiju/amfoss-tasks/task-06/music_bot_env/lib/python3.12/site-packages/aiohttp/connector.py", line 1179, in _resolve_host_with_throttle
    addrs = await self._resolver.resolve(host, port, family=self._family)
            ^^^^^^^^^^^^^^^^^^^^^^^^^^^^^^^^^^^^^^^^^^^^^^^^^^^^^^^^^^^^^
  File "/home/saharsh-baiju/amfoss-tasks/task-06/music_bot_env/lib/python3.12/site-packages/aiohttp/resolver.py", line 40, in resolve
    infos = await self._loop.getaddrinfo(
            ^^^^^^^^^^^^^^^^^^^^^^^^^^^^^
  File "/usr/lib/python3.12/asyncio/base_events.py", line 901, in getaddrinfo
    return await self.run_in_executor(
           ^^^^^^^^^^^^^^^^^^^^^^^^^^^
  File "/usr/lib/python3.12/concurrent/futures/thread.py", line 58, in run
    result = self.fn(*self.args, **self.kwargs)
             ^^^^^^^^^^^^^^^^^^^^^^^^^^^^^^^^^^
  File "/usr/lib/python3.12/socket.py", line 963, in getaddrinfo
    for res in _socket.getaddrinfo(host, port, family, type, proto, flags):
               ^^^^^^^^^^^^^^^^^^^^^^^^^^^^^^^^^^^^^^^^^^^^^^^^^^^^^^^^^^^
socket.gaierror: [Errno -5] No address associated with hostname

The above exception was the direct cause of the following exception:

Traceback (most recent call last):
  File "/home/saharsh-baiju/amfoss-tasks/task-06/music_bot_env/lib/python3.12/site-packages/discord/client.py", line 724, in connect
    self.ws = await asyncio.wait_for(coro, timeout=60.0)
              ^^^^^^^^^^^^^^^^^^^^^^^^^^^^^^^^^^^^^^^^^^
  File "/usr/lib/python3.12/asyncio/tasks.py", line 520, in wait_for
    return await fut
           ^^^^^^^^^
  File "/home/saharsh-baiju/amfoss-tasks/task-06/music_bot_env/lib/python3.12/site-packages/discord/gateway.py", line 383, in from_client
    socket = await client.http.ws_connect(str(url))
             ^^^^^^^^^^^^^^^^^^^^^^^^^^^^^^^^^^^^^^
  File "/home/saharsh-baiju/amfoss-tasks/task-06/music_bot_env/lib/python3.12/site-packages/discord/http.py", line 566, in ws_connect
    return await self.__session.ws_connect(url, **kwargs)
           ^^^^^^^^^^^^^^^^^^^^^^^^^^^^^^^^^^^^^^^^^^^^^^
  File "/home/saharsh-baiju/amfoss-tasks/task-06/music_bot_env/lib/python3.12/site-packages/aiohttp/client.py", line 1067, in _ws_connect
    resp = await self.request(
           ^^^^^^^^^^^^^^^^^^^
  File "/home/saharsh-baiju/amfoss-tasks/task-06/music_bot_env/lib/python3.12/site-packages/aiohttp/client.py", line 770, in _request
    resp = await handler(req)
           ^^^^^^^^^^^^^^^^^^
  File "/home/saharsh-baiju/amfoss-tasks/task-06/music_bot_env/lib/python3.12/site-packages/aiohttp/client.py", line 725, in _connect_and_send_request
    conn = await self._connector.connect(
           ^^^^^^^^^^^^^^^^^^^^^^^^^^^^^^
  File "/home/saharsh-baiju/amfoss-tasks/task-06/music_bot_env/lib/python3.12/site-packages/aiohttp/connector.py", line 642, in connect
    proto = await self._create_connection(req, traces, timeout)
            ^^^^^^^^^^^^^^^^^^^^^^^^^^^^^^^^^^^^^^^^^^^^^^^^^^^
  File "/home/saharsh-baiju/amfoss-tasks/task-06/music_bot_env/lib/python3.12/site-packages/aiohttp/connector.py", line 1209, in _create_connection
    _, proto = await self._create_direct_connection(req, traces, timeout)
               ^^^^^^^^^^^^^^^^^^^^^^^^^^^^^^^^^^^^^^^^^^^^^^^^^^^^^^^^^^
  File "/home/saharsh-baiju/amfoss-tasks/task-06/music_bot_env/lib/python3.12/site-packages/aiohttp/connector.py", line 1538, in _create_direct_connection
    raise ClientConnectorDNSError(req.connection_key, exc) from exc
aiohttp.client_exceptions.ClientConnectorDNSError: Cannot connect to host gateway-us-east1-c.discord.gg:443 ssl:default [No address associated with hostname]
[2025-09-14 11:20:17] [DEBUG   ] discord.client: Dispatching event disconnect
[2025-09-14 11:20:17] [ERROR   ] discord.client: Attempting a reconnect in 553.29s
Traceback (most recent call last):
  File "/home/saharsh-baiju/amfoss-tasks/task-06/music_bot_env/lib/python3.12/site-packages/aiohttp/connector.py", line 1532, in _create_direct_connection
    hosts = await self._resolve_host(host, port, traces=traces)
            ^^^^^^^^^^^^^^^^^^^^^^^^^^^^^^^^^^^^^^^^^^^^^^^^^^^
  File "/home/saharsh-baiju/amfoss-tasks/task-06/music_bot_env/lib/python3.12/site-packages/aiohttp/connector.py", line 1148, in _resolve_host
    return await asyncio.shield(resolved_host_task)
           ^^^^^^^^^^^^^^^^^^^^^^^^^^^^^^^^^^^^^^^^
  File "/home/saharsh-baiju/amfoss-tasks/task-06/music_bot_env/lib/python3.12/site-packages/aiohttp/connector.py", line 1179, in _resolve_host_with_throttle
    addrs = await self._resolver.resolve(host, port, family=self._family)
            ^^^^^^^^^^^^^^^^^^^^^^^^^^^^^^^^^^^^^^^^^^^^^^^^^^^^^^^^^^^^^
  File "/home/saharsh-baiju/amfoss-tasks/task-06/music_bot_env/lib/python3.12/site-packages/aiohttp/resolver.py", line 40, in resolve
    infos = await self._loop.getaddrinfo(
            ^^^^^^^^^^^^^^^^^^^^^^^^^^^^^
  File "/usr/lib/python3.12/asyncio/base_events.py", line 901, in getaddrinfo
    return await self.run_in_executor(
           ^^^^^^^^^^^^^^^^^^^^^^^^^^^
  File "/usr/lib/python3.12/concurrent/futures/thread.py", line 58, in run
    result = self.fn(*self.args, **self.kwargs)
             ^^^^^^^^^^^^^^^^^^^^^^^^^^^^^^^^^^
  File "/usr/lib/python3.12/socket.py", line 963, in getaddrinfo
    for res in _socket.getaddrinfo(host, port, family, type, proto, flags):
               ^^^^^^^^^^^^^^^^^^^^^^^^^^^^^^^^^^^^^^^^^^^^^^^^^^^^^^^^^^^
socket.gaierror: [Errno -5] No address associated with hostname

The above exception was the direct cause of the following exception:

Traceback (most recent call last):
  File "/home/saharsh-baiju/amfoss-tasks/task-06/music_bot_env/lib/python3.12/site-packages/discord/client.py", line 724, in connect
    self.ws = await asyncio.wait_for(coro, timeout=60.0)
              ^^^^^^^^^^^^^^^^^^^^^^^^^^^^^^^^^^^^^^^^^^
  File "/usr/lib/python3.12/asyncio/tasks.py", line 520, in wait_for
    return await fut
           ^^^^^^^^^
  File "/home/saharsh-baiju/amfoss-tasks/task-06/music_bot_env/lib/python3.12/site-packages/discord/gateway.py", line 383, in from_client
    socket = await client.http.ws_connect(str(url))
             ^^^^^^^^^^^^^^^^^^^^^^^^^^^^^^^^^^^^^^
  File "/home/saharsh-baiju/amfoss-tasks/task-06/music_bot_env/lib/python3.12/site-packages/discord/http.py", line 566, in ws_connect
    return await self.__session.ws_connect(url, **kwargs)
           ^^^^^^^^^^^^^^^^^^^^^^^^^^^^^^^^^^^^^^^^^^^^^^
  File "/home/saharsh-baiju/amfoss-tasks/task-06/music_bot_env/lib/python3.12/site-packages/aiohttp/client.py", line 1067, in _ws_connect
    resp = await self.request(
           ^^^^^^^^^^^^^^^^^^^
  File "/home/saharsh-baiju/amfoss-tasks/task-06/music_bot_env/lib/python3.12/site-packages/aiohttp/client.py", line 770, in _request
    resp = await handler(req)
           ^^^^^^^^^^^^^^^^^^
  File "/home/saharsh-baiju/amfoss-tasks/task-06/music_bot_env/lib/python3.12/site-packages/aiohttp/client.py", line 725, in _connect_and_send_request
    conn = await self._connector.connect(
           ^^^^^^^^^^^^^^^^^^^^^^^^^^^^^^
  File "/home/saharsh-baiju/amfoss-tasks/task-06/music_bot_env/lib/python3.12/site-packages/aiohttp/connector.py", line 642, in connect
    proto = await self._create_connection(req, traces, timeout)
            ^^^^^^^^^^^^^^^^^^^^^^^^^^^^^^^^^^^^^^^^^^^^^^^^^^^
  File "/home/saharsh-baiju/amfoss-tasks/task-06/music_bot_env/lib/python3.12/site-packages/aiohttp/connector.py", line 1209, in _create_connection
    _, proto = await self._create_direct_connection(req, traces, timeout)
               ^^^^^^^^^^^^^^^^^^^^^^^^^^^^^^^^^^^^^^^^^^^^^^^^^^^^^^^^^^
  File "/home/saharsh-baiju/amfoss-tasks/task-06/music_bot_env/lib/python3.12/site-packages/aiohttp/connector.py", line 1538, in _create_direct_connection
    raise ClientConnectorDNSError(req.connection_key, exc) from exc
aiohttp.client_exceptions.ClientConnectorDNSError: Cannot connect to host gateway-us-east1-c.discord.gg:443 ssl:default [No address associated with hostname]
[2025-09-14 11:29:31] [DEBUG   ] discord.client: Dispatching event disconnect
[2025-09-14 11:29:31] [ERROR   ] discord.client: Attempting a reconnect in 707.70s
Traceback (most recent call last):
  File "/home/saharsh-baiju/amfoss-tasks/task-06/music_bot_env/lib/python3.12/site-packages/aiohttp/connector.py", line 1532, in _create_direct_connection
    hosts = await self._resolve_host(host, port, traces=traces)
            ^^^^^^^^^^^^^^^^^^^^^^^^^^^^^^^^^^^^^^^^^^^^^^^^^^^
  File "/home/saharsh-baiju/amfoss-tasks/task-06/music_bot_env/lib/python3.12/site-packages/aiohttp/connector.py", line 1148, in _resolve_host
    return await asyncio.shield(resolved_host_task)
           ^^^^^^^^^^^^^^^^^^^^^^^^^^^^^^^^^^^^^^^^
  File "/home/saharsh-baiju/amfoss-tasks/task-06/music_bot_env/lib/python3.12/site-packages/aiohttp/connector.py", line 1179, in _resolve_host_with_throttle
    addrs = await self._resolver.resolve(host, port, family=self._family)
            ^^^^^^^^^^^^^^^^^^^^^^^^^^^^^^^^^^^^^^^^^^^^^^^^^^^^^^^^^^^^^
  File "/home/saharsh-baiju/amfoss-tasks/task-06/music_bot_env/lib/python3.12/site-packages/aiohttp/resolver.py", line 40, in resolve
    infos = await self._loop.getaddrinfo(
            ^^^^^^^^^^^^^^^^^^^^^^^^^^^^^
  File "/usr/lib/python3.12/asyncio/base_events.py", line 901, in getaddrinfo
    return await self.run_in_executor(
           ^^^^^^^^^^^^^^^^^^^^^^^^^^^
  File "/usr/lib/python3.12/concurrent/futures/thread.py", line 58, in run
    result = self.fn(*self.args, **self.kwargs)
             ^^^^^^^^^^^^^^^^^^^^^^^^^^^^^^^^^^
  File "/usr/lib/python3.12/socket.py", line 963, in getaddrinfo
    for res in _socket.getaddrinfo(host, port, family, type, proto, flags):
               ^^^^^^^^^^^^^^^^^^^^^^^^^^^^^^^^^^^^^^^^^^^^^^^^^^^^^^^^^^^
socket.gaierror: [Errno -5] No address associated with hostname

The above exception was the direct cause of the following exception:

Traceback (most recent call last):
  File "/home/saharsh-baiju/amfoss-tasks/task-06/music_bot_env/lib/python3.12/site-packages/discord/client.py", line 724, in connect
    self.ws = await asyncio.wait_for(coro, timeout=60.0)
              ^^^^^^^^^^^^^^^^^^^^^^^^^^^^^^^^^^^^^^^^^^
  File "/usr/lib/python3.12/asyncio/tasks.py", line 520, in wait_for
    return await fut
           ^^^^^^^^^
  File "/home/saharsh-baiju/amfoss-tasks/task-06/music_bot_env/lib/python3.12/site-packages/discord/gateway.py", line 383, in from_client
    socket = await client.http.ws_connect(str(url))
             ^^^^^^^^^^^^^^^^^^^^^^^^^^^^^^^^^^^^^^
  File "/home/saharsh-baiju/amfoss-tasks/task-06/music_bot_env/lib/python3.12/site-packages/discord/http.py", line 566, in ws_connect
    return await self.__session.ws_connect(url, **kwargs)
           ^^^^^^^^^^^^^^^^^^^^^^^^^^^^^^^^^^^^^^^^^^^^^^
  File "/home/saharsh-baiju/amfoss-tasks/task-06/music_bot_env/lib/python3.12/site-packages/aiohttp/client.py", line 1067, in _ws_connect
    resp = await self.request(
           ^^^^^^^^^^^^^^^^^^^
  File "/home/saharsh-baiju/amfoss-tasks/task-06/music_bot_env/lib/python3.12/site-packages/aiohttp/client.py", line 770, in _request
    resp = await handler(req)
           ^^^^^^^^^^^^^^^^^^
  File "/home/saharsh-baiju/amfoss-tasks/task-06/music_bot_env/lib/python3.12/site-packages/aiohttp/client.py", line 725, in _connect_and_send_request
    conn = await self._connector.connect(
           ^^^^^^^^^^^^^^^^^^^^^^^^^^^^^^
  File "/home/saharsh-baiju/amfoss-tasks/task-06/music_bot_env/lib/python3.12/site-packages/aiohttp/connector.py", line 642, in connect
    proto = await self._create_connection(req, traces, timeout)
            ^^^^^^^^^^^^^^^^^^^^^^^^^^^^^^^^^^^^^^^^^^^^^^^^^^^
  File "/home/saharsh-baiju/amfoss-tasks/task-06/music_bot_env/lib/python3.12/site-packages/aiohttp/connector.py", line 1209, in _create_connection
    _, proto = await self._create_direct_connection(req, traces, timeout)
               ^^^^^^^^^^^^^^^^^^^^^^^^^^^^^^^^^^^^^^^^^^^^^^^^^^^^^^^^^^
  File "/home/saharsh-baiju/amfoss-tasks/task-06/music_bot_env/lib/python3.12/site-packages/aiohttp/connector.py", line 1538, in _create_direct_connection
    raise ClientConnectorDNSError(req.connection_key, exc) from exc
aiohttp.client_exceptions.ClientConnectorDNSError: Cannot connect to host gateway-us-east1-c.discord.gg:443 ssl:default [No address associated with hostname]
[2025-09-14 11:41:19] [DEBUG   ] discord.client: Dispatching event disconnect
[2025-09-14 11:41:19] [ERROR   ] discord.client: Attempting a reconnect in 706.16s
Traceback (most recent call last):
  File "/home/saharsh-baiju/amfoss-tasks/task-06/music_bot_env/lib/python3.12/site-packages/aiohttp/connector.py", line 1532, in _create_direct_connection
    hosts = await self._resolve_host(host, port, traces=traces)
            ^^^^^^^^^^^^^^^^^^^^^^^^^^^^^^^^^^^^^^^^^^^^^^^^^^^
  File "/home/saharsh-baiju/amfoss-tasks/task-06/music_bot_env/lib/python3.12/site-packages/aiohttp/connector.py", line 1148, in _resolve_host
    return await asyncio.shield(resolved_host_task)
           ^^^^^^^^^^^^^^^^^^^^^^^^^^^^^^^^^^^^^^^^
  File "/home/saharsh-baiju/amfoss-tasks/task-06/music_bot_env/lib/python3.12/site-packages/aiohttp/connector.py", line 1179, in _resolve_host_with_throttle
    addrs = await self._resolver.resolve(host, port, family=self._family)
            ^^^^^^^^^^^^^^^^^^^^^^^^^^^^^^^^^^^^^^^^^^^^^^^^^^^^^^^^^^^^^
  File "/home/saharsh-baiju/amfoss-tasks/task-06/music_bot_env/lib/python3.12/site-packages/aiohttp/resolver.py", line 40, in resolve
    infos = await self._loop.getaddrinfo(
            ^^^^^^^^^^^^^^^^^^^^^^^^^^^^^
  File "/usr/lib/python3.12/asyncio/base_events.py", line 901, in getaddrinfo
    return await self.run_in_executor(
           ^^^^^^^^^^^^^^^^^^^^^^^^^^^
  File "/usr/lib/python3.12/concurrent/futures/thread.py", line 58, in run
    result = self.fn(*self.args, **self.kwargs)
             ^^^^^^^^^^^^^^^^^^^^^^^^^^^^^^^^^^
  File "/usr/lib/python3.12/socket.py", line 963, in getaddrinfo
    for res in _socket.getaddrinfo(host, port, family, type, proto, flags):
               ^^^^^^^^^^^^^^^^^^^^^^^^^^^^^^^^^^^^^^^^^^^^^^^^^^^^^^^^^^^
socket.gaierror: [Errno -5] No address associated with hostname

The above exception was the direct cause of the following exception:

Traceback (most recent call last):
  File "/home/saharsh-baiju/amfoss-tasks/task-06/music_bot_env/lib/python3.12/site-packages/discord/client.py", line 724, in connect
    self.ws = await asyncio.wait_for(coro, timeout=60.0)
              ^^^^^^^^^^^^^^^^^^^^^^^^^^^^^^^^^^^^^^^^^^
  File "/usr/lib/python3.12/asyncio/tasks.py", line 520, in wait_for
    return await fut
           ^^^^^^^^^
  File "/home/saharsh-baiju/amfoss-tasks/task-06/music_bot_env/lib/python3.12/site-packages/discord/gateway.py", line 383, in from_client
    socket = await client.http.ws_connect(str(url))
             ^^^^^^^^^^^^^^^^^^^^^^^^^^^^^^^^^^^^^^
  File "/home/saharsh-baiju/amfoss-tasks/task-06/music_bot_env/lib/python3.12/site-packages/discord/http.py", line 566, in ws_connect
    return await self.__session.ws_connect(url, **kwargs)
           ^^^^^^^^^^^^^^^^^^^^^^^^^^^^^^^^^^^^^^^^^^^^^^
  File "/home/saharsh-baiju/amfoss-tasks/task-06/music_bot_env/lib/python3.12/site-packages/aiohttp/client.py", line 1067, in _ws_connect
    resp = await self.request(
           ^^^^^^^^^^^^^^^^^^^
  File "/home/saharsh-baiju/amfoss-tasks/task-06/music_bot_env/lib/python3.12/site-packages/aiohttp/client.py", line 770, in _request
    resp = await handler(req)
           ^^^^^^^^^^^^^^^^^^
  File "/home/saharsh-baiju/amfoss-tasks/task-06/music_bot_env/lib/python3.12/site-packages/aiohttp/client.py", line 725, in _connect_and_send_request
    conn = await self._connector.connect(
           ^^^^^^^^^^^^^^^^^^^^^^^^^^^^^^
  File "/home/saharsh-baiju/amfoss-tasks/task-06/music_bot_env/lib/python3.12/site-packages/aiohttp/connector.py", line 642, in connect
    proto = await self._create_connection(req, traces, timeout)
            ^^^^^^^^^^^^^^^^^^^^^^^^^^^^^^^^^^^^^^^^^^^^^^^^^^^
  File "/home/saharsh-baiju/amfoss-tasks/task-06/music_bot_env/lib/python3.12/site-packages/aiohttp/connector.py", line 1209, in _create_connection
    _, proto = await self._create_direct_connection(req, traces, timeout)
               ^^^^^^^^^^^^^^^^^^^^^^^^^^^^^^^^^^^^^^^^^^^^^^^^^^^^^^^^^^
  File "/home/saharsh-baiju/amfoss-tasks/task-06/music_bot_env/lib/python3.12/site-packages/aiohttp/connector.py", line 1538, in _create_direct_connection
    raise ClientConnectorDNSError(req.connection_key, exc) from exc
aiohttp.client_exceptions.ClientConnectorDNSError: Cannot connect to host gateway-us-east1-c.discord.gg:443 ssl:default [No address associated with hostname]
[2025-09-14 11:53:05] [DEBUG   ] discord.client: Dispatching event disconnect
[2025-09-14 11:53:05] [ERROR   ] discord.client: Attempting a reconnect in 701.97s
Traceback (most recent call last):
  File "/home/saharsh-baiju/amfoss-tasks/task-06/music_bot_env/lib/python3.12/site-packages/aiohttp/connector.py", line 1532, in _create_direct_connection
    hosts = await self._resolve_host(host, port, traces=traces)
            ^^^^^^^^^^^^^^^^^^^^^^^^^^^^^^^^^^^^^^^^^^^^^^^^^^^
  File "/home/saharsh-baiju/amfoss-tasks/task-06/music_bot_env/lib/python3.12/site-packages/aiohttp/connector.py", line 1148, in _resolve_host
    return await asyncio.shield(resolved_host_task)
           ^^^^^^^^^^^^^^^^^^^^^^^^^^^^^^^^^^^^^^^^
  File "/home/saharsh-baiju/amfoss-tasks/task-06/music_bot_env/lib/python3.12/site-packages/aiohttp/connector.py", line 1179, in _resolve_host_with_throttle
    addrs = await self._resolver.resolve(host, port, family=self._family)
            ^^^^^^^^^^^^^^^^^^^^^^^^^^^^^^^^^^^^^^^^^^^^^^^^^^^^^^^^^^^^^
  File "/home/saharsh-baiju/amfoss-tasks/task-06/music_bot_env/lib/python3.12/site-packages/aiohttp/resolver.py", line 40, in resolve
    infos = await self._loop.getaddrinfo(
            ^^^^^^^^^^^^^^^^^^^^^^^^^^^^^
  File "/usr/lib/python3.12/asyncio/base_events.py", line 901, in getaddrinfo
    return await self.run_in_executor(
           ^^^^^^^^^^^^^^^^^^^^^^^^^^^
  File "/usr/lib/python3.12/concurrent/futures/thread.py", line 58, in run
    result = self.fn(*self.args, **self.kwargs)
             ^^^^^^^^^^^^^^^^^^^^^^^^^^^^^^^^^^
  File "/usr/lib/python3.12/socket.py", line 963, in getaddrinfo
    for res in _socket.getaddrinfo(host, port, family, type, proto, flags):
               ^^^^^^^^^^^^^^^^^^^^^^^^^^^^^^^^^^^^^^^^^^^^^^^^^^^^^^^^^^^
socket.gaierror: [Errno -5] No address associated with hostname

The above exception was the direct cause of the following exception:

Traceback (most recent call last):
  File "/home/saharsh-baiju/amfoss-tasks/task-06/music_bot_env/lib/python3.12/site-packages/discord/client.py", line 724, in connect
    self.ws = await asyncio.wait_for(coro, timeout=60.0)
              ^^^^^^^^^^^^^^^^^^^^^^^^^^^^^^^^^^^^^^^^^^
  File "/usr/lib/python3.12/asyncio/tasks.py", line 520, in wait_for
    return await fut
           ^^^^^^^^^
  File "/home/saharsh-baiju/amfoss-tasks/task-06/music_bot_env/lib/python3.12/site-packages/discord/gateway.py", line 383, in from_client
    socket = await client.http.ws_connect(str(url))
             ^^^^^^^^^^^^^^^^^^^^^^^^^^^^^^^^^^^^^^
  File "/home/saharsh-baiju/amfoss-tasks/task-06/music_bot_env/lib/python3.12/site-packages/discord/http.py", line 566, in ws_connect
    return await self.__session.ws_connect(url, **kwargs)
           ^^^^^^^^^^^^^^^^^^^^^^^^^^^^^^^^^^^^^^^^^^^^^^
  File "/home/saharsh-baiju/amfoss-tasks/task-06/music_bot_env/lib/python3.12/site-packages/aiohttp/client.py", line 1067, in _ws_connect
    resp = await self.request(
           ^^^^^^^^^^^^^^^^^^^
  File "/home/saharsh-baiju/amfoss-tasks/task-06/music_bot_env/lib/python3.12/site-packages/aiohttp/client.py", line 770, in _request
    resp = await handler(req)
           ^^^^^^^^^^^^^^^^^^
  File "/home/saharsh-baiju/amfoss-tasks/task-06/music_bot_env/lib/python3.12/site-packages/aiohttp/client.py", line 725, in _connect_and_send_request
    conn = await self._connector.connect(
           ^^^^^^^^^^^^^^^^^^^^^^^^^^^^^^
  File "/home/saharsh-baiju/amfoss-tasks/task-06/music_bot_env/lib/python3.12/site-packages/aiohttp/connector.py", line 642, in connect
    proto = await self._create_connection(req, traces, timeout)
            ^^^^^^^^^^^^^^^^^^^^^^^^^^^^^^^^^^^^^^^^^^^^^^^^^^^
  File "/home/saharsh-baiju/amfoss-tasks/task-06/music_bot_env/lib/python3.12/site-packages/aiohttp/connector.py", line 1209, in _create_connection
    _, proto = await self._create_direct_connection(req, traces, timeout)
               ^^^^^^^^^^^^^^^^^^^^^^^^^^^^^^^^^^^^^^^^^^^^^^^^^^^^^^^^^^
  File "/home/saharsh-baiju/amfoss-tasks/task-06/music_bot_env/lib/python3.12/site-packages/aiohttp/connector.py", line 1538, in _create_direct_connection
    raise ClientConnectorDNSError(req.connection_key, exc) from exc
aiohttp.client_exceptions.ClientConnectorDNSError: Cannot connect to host gateway-us-east1-c.discord.gg:443 ssl:default [No address associated with hostname]
[2025-09-14 12:04:47] [DEBUG   ] discord.client: Dispatching event disconnect
[2025-09-14 12:04:47] [ERROR   ] discord.client: Attempting a reconnect in 795.87s
Traceback (most recent call last):
  File "/home/saharsh-baiju/amfoss-tasks/task-06/music_bot_env/lib/python3.12/site-packages/aiohttp/connector.py", line 1532, in _create_direct_connection
    hosts = await self._resolve_host(host, port, traces=traces)
            ^^^^^^^^^^^^^^^^^^^^^^^^^^^^^^^^^^^^^^^^^^^^^^^^^^^
  File "/home/saharsh-baiju/amfoss-tasks/task-06/music_bot_env/lib/python3.12/site-packages/aiohttp/connector.py", line 1148, in _resolve_host
    return await asyncio.shield(resolved_host_task)
           ^^^^^^^^^^^^^^^^^^^^^^^^^^^^^^^^^^^^^^^^
  File "/home/saharsh-baiju/amfoss-tasks/task-06/music_bot_env/lib/python3.12/site-packages/aiohttp/connector.py", line 1179, in _resolve_host_with_throttle
    addrs = await self._resolver.resolve(host, port, family=self._family)
            ^^^^^^^^^^^^^^^^^^^^^^^^^^^^^^^^^^^^^^^^^^^^^^^^^^^^^^^^^^^^^
  File "/home/saharsh-baiju/amfoss-tasks/task-06/music_bot_env/lib/python3.12/site-packages/aiohttp/resolver.py", line 40, in resolve
    infos = await self._loop.getaddrinfo(
            ^^^^^^^^^^^^^^^^^^^^^^^^^^^^^
  File "/usr/lib/python3.12/asyncio/base_events.py", line 901, in getaddrinfo
    return await self.run_in_executor(
           ^^^^^^^^^^^^^^^^^^^^^^^^^^^
  File "/usr/lib/python3.12/concurrent/futures/thread.py", line 58, in run
    result = self.fn(*self.args, **self.kwargs)
             ^^^^^^^^^^^^^^^^^^^^^^^^^^^^^^^^^^
  File "/usr/lib/python3.12/socket.py", line 963, in getaddrinfo
    for res in _socket.getaddrinfo(host, port, family, type, proto, flags):
               ^^^^^^^^^^^^^^^^^^^^^^^^^^^^^^^^^^^^^^^^^^^^^^^^^^^^^^^^^^^
socket.gaierror: [Errno -5] No address associated with hostname

The above exception was the direct cause of the following exception:

Traceback (most recent call last):
  File "/home/saharsh-baiju/amfoss-tasks/task-06/music_bot_env/lib/python3.12/site-packages/discord/client.py", line 724, in connect
    self.ws = await asyncio.wait_for(coro, timeout=60.0)
              ^^^^^^^^^^^^^^^^^^^^^^^^^^^^^^^^^^^^^^^^^^
  File "/usr/lib/python3.12/asyncio/tasks.py", line 520, in wait_for
    return await fut
           ^^^^^^^^^
  File "/home/saharsh-baiju/amfoss-tasks/task-06/music_bot_env/lib/python3.12/site-packages/discord/gateway.py", line 383, in from_client
    socket = await client.http.ws_connect(str(url))
             ^^^^^^^^^^^^^^^^^^^^^^^^^^^^^^^^^^^^^^
  File "/home/saharsh-baiju/amfoss-tasks/task-06/music_bot_env/lib/python3.12/site-packages/discord/http.py", line 566, in ws_connect
    return await self.__session.ws_connect(url, **kwargs)
           ^^^^^^^^^^^^^^^^^^^^^^^^^^^^^^^^^^^^^^^^^^^^^^
  File "/home/saharsh-baiju/amfoss-tasks/task-06/music_bot_env/lib/python3.12/site-packages/aiohttp/client.py", line 1067, in _ws_connect
    resp = await self.request(
           ^^^^^^^^^^^^^^^^^^^
  File "/home/saharsh-baiju/amfoss-tasks/task-06/music_bot_env/lib/python3.12/site-packages/aiohttp/client.py", line 770, in _request
    resp = await handler(req)
           ^^^^^^^^^^^^^^^^^^
  File "/home/saharsh-baiju/amfoss-tasks/task-06/music_bot_env/lib/python3.12/site-packages/aiohttp/client.py", line 725, in _connect_and_send_request
    conn = await self._connector.connect(
           ^^^^^^^^^^^^^^^^^^^^^^^^^^^^^^
  File "/home/saharsh-baiju/amfoss-tasks/task-06/music_bot_env/lib/python3.12/site-packages/aiohttp/connector.py", line 642, in connect
    proto = await self._create_connection(req, traces, timeout)
            ^^^^^^^^^^^^^^^^^^^^^^^^^^^^^^^^^^^^^^^^^^^^^^^^^^^
  File "/home/saharsh-baiju/amfoss-tasks/task-06/music_bot_env/lib/python3.12/site-packages/aiohttp/connector.py", line 1209, in _create_connection
    _, proto = await self._create_direct_connection(req, traces, timeout)
               ^^^^^^^^^^^^^^^^^^^^^^^^^^^^^^^^^^^^^^^^^^^^^^^^^^^^^^^^^^
  File "/home/saharsh-baiju/amfoss-tasks/task-06/music_bot_env/lib/python3.12/site-packages/aiohttp/connector.py", line 1538, in _create_direct_connection
    raise ClientConnectorDNSError(req.connection_key, exc) from exc
aiohttp.client_exceptions.ClientConnectorDNSError: Cannot connect to host gateway-us-east1-c.discord.gg:443 ssl:default [No address associated with hostname]
[2025-09-14 12:18:03] [DEBUG   ] discord.client: Dispatching event disconnect
[2025-09-14 12:18:03] [ERROR   ] discord.client: Attempting a reconnect in 331.32s
Traceback (most recent call last):
  File "/home/saharsh-baiju/amfoss-tasks/task-06/music_bot_env/lib/python3.12/site-packages/aiohttp/connector.py", line 1532, in _create_direct_connection
    hosts = await self._resolve_host(host, port, traces=traces)
            ^^^^^^^^^^^^^^^^^^^^^^^^^^^^^^^^^^^^^^^^^^^^^^^^^^^
  File "/home/saharsh-baiju/amfoss-tasks/task-06/music_bot_env/lib/python3.12/site-packages/aiohttp/connector.py", line 1148, in _resolve_host
    return await asyncio.shield(resolved_host_task)
           ^^^^^^^^^^^^^^^^^^^^^^^^^^^^^^^^^^^^^^^^
  File "/home/saharsh-baiju/amfoss-tasks/task-06/music_bot_env/lib/python3.12/site-packages/aiohttp/connector.py", line 1179, in _resolve_host_with_throttle
    addrs = await self._resolver.resolve(host, port, family=self._family)
            ^^^^^^^^^^^^^^^^^^^^^^^^^^^^^^^^^^^^^^^^^^^^^^^^^^^^^^^^^^^^^
  File "/home/saharsh-baiju/amfoss-tasks/task-06/music_bot_env/lib/python3.12/site-packages/aiohttp/resolver.py", line 40, in resolve
    infos = await self._loop.getaddrinfo(
            ^^^^^^^^^^^^^^^^^^^^^^^^^^^^^
  File "/usr/lib/python3.12/asyncio/base_events.py", line 901, in getaddrinfo
    return await self.run_in_executor(
           ^^^^^^^^^^^^^^^^^^^^^^^^^^^
  File "/usr/lib/python3.12/concurrent/futures/thread.py", line 58, in run
    result = self.fn(*self.args, **self.kwargs)
             ^^^^^^^^^^^^^^^^^^^^^^^^^^^^^^^^^^
  File "/usr/lib/python3.12/socket.py", line 963, in getaddrinfo
    for res in _socket.getaddrinfo(host, port, family, type, proto, flags):
               ^^^^^^^^^^^^^^^^^^^^^^^^^^^^^^^^^^^^^^^^^^^^^^^^^^^^^^^^^^^
socket.gaierror: [Errno -5] No address associated with hostname

The above exception was the direct cause of the following exception:

Traceback (most recent call last):
  File "/home/saharsh-baiju/amfoss-tasks/task-06/music_bot_env/lib/python3.12/site-packages/discord/client.py", line 724, in connect
    self.ws = await asyncio.wait_for(coro, timeout=60.0)
              ^^^^^^^^^^^^^^^^^^^^^^^^^^^^^^^^^^^^^^^^^^
  File "/usr/lib/python3.12/asyncio/tasks.py", line 520, in wait_for
    return await fut
           ^^^^^^^^^
  File "/home/saharsh-baiju/amfoss-tasks/task-06/music_bot_env/lib/python3.12/site-packages/discord/gateway.py", line 383, in from_client
    socket = await client.http.ws_connect(str(url))
             ^^^^^^^^^^^^^^^^^^^^^^^^^^^^^^^^^^^^^^
  File "/home/saharsh-baiju/amfoss-tasks/task-06/music_bot_env/lib/python3.12/site-packages/discord/http.py", line 566, in ws_connect
    return await self.__session.ws_connect(url, **kwargs)
           ^^^^^^^^^^^^^^^^^^^^^^^^^^^^^^^^^^^^^^^^^^^^^^
  File "/home/saharsh-baiju/amfoss-tasks/task-06/music_bot_env/lib/python3.12/site-packages/aiohttp/client.py", line 1067, in _ws_connect
    resp = await self.request(
           ^^^^^^^^^^^^^^^^^^^
  File "/home/saharsh-baiju/amfoss-tasks/task-06/music_bot_env/lib/python3.12/site-packages/aiohttp/client.py", line 770, in _request
    resp = await handler(req)
           ^^^^^^^^^^^^^^^^^^
  File "/home/saharsh-baiju/amfoss-tasks/task-06/music_bot_env/lib/python3.12/site-packages/aiohttp/client.py", line 725, in _connect_and_send_request
    conn = await self._connector.connect(
           ^^^^^^^^^^^^^^^^^^^^^^^^^^^^^^
  File "/home/saharsh-baiju/amfoss-tasks/task-06/music_bot_env/lib/python3.12/site-packages/aiohttp/connector.py", line 642, in connect
    proto = await self._create_connection(req, traces, timeout)
            ^^^^^^^^^^^^^^^^^^^^^^^^^^^^^^^^^^^^^^^^^^^^^^^^^^^
  File "/home/saharsh-baiju/amfoss-tasks/task-06/music_bot_env/lib/python3.12/site-packages/aiohttp/connector.py", line 1209, in _create_connection
    _, proto = await self._create_direct_connection(req, traces, timeout)
               ^^^^^^^^^^^^^^^^^^^^^^^^^^^^^^^^^^^^^^^^^^^^^^^^^^^^^^^^^^
  File "/home/saharsh-baiju/amfoss-tasks/task-06/music_bot_env/lib/python3.12/site-packages/aiohttp/connector.py", line 1538, in _create_direct_connection
    raise ClientConnectorDNSError(req.connection_key, exc) from exc
aiohttp.client_exceptions.ClientConnectorDNSError: Cannot connect to host gateway-us-east1-c.discord.gg:443 ssl:default [No address associated with hostname]
[2025-09-14 12:23:36] [DEBUG   ] discord.client: Dispatching event disconnect
[2025-09-14 12:23:36] [ERROR   ] discord.client: Attempting a reconnect in 48.90s
Traceback (most recent call last):
  File "/home/saharsh-baiju/amfoss-tasks/task-06/music_bot_env/lib/python3.12/site-packages/aiohttp/connector.py", line 1283, in _wrap_create_connection
    return await self._loop.create_connection(*args, **kwargs, sock=sock)
           ^^^^^^^^^^^^^^^^^^^^^^^^^^^^^^^^^^^^^^^^^^^^^^^^^^^^^^^^^^^^^^
  File "/usr/lib/python3.12/asyncio/base_events.py", line 1149, in create_connection
    transport, protocol = await self._create_connection_transport(
                          ^^^^^^^^^^^^^^^^^^^^^^^^^^^^^^^^^^^^^^^^
  File "/usr/lib/python3.12/asyncio/base_events.py", line 1182, in _create_connection_transport
    await waiter
  File "/usr/lib/python3.12/asyncio/sslproto.py", line 578, in _on_handshake_complete
    raise handshake_exc
  File "/usr/lib/python3.12/asyncio/sslproto.py", line 560, in _do_handshake
    self._sslobj.do_handshake()
  File "/usr/lib/python3.12/ssl.py", line 917, in do_handshake
    self._sslobj.do_handshake()
ssl.SSLCertVerificationError: [SSL: CERTIFICATE_VERIFY_FAILED] certificate verify failed: self-signed certificate in certificate chain (_ssl.c:1000)

The above exception was the direct cause of the following exception:

Traceback (most recent call last):
  File "/home/saharsh-baiju/amfoss-tasks/task-06/music_bot_env/lib/python3.12/site-packages/discord/client.py", line 724, in connect
    self.ws = await asyncio.wait_for(coro, timeout=60.0)
              ^^^^^^^^^^^^^^^^^^^^^^^^^^^^^^^^^^^^^^^^^^
  File "/usr/lib/python3.12/asyncio/tasks.py", line 520, in wait_for
    return await fut
           ^^^^^^^^^
  File "/home/saharsh-baiju/amfoss-tasks/task-06/music_bot_env/lib/python3.12/site-packages/discord/gateway.py", line 383, in from_client
    socket = await client.http.ws_connect(str(url))
             ^^^^^^^^^^^^^^^^^^^^^^^^^^^^^^^^^^^^^^
  File "/home/saharsh-baiju/amfoss-tasks/task-06/music_bot_env/lib/python3.12/site-packages/discord/http.py", line 566, in ws_connect
    return await self.__session.ws_connect(url, **kwargs)
           ^^^^^^^^^^^^^^^^^^^^^^^^^^^^^^^^^^^^^^^^^^^^^^
  File "/home/saharsh-baiju/amfoss-tasks/task-06/music_bot_env/lib/python3.12/site-packages/aiohttp/client.py", line 1067, in _ws_connect
    resp = await self.request(
           ^^^^^^^^^^^^^^^^^^^
  File "/home/saharsh-baiju/amfoss-tasks/task-06/music_bot_env/lib/python3.12/site-packages/aiohttp/client.py", line 770, in _request
    resp = await handler(req)
           ^^^^^^^^^^^^^^^^^^
  File "/home/saharsh-baiju/amfoss-tasks/task-06/music_bot_env/lib/python3.12/site-packages/aiohttp/client.py", line 725, in _connect_and_send_request
    conn = await self._connector.connect(
           ^^^^^^^^^^^^^^^^^^^^^^^^^^^^^^
  File "/home/saharsh-baiju/amfoss-tasks/task-06/music_bot_env/lib/python3.12/site-packages/aiohttp/connector.py", line 642, in connect
    proto = await self._create_connection(req, traces, timeout)
            ^^^^^^^^^^^^^^^^^^^^^^^^^^^^^^^^^^^^^^^^^^^^^^^^^^^
  File "/home/saharsh-baiju/amfoss-tasks/task-06/music_bot_env/lib/python3.12/site-packages/aiohttp/connector.py", line 1209, in _create_connection
    _, proto = await self._create_direct_connection(req, traces, timeout)
               ^^^^^^^^^^^^^^^^^^^^^^^^^^^^^^^^^^^^^^^^^^^^^^^^^^^^^^^^^^
  File "/home/saharsh-baiju/amfoss-tasks/task-06/music_bot_env/lib/python3.12/site-packages/aiohttp/connector.py", line 1581, in _create_direct_connection
    raise last_exc
  File "/home/saharsh-baiju/amfoss-tasks/task-06/music_bot_env/lib/python3.12/site-packages/aiohttp/connector.py", line 1550, in _create_direct_connection
    transp, proto = await self._wrap_create_connection(
                    ^^^^^^^^^^^^^^^^^^^^^^^^^^^^^^^^^^^
  File "/home/saharsh-baiju/amfoss-tasks/task-06/music_bot_env/lib/python3.12/site-packages/aiohttp/connector.py", line 1285, in _wrap_create_connection
    raise ClientConnectorCertificateError(req.connection_key, exc) from exc
aiohttp.client_exceptions.ClientConnectorCertificateError: Cannot connect to host gateway-us-east1-c.discord.gg:443 ssl:True [SSLCertVerificationError: (1, '[SSL: CERTIFICATE_VERIFY_FAILED] certificate verify failed: self-signed certificate in certificate chain (_ssl.c:1000)')]
[2025-09-14 12:24:27] [DEBUG   ] discord.client: Dispatching event disconnect
[2025-09-14 12:24:27] [ERROR   ] discord.client: Attempting a reconnect in 879.53s
Traceback (most recent call last):
  File "/home/saharsh-baiju/amfoss-tasks/task-06/music_bot_env/lib/python3.12/site-packages/aiohttp/connector.py", line 1283, in _wrap_create_connection
    return await self._loop.create_connection(*args, **kwargs, sock=sock)
           ^^^^^^^^^^^^^^^^^^^^^^^^^^^^^^^^^^^^^^^^^^^^^^^^^^^^^^^^^^^^^^
  File "/usr/lib/python3.12/asyncio/base_events.py", line 1149, in create_connection
    transport, protocol = await self._create_connection_transport(
                          ^^^^^^^^^^^^^^^^^^^^^^^^^^^^^^^^^^^^^^^^
  File "/usr/lib/python3.12/asyncio/base_events.py", line 1182, in _create_connection_transport
    await waiter
  File "/usr/lib/python3.12/asyncio/sslproto.py", line 578, in _on_handshake_complete
    raise handshake_exc
  File "/usr/lib/python3.12/asyncio/sslproto.py", line 560, in _do_handshake
    self._sslobj.do_handshake()
  File "/usr/lib/python3.12/ssl.py", line 917, in do_handshake
    self._sslobj.do_handshake()
ssl.SSLCertVerificationError: [SSL: CERTIFICATE_VERIFY_FAILED] certificate verify failed: self-signed certificate in certificate chain (_ssl.c:1000)

The above exception was the direct cause of the following exception:

Traceback (most recent call last):
  File "/home/saharsh-baiju/amfoss-tasks/task-06/music_bot_env/lib/python3.12/site-packages/discord/client.py", line 724, in connect
    self.ws = await asyncio.wait_for(coro, timeout=60.0)
              ^^^^^^^^^^^^^^^^^^^^^^^^^^^^^^^^^^^^^^^^^^
  File "/usr/lib/python3.12/asyncio/tasks.py", line 520, in wait_for
    return await fut
           ^^^^^^^^^
  File "/home/saharsh-baiju/amfoss-tasks/task-06/music_bot_env/lib/python3.12/site-packages/discord/gateway.py", line 383, in from_client
    socket = await client.http.ws_connect(str(url))
             ^^^^^^^^^^^^^^^^^^^^^^^^^^^^^^^^^^^^^^
  File "/home/saharsh-baiju/amfoss-tasks/task-06/music_bot_env/lib/python3.12/site-packages/discord/http.py", line 566, in ws_connect
    return await self.__session.ws_connect(url, **kwargs)
           ^^^^^^^^^^^^^^^^^^^^^^^^^^^^^^^^^^^^^^^^^^^^^^
  File "/home/saharsh-baiju/amfoss-tasks/task-06/music_bot_env/lib/python3.12/site-packages/aiohttp/client.py", line 1067, in _ws_connect
    resp = await self.request(
           ^^^^^^^^^^^^^^^^^^^
  File "/home/saharsh-baiju/amfoss-tasks/task-06/music_bot_env/lib/python3.12/site-packages/aiohttp/client.py", line 770, in _request
    resp = await handler(req)
           ^^^^^^^^^^^^^^^^^^
  File "/home/saharsh-baiju/amfoss-tasks/task-06/music_bot_env/lib/python3.12/site-packages/aiohttp/client.py", line 725, in _connect_and_send_request
    conn = await self._connector.connect(
           ^^^^^^^^^^^^^^^^^^^^^^^^^^^^^^
  File "/home/saharsh-baiju/amfoss-tasks/task-06/music_bot_env/lib/python3.12/site-packages/aiohttp/connector.py", line 642, in connect
    proto = await self._create_connection(req, traces, timeout)
            ^^^^^^^^^^^^^^^^^^^^^^^^^^^^^^^^^^^^^^^^^^^^^^^^^^^
  File "/home/saharsh-baiju/amfoss-tasks/task-06/music_bot_env/lib/python3.12/site-packages/aiohttp/connector.py", line 1209, in _create_connection
    _, proto = await self._create_direct_connection(req, traces, timeout)
               ^^^^^^^^^^^^^^^^^^^^^^^^^^^^^^^^^^^^^^^^^^^^^^^^^^^^^^^^^^
  File "/home/saharsh-baiju/amfoss-tasks/task-06/music_bot_env/lib/python3.12/site-packages/aiohttp/connector.py", line 1581, in _create_direct_connection
    raise last_exc
  File "/home/saharsh-baiju/amfoss-tasks/task-06/music_bot_env/lib/python3.12/site-packages/aiohttp/connector.py", line 1550, in _create_direct_connection
    transp, proto = await self._wrap_create_connection(
                    ^^^^^^^^^^^^^^^^^^^^^^^^^^^^^^^^^^^
  File "/home/saharsh-baiju/amfoss-tasks/task-06/music_bot_env/lib/python3.12/site-packages/aiohttp/connector.py", line 1285, in _wrap_create_connection
    raise ClientConnectorCertificateError(req.connection_key, exc) from exc
aiohttp.client_exceptions.ClientConnectorCertificateError: Cannot connect to host gateway-us-east1-c.discord.gg:443 ssl:True [SSLCertVerificationError: (1, '[SSL: CERTIFICATE_VERIFY_FAILED] certificate verify failed: self-signed certificate in certificate chain (_ssl.c:1000)')]
[2025-09-14 12:56:22] [DEBUG   ] discord.gateway: Created websocket connected to wss://gateway-us-east1-c.discord.gg
[2025-09-14 12:56:22] [DEBUG   ] discord.gateway: For Shard ID None: WebSocket Event: {'t': None, 's': None, 'op': 10, 'd': {'heartbeat_interval': 41250, '_trace': ['["gateway-prd-arm-us-east1-c-4w5v",{"micros":0.0}]']}}
[2025-09-14 12:56:22] [DEBUG   ] discord.gateway: Shard ID None has sent the RESUME payload.
[2025-09-14 12:56:23] [DEBUG   ] discord.gateway: For Shard ID None: WebSocket Event: {'t': None, 's': None, 'op': 11, 'd': None}
[2025-09-14 12:56:23] [DEBUG   ] discord.gateway: For Shard ID None: WebSocket Event: {'t': None, 's': None, 'op': 9, 'd': False}
[2025-09-14 12:56:23] [INFO    ] discord.gateway: Shard ID None session has been invalidated.
[2025-09-14 12:56:24] [DEBUG   ] discord.client: Got a request to IDENTIFY the websocket.
[2025-09-14 12:56:24] [DEBUG   ] discord.client: Dispatching event disconnect
[2025-09-14 12:56:25] [DEBUG   ] discord.gateway: Created websocket connected to wss://gateway-us-east1-c.discord.gg
[2025-09-14 12:56:25] [DEBUG   ] discord.gateway: For Shard ID None: WebSocket Event: {'t': None, 's': None, 'op': 10, 'd': {'heartbeat_interval': 41250, '_trace': ['["gateway-prd-arm-us-east1-c-mgdj",{"micros":0.0}]']}}
[2025-09-14 12:56:30] [DEBUG   ] discord.gateway: Shard ID None has sent the IDENTIFY payload.
[2025-09-14 12:56:30] [DEBUG   ] discord.gateway: For Shard ID None: WebSocket Event: {'t': None, 's': None, 'op': 11, 'd': None}
[2025-09-14 12:56:31] [DEBUG   ] discord.gateway: For Shard ID None: WebSocket Event: {'t': 'READY', 's': 1, 'op': 0, 'd': {'v': 10, 'user_settings': {}, 'user': {'verified': True, 'username': 'LyricLounge', 'primary_guild': None, 'mfa_enabled': False, 'id': '1409582897006117026', 'global_name': None, 'flags': 0, 'email': None, 'discriminator': '1906', 'clan': None, 'bot': True, 'avatar': None}, 'session_type': 'normal', 'session_id': '969c3faad2f0f7ba46e2bc7c5055b036', 'resume_gateway_url': 'wss://gateway-us-east1-c.discord.gg', 'relationships': [], 'private_channels': [], 'presences': [], 'guilds': [{'unavailable': True, 'id': '1409584395437740077'}], 'guild_join_requests': [], 'geo_ordered_rtc_regions': ['india', 'dubai', 'singapore', 'saudi-arabia', 'hongkong'], 'game_relationships': [], 'auth': {}, 'application': {'id': '1409582897006117026', 'flags': 557056}, '_trace': ['["gateway-prd-arm-us-east1-c-mgdj",{"micros":192437,"calls":["id_created",{"micros":826,"calls":[]},"session_lookup_time",{"micros":201,"calls":[]},"session_lookup_finished",{"micros":11,"calls":[]},"discord-sessions-prd-2-44",{"micros":190331,"calls":["start_session",{"micros":176256,"calls":["discord-api-rpc-6c68f9c9d5-fw5hh",{"micros":142114,"calls":["get_user",{"micros":58667},"get_guilds",{"micros":14698},"send_scheduled_deletion_message",{"micros":16},"guild_join_requests",{"micros":3},"authorized_ip_coro",{"micros":12},"pending_payments",{"micros":17921},"apex_experiments",{"micros":7181},"user_activities",{"micros":5},"played_application_ids",{"micros":2}]}]},"starting_guild_connect",{"micros":35,"calls":[]},"presence_started",{"micros":335,"calls":[]},"guilds_started",{"micros":77,"calls":[]},"lobbies_started",{"micros":1,"calls":[]},"guilds_connect",{"micros":1,"calls":[]},"presence_connect",{"micros":13595,"calls":[]},"connect_finished",{"micros":13600,"calls":[]},"build_ready",{"micros":13,"calls":[]},"clean_ready",{"micros":13,"calls":[]},"optimize_ready",{"micros":0,"calls":[]},"split_ready",{"micros":0,"calls":[]}]}]}]']}}
[2025-09-14 12:56:31] [DEBUG   ] discord.client: Dispatching event socket_event_type
[2025-09-14 12:56:31] [INFO    ] discord.gateway: Shard ID None has connected to Gateway (Session ID: 969c3faad2f0f7ba46e2bc7c5055b036).
[2025-09-14 12:56:31] [DEBUG   ] discord.client: Dispatching event connect
[2025-09-14 12:56:31] [DEBUG   ] discord.gateway: For Shard ID None: WebSocket Event: {'t': 'GUILD_CREATE', 's': 2, 'op': 0, 'd': {'explicit_content_filter': 0, 'large': False, 'application_id': None, 'system_channel_flags': 0, 'members': [{'user': {'username': 'LyricLounge', 'public_flags': 0, 'primary_guild': None, 'id': '1409582897006117026', 'global_name': None, 'display_name_styles': None, 'display_name': None, 'discriminator': '1906', 'collectibles': None, 'bot': True, 'avatar_decoration_data': None, 'avatar': None}, 'roles': ['1409585907538985143'], 'premium_since': None, 'pending': False, 'nick': None, 'mute': False, 'joined_at': '2025-08-25T17:11:09.283000+00:00', 'flags': 0, 'deaf': False, 'communication_disabled_until': None, 'banner': None, 'avatar': None}], 'hub_type': None, 'profile': None, 'owner_configured_content_level': 0, 'vanity_url_code': None, 'nsfw': False, 'system_channel_id': '1409584396226527304', 'guild_scheduled_events': [], 'max_video_channel_users': 25, 'stickers': [], 'splash': None, 'id': '1409584395437740077', 'nsfw_level': 0, 'unavailable': False, 'region': 'deprecated', 'application_command_counts': {}, 'afk_channel_id': None, 'name': 'test_server', 'premium_subscription_count': 0, 'max_stage_video_channel_users': 50, 'features': [], 'lazy': True, 'threads': [], 'embedded_activities': [], 'banner': None, 'inventory_settings': None, 'max_members': 25000000, 'description': None, 'icon': None, 'roles': [{'version': 1756141508865, 'unicode_emoji': None, 'tags': {}, 'position': 0, 'permissions': '2248473465835073', 'name': '@everyone', 'mentionable': False, 'managed': False, 'id': '1409584395437740077', 'icon': None, 'hoist': False, 'flags': 0, 'colors': {'tertiary_color': None, 'secondary_color': None, 'primary_color': 0}, 'color': 0}, {'version': 1756171905906, 'unicode_emoji': None, 'tags': {'bot_id': '1409582897006117026'}, 'position': 2, 'permissions': '2815213892398144', 'name': 'youtube_tutorial', 'mentionable': False, 'managed': True, 'id': '1409585907538985143', 'icon': None, 'hoist': False, 'flags': 0, 'colors': {'tertiary_color': None, 'secondary_color': None, 'primary_color': 0}, 'color': 0}, {'version': 1756171904990, 'unicode_emoji': None, 'tags': {}, 'position': 1, 'permissions': '0', 'name': 'legends', 'mentionable': False, 'managed': False, 'id': '1409601424068710555', 'icon': None, 'hoist': False, 'flags': 0, 'colors': {'tertiary_color': None, 'secondary_color': None, 'primary_color': 15277667}, 'color': 15277667}], 'mfa_level': 0, 'public_updates_channel_id': None, 'owner_id': '1074144319486836786', 'discovery_splash': None, 'safety_alerts_channel_id': None, 'premium_progress_bar_enabled': False, 'afk_timeout': 300, 'activity_instances': [], 'premium_features': None, 'emojis': [], 'preferred_locale': 'en-US', 'voice_states': [], 'default_message_notifications': 0, 'rules_channel_id': None, 'channels': [{'version': 1756141508875, 'type': 4, 'position': 0, 'permission_overwrites': [], 'name': 'Text Channels', 'id': '1409584396226527302', 'flags': 0}, {'version': 1756141508885, 'type': 4, 'position': 0, 'permission_overwrites': [], 'name': 'Voice Channels', 'id': '1409584396226527303', 'flags': 0}, {'version': 1756141508900, 'type': 0, 'topic': None, 'rate_limit_per_user': 0, 'position': 0, 'permission_overwrites': [], 'parent_id': '1409584396226527302', 'name': 'general', 'last_message_id': '1414525192226738247', 'id': '1409584396226527304', 'icon_emoji': {'name': 'ðŸ‘‹', 'id': None}, 'flags': 0}, {'version': 1756141508907, 'user_limit': 0, 'type': 2, 'rtc_region': None, 'rate_limit_per_user': 0, 'position': 0, 'permission_overwrites': [], 'parent_id': '1409584396226527303', 'name': 'General', 'last_message_id': None, 'id': '1409584396226527305', 'icon_emoji': {'name': 'ðŸŽ™', 'id': None}, 'flags': 0, 'bitrate': 64000}, {'version': 1756718876014, 'type': 0, 'topic': None, 'rate_limit_per_user': 0, 'position': 1, 'permission_overwrites': [], 'parent_id': '1409584396226527303', 'name': 'lyriclounge', 'last_message_id': '1416591450073993270', 'id': '1409585633638219947', 'flags': 0}], 'verification_level': 0, 'home_header': None, 'latest_onboarding_question_id': None, 'premium_tier': 0, 'joined_at': '2025-08-25T17:11:09.283000+00:00', 'member_count': 6, 'stage_instances': [], 'version': 1756141681833, 'moderator_reporting': None, 'presences': [], 'incidents_data': None, 'soundboard_sounds': []}}
[2025-09-14 12:56:31] [DEBUG   ] discord.client: Dispatching event socket_event_type
[2025-09-14 12:56:32] [DEBUG   ] discord.gateway: For Shard ID None: WebSocket Event: {'t': 'GUILD_MEMBERS_CHUNK', 's': 3, 'op': 0, 'd': {'nonce': '630901b6f94e0a3f41a4770ccf60205d', 'members': [{'user': {'username': 'rishik_raj', 'public_flags': 0, 'primary_guild': None, 'id': '816992763223867424', 'global_name': 'Rishik', 'display_name_styles': None, 'display_name': 'Rishik', 'discriminator': '0', 'collectibles': None, 'bot': False, 'avatar_decoration_data': None, 'avatar': None}, 'roles': [], 'premium_since': None, 'pending': False, 'nick': None, 'mute': False, 'joined_at': '2025-08-25T17:52:28.415000+00:00', 'flags': 0, 'deaf': False, 'communication_disabled_until': None, 'banner': None, 'avatar': None}, {'user': {'username': 'saharsh8995', 'public_flags': 0, 'primary_guild': None, 'id': '1074144319486836786', 'global_name': 'Saharsh', 'display_name_styles': None, 'display_name': 'Saharsh', 'discriminator': '0', 'collectibles': None, 'bot': False, 'avatar_decoration_data': None, 'avatar': None}, 'roles': ['1409601424068710555'], 'premium_since': None, 'pending': False, 'nick': None, 'mute': False, 'joined_at': '2025-08-25T17:05:08.781000+00:00', 'flags': 0, 'deaf': False, 'communication_disabled_until': None, 'banner': None, 'avatar': None}, {'user': {'username': 'devpl322_02960', 'public_flags': 0, 'primary_guild': None, 'id': '1269100208109912166', 'global_name': 'Dev Narayan U', 'display_name_styles': None, 'display_name': 'Dev Narayan U', 'discriminator': '0', 'collectibles': None, 'bot': False, 'avatar_decoration_data': None, 'avatar': None}, 'roles': ['1409601424068710555'], 'premium_since': None, 'pending': False, 'nick': None, 'mute': False, 'joined_at': '2025-08-26T07:51:03.639000+00:00', 'flags': 0, 'deaf': False, 'communication_disabled_until': None, 'banner': None, 'avatar': None}, {'user': {'username': 'sarveshsudheer', 'public_flags': 0, 'primary_guild': None, 'id': '1396876177708154962', 'global_name': 'Sarvesh Sudheer', 'display_name_styles': None, 'display_name': 'Sarvesh Sudheer', 'discriminator': '0', 'collectibles': None, 'bot': False, 'avatar_decoration_data': None, 'avatar': '5445ffd7ffb201a98393cbdf684ea4b1'}, 'roles': ['1409601424068710555'], 'premium_since': None, 'pending': False, 'nick': None, 'mute': False, 'joined_at': '2025-08-26T02:32:36.857000+00:00', 'flags': 0, 'deaf': False, 'communication_disabled_until': None, 'banner': None, 'avatar': None}, {'user': {'username': 'LyricLounge', 'public_flags': 0, 'primary_guild': None, 'id': '1409582897006117026', 'global_name': None, 'display_name_styles': None, 'display_name': None, 'discriminator': '1906', 'collectibles': None, 'bot': True, 'avatar_decoration_data': None, 'avatar': None}, 'roles': ['1409585907538985143'], 'premium_since': None, 'pending': False, 'nick': None, 'mute': False, 'joined_at': '2025-08-25T17:11:09.283000+00:00', 'flags': 0, 'deaf': False, 'communication_disabled_until': None, 'banner': None, 'avatar': None}, {'user': {'username': 'merlin258', 'public_flags': 0, 'primary_guild': None, 'id': '1411726577225695243', 'global_name': 'Merlin', 'display_name_styles': None, 'display_name': 'Merlin', 'discriminator': '0', 'collectibles': None, 'bot': False, 'avatar_decoration_data': None, 'avatar': 'f90146757748c05c3c347d06f0f88bde'}, 'roles': [], 'premium_since': None, 'pending': False, 'nick': None, 'mute': False, 'joined_at': '2025-09-08T08:18:06.074000+00:00', 'flags': 0, 'deaf': False, 'communication_disabled_until': None, 'banner': None, 'avatar': None}], 'guild_id': '1409584395437740077', 'chunk_index': 0, 'chunk_count': 1}}
[2025-09-14 12:56:32] [DEBUG   ] discord.client: Dispatching event socket_event_type
[2025-09-14 12:56:32] [DEBUG   ] discord.state: Processed a chunk for 6 members in guild ID 1409584395437740077.
[2025-09-14 12:56:33] [DEBUG   ] discord.client: Dispatching event guild_available
[2025-09-14 12:56:33] [DEBUG   ] discord.client: Dispatching event ready
[2025-09-14 12:57:06] [DEBUG   ] discord.gateway: Keeping shard ID None websocket alive with sequence 3.
[2025-09-14 12:57:07] [DEBUG   ] discord.gateway: For Shard ID None: WebSocket Event: {'t': None, 's': None, 'op': 11, 'd': None}
[2025-09-14 12:57:48] [DEBUG   ] discord.gateway: Keeping shard ID None websocket alive with sequence 3.
[2025-09-14 12:57:48] [DEBUG   ] discord.gateway: For Shard ID None: WebSocket Event: {'t': None, 's': None, 'op': 11, 'd': None}
[2025-09-14 12:58:29] [DEBUG   ] discord.gateway: Keeping shard ID None websocket alive with sequence 3.
[2025-09-14 12:58:30] [DEBUG   ] discord.gateway: For Shard ID None: WebSocket Event: {'t': None, 's': None, 'op': 11, 'd': None}
[2025-09-14 12:59:10] [DEBUG   ] discord.gateway: Keeping shard ID None websocket alive with sequence 3.
[2025-09-14 12:59:11] [DEBUG   ] discord.gateway: For Shard ID None: WebSocket Event: {'t': None, 's': None, 'op': 11, 'd': None}
[2025-09-14 12:59:51] [DEBUG   ] discord.gateway: Keeping shard ID None websocket alive with sequence 3.
[2025-09-14 12:59:52] [DEBUG   ] discord.gateway: For Shard ID None: WebSocket Event: {'t': None, 's': None, 'op': 11, 'd': None}
[2025-09-14 13:00:33] [DEBUG   ] discord.gateway: Keeping shard ID None websocket alive with sequence 3.
[2025-09-14 13:00:33] [DEBUG   ] discord.gateway: For Shard ID None: WebSocket Event: {'t': None, 's': None, 'op': 11, 'd': None}
[2025-09-14 13:01:14] [DEBUG   ] discord.gateway: Keeping shard ID None websocket alive with sequence 3.
[2025-09-14 13:01:15] [DEBUG   ] discord.gateway: For Shard ID None: WebSocket Event: {'t': None, 's': None, 'op': 11, 'd': None}
[2025-09-14 13:01:55] [DEBUG   ] discord.gateway: Keeping shard ID None websocket alive with sequence 3.
[2025-09-14 13:01:56] [DEBUG   ] discord.gateway: For Shard ID None: WebSocket Event: {'t': None, 's': None, 'op': 11, 'd': None}
[2025-09-14 13:02:36] [DEBUG   ] discord.gateway: Keeping shard ID None websocket alive with sequence 3.
[2025-09-14 13:02:37] [DEBUG   ] discord.gateway: For Shard ID None: WebSocket Event: {'t': None, 's': None, 'op': 11, 'd': None}
[2025-09-14 13:03:18] [DEBUG   ] discord.gateway: Keeping shard ID None websocket alive with sequence 3.
[2025-09-14 13:03:18] [DEBUG   ] discord.gateway: For Shard ID None: WebSocket Event: {'t': None, 's': None, 'op': 11, 'd': None}
[2025-09-14 13:03:59] [DEBUG   ] discord.gateway: Keeping shard ID None websocket alive with sequence 3.
[2025-09-14 13:04:00] [DEBUG   ] discord.gateway: For Shard ID None: WebSocket Event: {'t': None, 's': None, 'op': 11, 'd': None}
[2025-09-14 13:04:40] [DEBUG   ] discord.gateway: Keeping shard ID None websocket alive with sequence 3.
[2025-09-14 13:04:41] [DEBUG   ] discord.gateway: For Shard ID None: WebSocket Event: {'t': None, 's': None, 'op': 11, 'd': None}
[2025-09-14 13:05:21] [DEBUG   ] discord.gateway: Keeping shard ID None websocket alive with sequence 3.
[2025-09-14 13:05:22] [DEBUG   ] discord.gateway: For Shard ID None: WebSocket Event: {'t': None, 's': None, 'op': 11, 'd': None}
[2025-09-14 13:06:03] [DEBUG   ] discord.gateway: Keeping shard ID None websocket alive with sequence 3.
[2025-09-14 13:06:03] [DEBUG   ] discord.gateway: For Shard ID None: WebSocket Event: {'t': None, 's': None, 'op': 11, 'd': None}
[2025-09-14 13:06:44] [DEBUG   ] discord.gateway: Keeping shard ID None websocket alive with sequence 3.
[2025-09-14 13:06:44] [DEBUG   ] discord.gateway: For Shard ID None: WebSocket Event: {'t': None, 's': None, 'op': 11, 'd': None}
[2025-09-14 13:07:25] [DEBUG   ] discord.gateway: Keeping shard ID None websocket alive with sequence 3.
[2025-09-14 13:07:26] [DEBUG   ] discord.gateway: For Shard ID None: WebSocket Event: {'t': None, 's': None, 'op': 11, 'd': None}
[2025-09-14 13:08:06] [DEBUG   ] discord.gateway: Keeping shard ID None websocket alive with sequence 3.
[2025-09-14 13:08:07] [DEBUG   ] discord.gateway: For Shard ID None: WebSocket Event: {'t': None, 's': None, 'op': 11, 'd': None}
[2025-09-14 13:08:48] [DEBUG   ] discord.gateway: Keeping shard ID None websocket alive with sequence 3.
[2025-09-14 13:08:48] [DEBUG   ] discord.gateway: For Shard ID None: WebSocket Event: {'t': None, 's': None, 'op': 11, 'd': None}
[2025-09-14 13:09:29] [DEBUG   ] discord.gateway: Keeping shard ID None websocket alive with sequence 3.
[2025-09-14 13:09:29] [DEBUG   ] discord.gateway: For Shard ID None: WebSocket Event: {'t': None, 's': None, 'op': 11, 'd': None}
[2025-09-14 13:10:10] [DEBUG   ] discord.gateway: Keeping shard ID None websocket alive with sequence 3.
[2025-09-14 13:10:11] [DEBUG   ] discord.gateway: For Shard ID None: WebSocket Event: {'t': None, 's': None, 'op': 11, 'd': None}
[2025-09-14 13:10:51] [DEBUG   ] discord.gateway: Keeping shard ID None websocket alive with sequence 3.
[2025-09-14 13:10:52] [DEBUG   ] discord.gateway: For Shard ID None: WebSocket Event: {'t': None, 's': None, 'op': 11, 'd': None}
[2025-09-14 13:11:33] [DEBUG   ] discord.gateway: Keeping shard ID None websocket alive with sequence 3.
[2025-09-14 13:11:33] [DEBUG   ] discord.gateway: For Shard ID None: WebSocket Event: {'t': None, 's': None, 'op': 11, 'd': None}
[2025-09-14 13:12:14] [DEBUG   ] discord.gateway: Keeping shard ID None websocket alive with sequence 3.
[2025-09-14 13:12:14] [DEBUG   ] discord.gateway: For Shard ID None: WebSocket Event: {'t': None, 's': None, 'op': 11, 'd': None}
[2025-09-14 13:12:55] [DEBUG   ] discord.gateway: Keeping shard ID None websocket alive with sequence 3.
[2025-09-14 13:12:56] [DEBUG   ] discord.gateway: For Shard ID None: WebSocket Event: {'t': None, 's': None, 'op': 11, 'd': None}
[2025-09-14 13:13:36] [DEBUG   ] discord.gateway: Keeping shard ID None websocket alive with sequence 3.
[2025-09-14 13:13:37] [DEBUG   ] discord.gateway: For Shard ID None: WebSocket Event: {'t': None, 's': None, 'op': 11, 'd': None}
[2025-09-14 13:14:18] [DEBUG   ] discord.gateway: Keeping shard ID None websocket alive with sequence 3.
[2025-09-14 13:14:18] [DEBUG   ] discord.gateway: For Shard ID None: WebSocket Event: {'t': None, 's': None, 'op': 11, 'd': None}
[2025-09-14 13:14:59] [DEBUG   ] discord.gateway: Keeping shard ID None websocket alive with sequence 3.
[2025-09-14 13:15:00] [DEBUG   ] discord.gateway: For Shard ID None: WebSocket Event: {'t': None, 's': None, 'op': 11, 'd': None}
[2025-09-14 13:15:40] [DEBUG   ] discord.gateway: Keeping shard ID None websocket alive with sequence 3.
[2025-09-14 13:15:41] [DEBUG   ] discord.gateway: For Shard ID None: WebSocket Event: {'t': None, 's': None, 'op': 11, 'd': None}
[2025-09-14 13:16:21] [DEBUG   ] discord.gateway: Keeping shard ID None websocket alive with sequence 3.
[2025-09-14 13:16:22] [DEBUG   ] discord.gateway: For Shard ID None: WebSocket Event: {'t': None, 's': None, 'op': 11, 'd': None}
[2025-09-14 13:17:03] [DEBUG   ] discord.gateway: Keeping shard ID None websocket alive with sequence 3.
[2025-09-14 13:17:03] [DEBUG   ] discord.gateway: For Shard ID None: WebSocket Event: {'t': None, 's': None, 'op': 11, 'd': None}
[2025-09-14 13:17:44] [DEBUG   ] discord.gateway: Keeping shard ID None websocket alive with sequence 3.
[2025-09-14 13:17:44] [DEBUG   ] discord.gateway: For Shard ID None: WebSocket Event: {'t': None, 's': None, 'op': 11, 'd': None}
[2025-09-14 13:18:25] [DEBUG   ] discord.gateway: Keeping shard ID None websocket alive with sequence 3.
[2025-09-14 13:18:26] [DEBUG   ] discord.gateway: For Shard ID None: WebSocket Event: {'t': None, 's': None, 'op': 11, 'd': None}
[2025-09-14 13:19:06] [DEBUG   ] discord.gateway: Keeping shard ID None websocket alive with sequence 3.
[2025-09-14 13:19:07] [DEBUG   ] discord.gateway: For Shard ID None: WebSocket Event: {'t': None, 's': None, 'op': 11, 'd': None}
[2025-09-14 13:19:48] [DEBUG   ] discord.gateway: Keeping shard ID None websocket alive with sequence 3.
[2025-09-14 13:19:49] [DEBUG   ] discord.gateway: For Shard ID None: WebSocket Event: {'t': None, 's': None, 'op': 11, 'd': None}
[2025-09-14 13:20:29] [DEBUG   ] discord.gateway: Keeping shard ID None websocket alive with sequence 3.
[2025-09-14 13:20:30] [DEBUG   ] discord.gateway: For Shard ID None: WebSocket Event: {'t': None, 's': None, 'op': 11, 'd': None}
[2025-09-14 13:21:11] [DEBUG   ] discord.gateway: Keeping shard ID None websocket alive with sequence 3.
[2025-09-14 13:21:11] [DEBUG   ] discord.gateway: For Shard ID None: WebSocket Event: {'t': None, 's': None, 'op': 11, 'd': None}
[2025-09-14 13:21:52] [DEBUG   ] discord.gateway: Keeping shard ID None websocket alive with sequence 3.
[2025-09-14 13:21:52] [DEBUG   ] discord.gateway: For Shard ID None: WebSocket Event: {'t': None, 's': None, 'op': 11, 'd': None}
[2025-09-14 13:22:33] [DEBUG   ] discord.gateway: Keeping shard ID None websocket alive with sequence 3.
[2025-09-14 13:22:34] [DEBUG   ] discord.gateway: For Shard ID None: WebSocket Event: {'t': None, 's': None, 'op': 11, 'd': None}
[2025-09-14 13:23:14] [DEBUG   ] discord.gateway: Keeping shard ID None websocket alive with sequence 3.
[2025-09-14 13:23:15] [DEBUG   ] discord.gateway: For Shard ID None: WebSocket Event: {'t': None, 's': None, 'op': 11, 'd': None}
[2025-09-14 13:23:56] [DEBUG   ] discord.gateway: Keeping shard ID None websocket alive with sequence 3.
[2025-09-14 13:23:56] [DEBUG   ] discord.gateway: For Shard ID None: WebSocket Event: {'t': None, 's': None, 'op': 11, 'd': None}
[2025-09-14 13:24:37] [DEBUG   ] discord.gateway: Keeping shard ID None websocket alive with sequence 3.
[2025-09-14 13:24:39] [DEBUG   ] discord.gateway: For Shard ID None: WebSocket Event: {'t': None, 's': None, 'op': 11, 'd': None}
[2025-09-14 13:25:18] [DEBUG   ] discord.gateway: Keeping shard ID None websocket alive with sequence 3.
[2025-09-14 13:25:19] [DEBUG   ] discord.gateway: For Shard ID None: WebSocket Event: {'t': None, 's': None, 'op': 11, 'd': None}
[2025-09-14 13:25:59] [DEBUG   ] discord.gateway: Keeping shard ID None websocket alive with sequence 3.
[2025-09-14 13:26:00] [DEBUG   ] discord.gateway: For Shard ID None: WebSocket Event: {'t': None, 's': None, 'op': 11, 'd': None}
[2025-09-14 13:26:41] [DEBUG   ] discord.gateway: Keeping shard ID None websocket alive with sequence 3.
[2025-09-14 13:26:41] [DEBUG   ] discord.gateway: For Shard ID None: WebSocket Event: {'t': None, 's': None, 'op': 11, 'd': None}
[2025-09-14 13:27:22] [DEBUG   ] discord.gateway: Keeping shard ID None websocket alive with sequence 3.
[2025-09-14 13:27:23] [DEBUG   ] discord.gateway: For Shard ID None: WebSocket Event: {'t': None, 's': None, 'op': 11, 'd': None}
[2025-09-14 13:28:03] [DEBUG   ] discord.gateway: Keeping shard ID None websocket alive with sequence 3.
[2025-09-14 13:28:04] [DEBUG   ] discord.gateway: For Shard ID None: WebSocket Event: {'t': None, 's': None, 'op': 11, 'd': None}
[2025-09-14 13:28:44] [DEBUG   ] discord.gateway: Keeping shard ID None websocket alive with sequence 3.
[2025-09-14 13:28:45] [DEBUG   ] discord.gateway: For Shard ID None: WebSocket Event: {'t': None, 's': None, 'op': 11, 'd': None}
[2025-09-14 13:29:26] [DEBUG   ] discord.gateway: Keeping shard ID None websocket alive with sequence 3.
[2025-09-14 13:29:27] [DEBUG   ] discord.gateway: For Shard ID None: WebSocket Event: {'t': None, 's': None, 'op': 11, 'd': None}
[2025-09-14 13:30:07] [DEBUG   ] discord.gateway: Keeping shard ID None websocket alive with sequence 3.
[2025-09-14 13:30:08] [DEBUG   ] discord.gateway: For Shard ID None: WebSocket Event: {'t': None, 's': None, 'op': 11, 'd': None}
[2025-09-14 13:30:48] [DEBUG   ] discord.gateway: Keeping shard ID None websocket alive with sequence 3.
[2025-09-14 13:30:49] [DEBUG   ] discord.gateway: For Shard ID None: WebSocket Event: {'t': None, 's': None, 'op': 11, 'd': None}
[2025-09-14 13:31:29] [DEBUG   ] discord.gateway: Keeping shard ID None websocket alive with sequence 3.
[2025-09-14 13:31:30] [DEBUG   ] discord.gateway: For Shard ID None: WebSocket Event: {'t': None, 's': None, 'op': 11, 'd': None}
[2025-09-14 13:32:11] [DEBUG   ] discord.gateway: Keeping shard ID None websocket alive with sequence 3.
[2025-09-14 13:32:11] [DEBUG   ] discord.gateway: For Shard ID None: WebSocket Event: {'t': None, 's': None, 'op': 11, 'd': None}
[2025-09-14 13:32:52] [DEBUG   ] discord.gateway: Keeping shard ID None websocket alive with sequence 3.
[2025-09-14 13:32:52] [DEBUG   ] discord.gateway: For Shard ID None: WebSocket Event: {'t': None, 's': None, 'op': 11, 'd': None}
[2025-09-14 13:33:33] [DEBUG   ] discord.gateway: Keeping shard ID None websocket alive with sequence 3.
[2025-09-14 13:33:34] [DEBUG   ] discord.gateway: For Shard ID None: WebSocket Event: {'t': None, 's': None, 'op': 11, 'd': None}
[2025-09-14 13:34:14] [DEBUG   ] discord.gateway: Keeping shard ID None websocket alive with sequence 3.
[2025-09-14 13:34:15] [DEBUG   ] discord.gateway: For Shard ID None: WebSocket Event: {'t': None, 's': None, 'op': 11, 'd': None}
[2025-09-14 13:34:56] [DEBUG   ] discord.gateway: Keeping shard ID None websocket alive with sequence 3.
[2025-09-14 13:34:57] [DEBUG   ] discord.gateway: For Shard ID None: WebSocket Event: {'t': None, 's': None, 'op': 11, 'd': None}
[2025-09-14 13:35:37] [DEBUG   ] discord.gateway: Keeping shard ID None websocket alive with sequence 3.
[2025-09-14 13:35:37] [DEBUG   ] discord.gateway: For Shard ID None: WebSocket Event: {'t': None, 's': None, 'op': 11, 'd': None}
[2025-09-14 13:36:18] [DEBUG   ] discord.gateway: Keeping shard ID None websocket alive with sequence 3.
[2025-09-14 13:36:19] [DEBUG   ] discord.gateway: For Shard ID None: WebSocket Event: {'t': None, 's': None, 'op': 11, 'd': None}
[2025-09-14 13:36:59] [DEBUG   ] discord.gateway: Keeping shard ID None websocket alive with sequence 3.
[2025-09-14 13:37:00] [DEBUG   ] discord.gateway: For Shard ID None: WebSocket Event: {'t': None, 's': None, 'op': 11, 'd': None}
[2025-09-14 13:37:41] [DEBUG   ] discord.gateway: Keeping shard ID None websocket alive with sequence 3.
[2025-09-14 13:37:42] [DEBUG   ] discord.gateway: For Shard ID None: WebSocket Event: {'t': None, 's': None, 'op': 11, 'd': None}
[2025-09-14 13:38:22] [DEBUG   ] discord.gateway: Keeping shard ID None websocket alive with sequence 3.
[2025-09-14 13:38:23] [DEBUG   ] discord.gateway: For Shard ID None: WebSocket Event: {'t': None, 's': None, 'op': 11, 'd': None}
[2025-09-14 13:39:03] [DEBUG   ] discord.gateway: Keeping shard ID None websocket alive with sequence 3.
[2025-09-14 13:39:04] [DEBUG   ] discord.gateway: For Shard ID None: WebSocket Event: {'t': None, 's': None, 'op': 11, 'd': None}
[2025-09-14 13:39:44] [DEBUG   ] discord.gateway: Keeping shard ID None websocket alive with sequence 3.
[2025-09-14 13:39:45] [DEBUG   ] discord.gateway: For Shard ID None: WebSocket Event: {'t': None, 's': None, 'op': 11, 'd': None}
[2025-09-14 13:40:26] [DEBUG   ] discord.gateway: Keeping shard ID None websocket alive with sequence 3.
[2025-09-14 13:40:26] [DEBUG   ] discord.gateway: For Shard ID None: WebSocket Event: {'t': None, 's': None, 'op': 11, 'd': None}
[2025-09-14 13:41:07] [DEBUG   ] discord.gateway: Keeping shard ID None websocket alive with sequence 3.
[2025-09-14 13:41:07] [DEBUG   ] discord.gateway: For Shard ID None: WebSocket Event: {'t': None, 's': None, 'op': 11, 'd': None}
[2025-09-14 13:41:48] [DEBUG   ] discord.gateway: Keeping shard ID None websocket alive with sequence 3.
[2025-09-14 13:41:49] [DEBUG   ] discord.gateway: For Shard ID None: WebSocket Event: {'t': None, 's': None, 'op': 11, 'd': None}
[2025-09-14 13:42:29] [DEBUG   ] discord.gateway: Keeping shard ID None websocket alive with sequence 3.
[2025-09-14 13:42:30] [DEBUG   ] discord.gateway: For Shard ID None: WebSocket Event: {'t': None, 's': None, 'op': 11, 'd': None}
[2025-09-14 13:43:11] [DEBUG   ] discord.gateway: Keeping shard ID None websocket alive with sequence 3.
[2025-09-14 13:43:11] [DEBUG   ] discord.gateway: For Shard ID None: WebSocket Event: {'t': None, 's': None, 'op': 11, 'd': None}
[2025-09-14 13:43:52] [DEBUG   ] discord.gateway: Keeping shard ID None websocket alive with sequence 3.
[2025-09-14 13:43:53] [DEBUG   ] discord.gateway: For Shard ID None: WebSocket Event: {'t': None, 's': None, 'op': 11, 'd': None}
[2025-09-14 13:44:33] [DEBUG   ] discord.gateway: Keeping shard ID None websocket alive with sequence 3.
[2025-09-14 13:44:34] [DEBUG   ] discord.gateway: For Shard ID None: WebSocket Event: {'t': None, 's': None, 'op': 11, 'd': None}
[2025-09-14 13:45:14] [DEBUG   ] discord.gateway: Keeping shard ID None websocket alive with sequence 3.
[2025-09-14 13:45:15] [DEBUG   ] discord.gateway: For Shard ID None: WebSocket Event: {'t': None, 's': None, 'op': 11, 'd': None}
[2025-09-14 13:45:55] [DEBUG   ] discord.gateway: For Shard ID None: WebSocket Event: {'t': 'MESSAGE_CREATE', 's': 4, 'op': 0, 'd': {'type': 0, 'tts': False, 'timestamp': '2025-09-14T08:15:55.035000+00:00', 'pinned': False, 'nonce': '1416698966422061056', 'mentions': [], 'mention_roles': [], 'mention_everyone': False, 'member': {'roles': ['1409601424068710555'], 'premium_since': None, 'pending': False, 'nick': None, 'mute': False, 'joined_at': '2025-08-25T17:05:08.781000+00:00', 'flags': 0, 'deaf': False, 'communication_disabled_until': None, 'banner': None, 'avatar': None}, 'id': '1416698968292855880', 'flags': 0, 'embeds': [], 'edited_timestamp': None, 'content': '/search shape of you - ed sheeran', 'components': [], 'channel_type': 0, 'channel_id': '1409585633638219947', 'author': {'username': 'saharsh8995', 'public_flags': 0, 'primary_guild': None, 'id': '1074144319486836786', 'global_name': 'Saharsh', 'display_name_styles': None, 'discriminator': '0', 'collectibles': None, 'clan': None, 'avatar_decoration_data': None, 'avatar': None}, 'attachments': [], 'guild_id': '1409584395437740077'}}
[2025-09-14 13:45:55] [DEBUG   ] discord.client: Dispatching event socket_event_type
[2025-09-14 13:45:55] [DEBUG   ] discord.client: Dispatching event message
[2025-09-14 13:45:55] [DEBUG   ] discord.client: Dispatching event command
[2025-09-14 13:45:56] [DEBUG   ] discord.gateway: Keeping shard ID None websocket alive with sequence 4.
[2025-09-14 13:45:56] [DEBUG   ] discord.gateway: For Shard ID None: WebSocket Event: {'t': None, 's': None, 'op': 11, 'd': None}
[2025-09-14 13:45:56] [DEBUG   ] discord.gateway: For Shard ID None: WebSocket Event: {'t': 'MESSAGE_CREATE', 's': 5, 'op': 0, 'd': {'type': 0, 'tts': False, 'timestamp': '2025-09-14T08:15:56.533000+00:00', 'pinned': False, 'nonce': '7727072433712978567', 'mentions': [], 'mention_roles': [], 'mention_everyone': False, 'member': {'roles': ['1409585907538985143'], 'premium_since': None, 'pending': False, 'nick': None, 'mute': False, 'joined_at': '2025-08-25T17:11:09.283000+00:00', 'flags': 0, 'deaf': False, 'communication_disabled_until': None, 'banner': None, 'avatar': None}, 'id': '1416698974575792184', 'flags': 0, 'embeds': [], 'edited_timestamp': None, 'content': 'Searching .... pls wait', 'components': [], 'channel_type': 0, 'channel_id': '1409585633638219947', 'author': {'username': 'LyricLounge', 'public_flags': 0, 'primary_guild': None, 'id': '1409582897006117026', 'global_name': None, 'display_name_styles': None, 'discriminator': '1906', 'collectibles': None, 'clan': None, 'bot': True, 'avatar_decoration_data': None, 'avatar': None}, 'attachments': [], 'guild_id': '1409584395437740077'}}
[2025-09-14 13:45:56] [DEBUG   ] discord.client: Dispatching event socket_event_type
[2025-09-14 13:45:56] [DEBUG   ] discord.client: Dispatching event message
[2025-09-14 13:45:56] [DEBUG   ] discord.http: POST https://discord.com/api/v10/channels/1409585633638219947/messages with {"content":"Searching .... pls wait","components":[],"nonce":"7727072433712978567","enforce_nonce":true,"tts":false} has returned 200
[2025-09-14 13:45:56] [DEBUG   ] discord.http: POST https://discord.com/api/v10/channels/1409585633638219947/messages has received {'type': 0, 'content': 'Searching .... pls wait', 'mentions': [], 'mention_roles': [], 'attachments': [], 'embeds': [], 'timestamp': '2025-09-14T08:15:56.533000+00:00', 'edited_timestamp': None, 'flags': 0, 'components': [], 'id': '1416698974575792184', 'channel_id': '1409585633638219947', 'author': {'id': '1409582897006117026', 'username': 'LyricLounge', 'avatar': None, 'discriminator': '1906', 'public_flags': 0, 'flags': 0, 'bot': True, 'banner': None, 'accent_color': None, 'global_name': None, 'avatar_decoration_data': None, 'collectibles': None, 'display_name_styles': None, 'banner_color': None, 'clan': None, 'primary_guild': None}, 'pinned': False, 'mention_everyone': False, 'tts': False, 'nonce': '7727072433712978567'}
[2025-09-14 13:46:01] [DEBUG   ] discord.gateway: For Shard ID None: WebSocket Event: {'t': 'MESSAGE_CREATE', 's': 6, 'op': 0, 'd': {'type': 0, 'tts': False, 'timestamp': '2025-09-14T08:16:01.564000+00:00', 'pinned': False, 'nonce': '5811045503073281414', 'mentions': [], 'mention_roles': [], 'mention_everyone': False, 'member': {'roles': ['1409585907538985143'], 'premium_since': None, 'pending': False, 'nick': None, 'mute': False, 'joined_at': '2025-08-25T17:11:09.283000+00:00', 'flags': 0, 'deaf': False, 'communication_disabled_until': None, 'banner': None, 'avatar': None}, 'id': '1416698995677462548', 'flags': 0, 'embeds': [], 'edited_timestamp': None, 'content': '1 )Ahmed Alshaiba - Shape of You - Ed Sheeran (AICHA)', 'components': [], 'channel_type': 0, 'channel_id': '1409585633638219947', 'author': {'username': 'LyricLounge', 'public_flags': 0, 'primary_guild': None, 'id': '1409582897006117026', 'global_name': None, 'display_name_styles': None, 'discriminator': '1906', 'collectibles': None, 'clan': None, 'bot': True, 'avatar_decoration_data': None, 'avatar': None}, 'attachments': [], 'guild_id': '1409584395437740077'}}
[2025-09-14 13:46:01] [DEBUG   ] discord.client: Dispatching event socket_event_type
[2025-09-14 13:46:01] [DEBUG   ] discord.client: Dispatching event message
[2025-09-14 13:46:01] [DEBUG   ] discord.http: POST https://discord.com/api/v10/channels/1409585633638219947/messages with {"content":"1 )Ahmed Alshaiba - Shape of You - Ed Sheeran (AICHA)","components":[],"nonce":"5811045503073281414","enforce_nonce":true,"tts":false} has returned 200
[2025-09-14 13:46:01] [DEBUG   ] discord.http: POST https://discord.com/api/v10/channels/1409585633638219947/messages has received {'type': 0, 'content': '1 )Ahmed Alshaiba - Shape of You - Ed Sheeran (AICHA)', 'mentions': [], 'mention_roles': [], 'attachments': [], 'embeds': [], 'timestamp': '2025-09-14T08:16:01.564000+00:00', 'edited_timestamp': None, 'flags': 0, 'components': [], 'id': '1416698995677462548', 'channel_id': '1409585633638219947', 'author': {'id': '1409582897006117026', 'username': 'LyricLounge', 'avatar': None, 'discriminator': '1906', 'public_flags': 0, 'flags': 0, 'bot': True, 'banner': None, 'accent_color': None, 'global_name': None, 'avatar_decoration_data': None, 'collectibles': None, 'display_name_styles': None, 'banner_color': None, 'clan': None, 'primary_guild': None}, 'pinned': False, 'mention_everyone': False, 'tts': False, 'nonce': '5811045503073281414'}
[2025-09-14 13:46:02] [DEBUG   ] discord.gateway: For Shard ID None: WebSocket Event: {'t': 'MESSAGE_CREATE', 's': 7, 'op': 0, 'd': {'type': 0, 'tts': False, 'timestamp': '2025-09-14T08:16:02.480000+00:00', 'pinned': False, 'nonce': '2826094531017685922', 'mentions': [], 'mention_roles': [], 'mention_everyone': False, 'member': {'roles': ['1409585907538985143'], 'premium_since': None, 'pending': False, 'nick': None, 'mute': False, 'joined_at': '2025-08-25T17:11:09.283000+00:00', 'flags': 0, 'deaf': False, 'communication_disabled_until': None, 'banner': None, 'avatar': None}, 'id': '1416698999519576065', 'flags': 0, 'embeds': [], 'edited_timestamp': None, 'content': '2 )Various Artists - Shape of You - Ed Sheeran (Feeling Good)', 'components': [], 'channel_type': 0, 'channel_id': '1409585633638219947', 'author': {'username': 'LyricLounge', 'public_flags': 0, 'primary_guild': None, 'id': '1409582897006117026', 'global_name': None, 'display_name_styles': None, 'discriminator': '1906', 'collectibles': None, 'clan': None, 'bot': True, 'avatar_decoration_data': None, 'avatar': None}, 'attachments': [], 'guild_id': '1409584395437740077'}}
[2025-09-14 13:46:02] [DEBUG   ] discord.client: Dispatching event socket_event_type
[2025-09-14 13:46:02] [DEBUG   ] discord.client: Dispatching event message
[2025-09-14 13:46:02] [DEBUG   ] discord.http: POST https://discord.com/api/v10/channels/1409585633638219947/messages with {"content":"2 )Various Artists - Shape of You - Ed Sheeran (Feeling Good)","components":[],"nonce":"2826094531017685922","enforce_nonce":true,"tts":false} has returned 200
[2025-09-14 13:46:02] [DEBUG   ] discord.http: POST https://discord.com/api/v10/channels/1409585633638219947/messages has received {'type': 0, 'content': '2 )Various Artists - Shape of You - Ed Sheeran (Feeling Good)', 'mentions': [], 'mention_roles': [], 'attachments': [], 'embeds': [], 'timestamp': '2025-09-14T08:16:02.480000+00:00', 'edited_timestamp': None, 'flags': 0, 'components': [], 'id': '1416698999519576065', 'channel_id': '1409585633638219947', 'author': {'id': '1409582897006117026', 'username': 'LyricLounge', 'avatar': None, 'discriminator': '1906', 'public_flags': 0, 'flags': 0, 'bot': True, 'banner': None, 'accent_color': None, 'global_name': None, 'avatar_decoration_data': None, 'collectibles': None, 'display_name_styles': None, 'banner_color': None, 'clan': None, 'primary_guild': None}, 'pinned': False, 'mention_everyone': False, 'tts': False, 'nonce': '2826094531017685922'}
[2025-09-14 13:46:04] [DEBUG   ] discord.gateway: For Shard ID None: WebSocket Event: {'t': 'MESSAGE_CREATE', 's': 8, 'op': 0, 'd': {'type': 0, 'tts': False, 'timestamp': '2025-09-14T08:16:03.629000+00:00', 'pinned': False, 'nonce': '9447684916468722484', 'mentions': [], 'mention_roles': [], 'mention_everyone': False, 'member': {'roles': ['1409585907538985143'], 'premium_since': None, 'pending': False, 'nick': None, 'mute': False, 'joined_at': '2025-08-25T17:11:09.283000+00:00', 'flags': 0, 'deaf': False, 'communication_disabled_until': None, 'banner': None, 'avatar': None}, 'id': '1416699004338700369', 'flags': 0, 'embeds': [], 'edited_timestamp': None, 'content': '3 )Bloodywood - Shape Of You (Ed Sheeran Cover) (Anti-Pop Vol. 1)', 'components': [], 'channel_type': 0, 'channel_id': '1409585633638219947', 'author': {'username': 'LyricLounge', 'public_flags': 0, 'primary_guild': None, 'id': '1409582897006117026', 'global_name': None, 'display_name_styles': None, 'discriminator': '1906', 'collectibles': None, 'clan': None, 'bot': True, 'avatar_decoration_data': None, 'avatar': None}, 'attachments': [], 'guild_id': '1409584395437740077'}}
[2025-09-14 13:46:04] [DEBUG   ] discord.client: Dispatching event socket_event_type
[2025-09-14 13:46:04] [DEBUG   ] discord.client: Dispatching event message
[2025-09-14 13:46:04] [DEBUG   ] discord.http: POST https://discord.com/api/v10/channels/1409585633638219947/messages with {"content":"3 )Bloodywood - Shape Of You (Ed Sheeran Cover) (Anti-Pop Vol. 1)","components":[],"nonce":"9447684916468722484","enforce_nonce":true,"tts":false} has returned 200
[2025-09-14 13:46:04] [DEBUG   ] discord.http: POST https://discord.com/api/v10/channels/1409585633638219947/messages has received {'type': 0, 'content': '3 )Bloodywood - Shape Of You (Ed Sheeran Cover) (Anti-Pop Vol. 1)', 'mentions': [], 'mention_roles': [], 'attachments': [], 'embeds': [], 'timestamp': '2025-09-14T08:16:03.629000+00:00', 'edited_timestamp': None, 'flags': 0, 'components': [], 'id': '1416699004338700369', 'channel_id': '1409585633638219947', 'author': {'id': '1409582897006117026', 'username': 'LyricLounge', 'avatar': None, 'discriminator': '1906', 'public_flags': 0, 'flags': 0, 'bot': True, 'banner': None, 'accent_color': None, 'global_name': None, 'avatar_decoration_data': None, 'collectibles': None, 'display_name_styles': None, 'banner_color': None, 'clan': None, 'primary_guild': None}, 'pinned': False, 'mention_everyone': False, 'tts': False, 'nonce': '9447684916468722484'}
[2025-09-14 13:46:04] [DEBUG   ] discord.gateway: For Shard ID None: WebSocket Event: {'t': 'MESSAGE_CREATE', 's': 9, 'op': 0, 'd': {'type': 0, 'tts': False, 'timestamp': '2025-09-14T08:16:04.736000+00:00', 'pinned': False, 'nonce': '13692789435131478098', 'mentions': [], 'mention_roles': [], 'mention_everyone': False, 'member': {'roles': ['1409585907538985143'], 'premium_since': None, 'pending': False, 'nick': None, 'mute': False, 'joined_at': '2025-08-25T17:11:09.283000+00:00', 'flags': 0, 'deaf': False, 'communication_disabled_until': None, 'banner': None, 'avatar': None}, 'id': '1416699008981930025', 'flags': 0, 'embeds': [], 'edited_timestamp': None, 'content': '4 )Various Artists - Shape of You (Ed Sheeran) (Punk Goes Pop Vol. 7)', 'components': [], 'channel_type': 0, 'channel_id': '1409585633638219947', 'author': {'username': 'LyricLounge', 'public_flags': 0, 'primary_guild': None, 'id': '1409582897006117026', 'global_name': None, 'display_name_styles': None, 'discriminator': '1906', 'collectibles': None, 'clan': None, 'bot': True, 'avatar_decoration_data': None, 'avatar': None}, 'attachments': [], 'guild_id': '1409584395437740077'}}
[2025-09-14 13:46:04] [DEBUG   ] discord.client: Dispatching event socket_event_type
[2025-09-14 13:46:04] [DEBUG   ] discord.client: Dispatching event message
[2025-09-14 13:46:04] [DEBUG   ] discord.http: POST https://discord.com/api/v10/channels/1409585633638219947/messages with {"content":"4 )Various Artists - Shape of You (Ed Sheeran) (Punk Goes Pop Vol. 7)","components":[],"nonce":"13692789435131478098","enforce_nonce":true,"tts":false} has returned 200
[2025-09-14 13:46:04] [DEBUG   ] discord.http: POST https://discord.com/api/v10/channels/1409585633638219947/messages has received {'type': 0, 'content': '4 )Various Artists - Shape of You (Ed Sheeran) (Punk Goes Pop Vol. 7)', 'mentions': [], 'mention_roles': [], 'attachments': [], 'embeds': [], 'timestamp': '2025-09-14T08:16:04.736000+00:00', 'edited_timestamp': None, 'flags': 0, 'components': [], 'id': '1416699008981930025', 'channel_id': '1409585633638219947', 'author': {'id': '1409582897006117026', 'username': 'LyricLounge', 'avatar': None, 'discriminator': '1906', 'public_flags': 0, 'flags': 0, 'bot': True, 'banner': None, 'accent_color': None, 'global_name': None, 'avatar_decoration_data': None, 'collectibles': None, 'display_name_styles': None, 'banner_color': None, 'clan': None, 'primary_guild': None}, 'pinned': False, 'mention_everyone': False, 'tts': False, 'nonce': '13692789435131478098'}
[2025-09-14 13:46:05] [DEBUG   ] discord.gateway: For Shard ID None: WebSocket Event: {'t': 'MESSAGE_CREATE', 's': 10, 'op': 0, 'd': {'type': 0, 'tts': False, 'timestamp': '2025-09-14T08:16:05.207000+00:00', 'pinned': False, 'nonce': '17062015883994372258', 'mentions': [], 'mention_roles': [], 'mention_everyone': False, 'member': {'roles': ['1409585907538985143'], 'premium_since': None, 'pending': False, 'nick': None, 'mute': False, 'joined_at': '2025-08-25T17:11:09.283000+00:00', 'flags': 0, 'deaf': False, 'communication_disabled_until': None, 'banner': None, 'avatar': None}, 'id': '1416699010957316212', 'flags': 0, 'embeds': [], 'edited_timestamp': None, 'content': '5 )Various Artists - Shape of You - Ed Sheeran (Pop Hits 2000 - 2024 - 100 Best Songs)', 'components': [], 'channel_type': 0, 'channel_id': '1409585633638219947', 'author': {'username': 'LyricLounge', 'public_flags': 0, 'primary_guild': None, 'id': '1409582897006117026', 'global_name': None, 'display_name_styles': None, 'discriminator': '1906', 'collectibles': None, 'clan': None, 'bot': True, 'avatar_decoration_data': None, 'avatar': None}, 'attachments': [], 'guild_id': '1409584395437740077'}}
[2025-09-14 13:46:05] [DEBUG   ] discord.client: Dispatching event socket_event_type
[2025-09-14 13:46:05] [DEBUG   ] discord.client: Dispatching event message
[2025-09-14 13:46:05] [DEBUG   ] discord.http: POST https://discord.com/api/v10/channels/1409585633638219947/messages with {"content":"5 )Various Artists - Shape of You - Ed Sheeran (Pop Hits 2000 - 2024 - 100 Best Songs)","components":[],"nonce":"17062015883994372258","enforce_nonce":true,"tts":false} has returned 200
[2025-09-14 13:46:05] [DEBUG   ] discord.http: POST https://discord.com/api/v10/channels/1409585633638219947/messages has received {'type': 0, 'content': '5 )Various Artists - Shape of You - Ed Sheeran (Pop Hits 2000 - 2024 - 100 Best Songs)', 'mentions': [], 'mention_roles': [], 'attachments': [], 'embeds': [], 'timestamp': '2025-09-14T08:16:05.207000+00:00', 'edited_timestamp': None, 'flags': 0, 'components': [], 'id': '1416699010957316212', 'channel_id': '1409585633638219947', 'author': {'id': '1409582897006117026', 'username': 'LyricLounge', 'avatar': None, 'discriminator': '1906', 'public_flags': 0, 'flags': 0, 'bot': True, 'banner': None, 'accent_color': None, 'global_name': None, 'avatar_decoration_data': None, 'collectibles': None, 'display_name_styles': None, 'banner_color': None, 'clan': None, 'primary_guild': None}, 'pinned': False, 'mention_everyone': False, 'tts': False, 'nonce': '17062015883994372258'}
[2025-09-14 13:46:06] [DEBUG   ] discord.gateway: For Shard ID None: WebSocket Event: {'t': 'MESSAGE_CREATE', 's': 11, 'op': 0, 'd': {'type': 0, 'tts': False, 'timestamp': '2025-09-14T08:16:06.010000+00:00', 'pinned': False, 'nonce': '4029463642571512033', 'mentions': [], 'mention_roles': [], 'mention_everyone': False, 'member': {'roles': ['1409585907538985143'], 'premium_since': None, 'pending': False, 'nick': None, 'mute': False, 'joined_at': '2025-08-25T17:11:09.283000+00:00', 'flags': 0, 'deaf': False, 'communication_disabled_until': None, 'banner': None, 'avatar': None}, 'id': '1416699014325469246', 'flags': 0, 'embeds': [], 'edited_timestamp': None, 'content': "6 )Various Artists - Shape of You - Ed Sheeran (Now That's What I Call Music - Big 10s)", 'components': [], 'channel_type': 0, 'channel_id': '1409585633638219947', 'author': {'username': 'LyricLounge', 'public_flags': 0, 'primary_guild': None, 'id': '1409582897006117026', 'global_name': None, 'display_name_styles': None, 'discriminator': '1906', 'collectibles': None, 'clan': None, 'bot': True, 'avatar_decoration_data': None, 'avatar': None}, 'attachments': [], 'guild_id': '1409584395437740077'}}
[2025-09-14 13:46:06] [DEBUG   ] discord.client: Dispatching event socket_event_type
[2025-09-14 13:46:06] [DEBUG   ] discord.client: Dispatching event message
[2025-09-14 13:46:06] [DEBUG   ] discord.http: POST https://discord.com/api/v10/channels/1409585633638219947/messages with {"content":"6 )Various Artists - Shape of You - Ed Sheeran (Now That's What I Call Music - Big 10s)","components":[],"nonce":"4029463642571512033","enforce_nonce":true,"tts":false} has returned 200
[2025-09-14 13:46:06] [DEBUG   ] discord.http: POST https://discord.com/api/v10/channels/1409585633638219947/messages has received {'type': 0, 'content': "6 )Various Artists - Shape of You - Ed Sheeran (Now That's What I Call Music - Big 10s)", 'mentions': [], 'mention_roles': [], 'attachments': [], 'embeds': [], 'timestamp': '2025-09-14T08:16:06.010000+00:00', 'edited_timestamp': None, 'flags': 0, 'components': [], 'id': '1416699014325469246', 'channel_id': '1409585633638219947', 'author': {'id': '1409582897006117026', 'username': 'LyricLounge', 'avatar': None, 'discriminator': '1906', 'public_flags': 0, 'flags': 0, 'bot': True, 'banner': None, 'accent_color': None, 'global_name': None, 'avatar_decoration_data': None, 'collectibles': None, 'display_name_styles': None, 'banner_color': None, 'clan': None, 'primary_guild': None}, 'pinned': False, 'mention_everyone': False, 'tts': False, 'nonce': '4029463642571512033'}
[2025-09-14 13:46:07] [DEBUG   ] discord.gateway: For Shard ID None: WebSocket Event: {'t': 'MESSAGE_CREATE', 's': 12, 'op': 0, 'd': {'type': 0, 'tts': False, 'timestamp': '2025-09-14T08:16:06.766000+00:00', 'pinned': False, 'nonce': '9456112683242190226', 'mentions': [], 'mention_roles': [], 'mention_everyone': False, 'member': {'roles': ['1409585907538985143'], 'premium_since': None, 'pending': False, 'nick': None, 'mute': False, 'joined_at': '2025-08-25T17:11:09.283000+00:00', 'flags': 0, 'deaf': False, 'communication_disabled_until': None, 'banner': None, 'avatar': None}, 'id': '1416699017496363021', 'flags': 0, 'embeds': [], 'edited_timestamp': None, 'content': "7 )Scott Bradlee's Postmodern Jukebox - Shape Of You - Ed Sheeran (Learn To Floss in 3 Easy Steps)", 'components': [], 'channel_type': 0, 'channel_id': '1409585633638219947', 'author': {'username': 'LyricLounge', 'public_flags': 0, 'primary_guild': None, 'id': '1409582897006117026', 'global_name': None, 'display_name_styles': None, 'discriminator': '1906', 'collectibles': None, 'clan': None, 'bot': True, 'avatar_decoration_data': None, 'avatar': None}, 'attachments': [], 'guild_id': '1409584395437740077'}}
[2025-09-14 13:46:07] [DEBUG   ] discord.client: Dispatching event socket_event_type
[2025-09-14 13:46:07] [DEBUG   ] discord.client: Dispatching event message
[2025-09-14 13:46:07] [DEBUG   ] discord.http: POST https://discord.com/api/v10/channels/1409585633638219947/messages with {"content":"7 )Scott Bradlee's Postmodern Jukebox - Shape Of You - Ed Sheeran (Learn To Floss in 3 Easy Steps)","components":[],"nonce":"9456112683242190226","enforce_nonce":true,"tts":false} has returned 200
[2025-09-14 13:46:07] [DEBUG   ] discord.http: POST https://discord.com/api/v10/channels/1409585633638219947/messages has received {'type': 0, 'content': "7 )Scott Bradlee's Postmodern Jukebox - Shape Of You - Ed Sheeran (Learn To Floss in 3 Easy Steps)", 'mentions': [], 'mention_roles': [], 'attachments': [], 'embeds': [], 'timestamp': '2025-09-14T08:16:06.766000+00:00', 'edited_timestamp': None, 'flags': 0, 'components': [], 'id': '1416699017496363021', 'channel_id': '1409585633638219947', 'author': {'id': '1409582897006117026', 'username': 'LyricLounge', 'avatar': None, 'discriminator': '1906', 'public_flags': 0, 'flags': 0, 'bot': True, 'banner': None, 'accent_color': None, 'global_name': None, 'avatar_decoration_data': None, 'collectibles': None, 'display_name_styles': None, 'banner_color': None, 'clan': None, 'primary_guild': None}, 'pinned': False, 'mention_everyone': False, 'tts': False, 'nonce': '9456112683242190226'}
[2025-09-14 13:46:07] [DEBUG   ] discord.client: Dispatching event command_completion
[2025-09-14 13:46:18] [DEBUG   ] discord.gateway: For Shard ID None: WebSocket Event: {'t': 'MESSAGE_CREATE', 's': 13, 'op': 0, 'd': {'type': 0, 'tts': False, 'timestamp': '2025-09-14T08:16:17.738000+00:00', 'pinned': False, 'nonce': '1416699061741813760', 'mentions': [], 'mention_roles': [], 'mention_everyone': False, 'member': {'roles': ['1409601424068710555'], 'premium_since': None, 'pending': False, 'nick': None, 'mute': False, 'joined_at': '2025-08-25T17:05:08.781000+00:00', 'flags': 0, 'deaf': False, 'communication_disabled_until': None, 'banner': None, 'avatar': None}, 'id': '1416699063516139603', 'flags': 0, 'embeds': [], 'edited_timestamp': None, 'content': '/lyrics shape of you - ed sheeran', 'components': [], 'channel_type': 0, 'channel_id': '1409585633638219947', 'author': {'username': 'saharsh8995', 'public_flags': 0, 'primary_guild': None, 'id': '1074144319486836786', 'global_name': 'Saharsh', 'display_name_styles': None, 'discriminator': '0', 'collectibles': None, 'clan': None, 'avatar_decoration_data': None, 'avatar': None}, 'attachments': [], 'guild_id': '1409584395437740077'}}
[2025-09-14 13:46:18] [DEBUG   ] discord.client: Dispatching event socket_event_type
[2025-09-14 13:46:18] [DEBUG   ] discord.client: Dispatching event message
[2025-09-14 13:46:18] [DEBUG   ] discord.client: Dispatching event command
[2025-09-14 13:46:20] [DEBUG   ] discord.gateway: For Shard ID None: WebSocket Event: {'t': 'MESSAGE_CREATE', 's': 14, 'op': 0, 'd': {'type': 0, 'tts': False, 'timestamp': '2025-09-14T08:16:20.299000+00:00', 'pinned': False, 'nonce': '17217060869554575841', 'mentions': [], 'mention_roles': [], 'mention_everyone': False, 'member': {'roles': ['1409585907538985143'], 'premium_since': None, 'pending': False, 'nick': None, 'mute': False, 'joined_at': '2025-08-25T17:11:09.283000+00:00', 'flags': 0, 'deaf': False, 'communication_disabled_until': None, 'banner': None, 'avatar': None}, 'id': '1416699074257617020', 'flags': 0, 'embeds': [], 'edited_timestamp': None, 'content': 'Lyrics loading...', 'components': [], 'channel_type': 0, 'channel_id': '1409585633638219947', 'author': {'username': 'LyricLounge', 'public_flags': 0, 'primary_guild': None, 'id': '1409582897006117026', 'global_name': None, 'display_name_styles': None, 'discriminator': '1906', 'collectibles': None, 'clan': None, 'bot': True, 'avatar_decoration_data': None, 'avatar': None}, 'attachments': [], 'guild_id': '1409584395437740077'}}
[2025-09-14 13:46:20] [DEBUG   ] discord.client: Dispatching event socket_event_type
[2025-09-14 13:46:20] [DEBUG   ] discord.client: Dispatching event message
[2025-09-14 13:46:20] [DEBUG   ] discord.http: POST https://discord.com/api/v10/channels/1409585633638219947/messages with {"content":"Lyrics loading...","components":[],"nonce":"17217060869554575841","enforce_nonce":true,"tts":false} has returned 200
[2025-09-14 13:46:20] [DEBUG   ] discord.http: POST https://discord.com/api/v10/channels/1409585633638219947/messages has received {'type': 0, 'content': 'Lyrics loading...', 'mentions': [], 'mention_roles': [], 'attachments': [], 'embeds': [], 'timestamp': '2025-09-14T08:16:20.299000+00:00', 'edited_timestamp': None, 'flags': 0, 'components': [], 'id': '1416699074257617020', 'channel_id': '1409585633638219947', 'author': {'id': '1409582897006117026', 'username': 'LyricLounge', 'avatar': None, 'discriminator': '1906', 'public_flags': 0, 'flags': 0, 'bot': True, 'banner': None, 'accent_color': None, 'global_name': None, 'avatar_decoration_data': None, 'collectibles': None, 'display_name_styles': None, 'banner_color': None, 'clan': None, 'primary_guild': None}, 'pinned': False, 'mention_everyone': False, 'tts': False, 'nonce': '17217060869554575841'}
[2025-09-14 13:46:21] [DEBUG   ] discord.gateway: For Shard ID None: WebSocket Event: {'t': 'MESSAGE_CREATE', 's': 15, 'op': 0, 'd': {'type': 0, 'tts': False, 'timestamp': '2025-09-14T08:16:21.198000+00:00', 'pinned': False, 'nonce': '10144631189695006646', 'mentions': [], 'mention_roles': [], 'mention_everyone': False, 'member': {'roles': ['1409585907538985143'], 'premium_since': None, 'pending': False, 'nick': None, 'mute': False, 'joined_at': '2025-08-25T17:11:09.283000+00:00', 'flags': 0, 'deaf': False, 'communication_disabled_until': None, 'banner': None, 'avatar': None}, 'id': '1416699078028431441', 'flags': 0, 'embeds': [], 'edited_timestamp': None, 'content': 'Lyrics too long, sent as file:', 'components': [], 'channel_type': 0, 'channel_id': '1409585633638219947', 'author': {'username': 'LyricLounge', 'public_flags': 0, 'primary_guild': None, 'id': '1409582897006117026', 'global_name': None, 'display_name_styles': None, 'discriminator': '1906', 'collectibles': None, 'clan': None, 'bot': True, 'avatar_decoration_data': None, 'avatar': None}, 'attachments': [{'url': 'https://cdn.discordapp.com/attachments/1409585633638219947/1416699077818585190/lyrics.txt?ex=68c7cb55&is=68c679d5&hm=e30a587d3430efd959401fe14bde887fe19ff5cb84cc6e854fefcc50037e1628&', 'size': 3190, 'proxy_url': 'https://media.discordapp.net/attachments/1409585633638219947/1416699077818585190/lyrics.txt?ex=68c7cb55&is=68c679d5&hm=e30a587d3430efd959401fe14bde887fe19ff5cb84cc6e854fefcc50037e1628&', 'id': '1416699077818585190', 'filename': 'lyrics.txt', 'content_type': 'text/plain; charset=utf-8', 'content_scan_version': 0}], 'guild_id': '1409584395437740077'}}
[2025-09-14 13:46:21] [DEBUG   ] discord.client: Dispatching event socket_event_type
[2025-09-14 13:46:21] [DEBUG   ] discord.client: Dispatching event message
[2025-09-14 13:46:21] [DEBUG   ] discord.http: POST https://discord.com/api/v10/channels/1409585633638219947/messages with <aiohttp.formdata.FormData object at 0x772cd80bf3b0> has returned 200
[2025-09-14 13:46:21] [DEBUG   ] discord.http: POST https://discord.com/api/v10/channels/1409585633638219947/messages has received {'type': 0, 'content': 'Lyrics too long, sent as file:', 'mentions': [], 'mention_roles': [], 'attachments': [{'id': '1416699077818585190', 'filename': 'lyrics.txt', 'size': 3190, 'url': 'https://cdn.discordapp.com/attachments/1409585633638219947/1416699077818585190/lyrics.txt?ex=68c7cb55&is=68c679d5&hm=e30a587d3430efd959401fe14bde887fe19ff5cb84cc6e854fefcc50037e1628&', 'proxy_url': 'https://media.discordapp.net/attachments/1409585633638219947/1416699077818585190/lyrics.txt?ex=68c7cb55&is=68c679d5&hm=e30a587d3430efd959401fe14bde887fe19ff5cb84cc6e854fefcc50037e1628&', 'content_type': 'text/plain; charset=utf-8', 'content_scan_version': 0}], 'embeds': [], 'timestamp': '2025-09-14T08:16:21.198000+00:00', 'edited_timestamp': None, 'flags': 0, 'components': [], 'id': '1416699078028431441', 'channel_id': '1409585633638219947', 'author': {'id': '1409582897006117026', 'username': 'LyricLounge', 'avatar': None, 'discriminator': '1906', 'public_flags': 0, 'flags': 0, 'bot': True, 'banner': None, 'accent_color': None, 'global_name': None, 'avatar_decoration_data': None, 'collectibles': None, 'display_name_styles': None, 'banner_color': None, 'clan': None, 'primary_guild': None}, 'pinned': False, 'mention_everyone': False, 'tts': False, 'nonce': '10144631189695006646'}
[2025-09-14 13:46:21] [DEBUG   ] discord.client: Dispatching event command_completion
[2025-09-14 13:46:22] [DEBUG   ] discord.gateway: For Shard ID None: WebSocket Event: {'t': 'MESSAGE_UPDATE', 's': 16, 'op': 0, 'd': {'type': 0, 'tts': False, 'timestamp': '2025-09-14T08:16:21.198000+00:00', 'pinned': False, 'mentions': [], 'mention_roles': [], 'mention_everyone': False, 'member': {'roles': ['1409585907538985143'], 'premium_since': None, 'pending': False, 'nick': None, 'mute': False, 'joined_at': '2025-08-25T17:11:09.283000+00:00', 'flags': 0, 'deaf': False, 'communication_disabled_until': None, 'banner': None, 'avatar': None}, 'id': '1416699078028431441', 'flags': 0, 'embeds': [], 'edited_timestamp': None, 'content': 'Lyrics too long, sent as file:', 'components': [], 'channel_type': 0, 'channel_id': '1409585633638219947', 'author': {'username': 'LyricLounge', 'public_flags': 0, 'primary_guild': None, 'id': '1409582897006117026', 'global_name': None, 'display_name_styles': None, 'discriminator': '1906', 'collectibles': None, 'clan': None, 'bot': True, 'avatar_decoration_data': None, 'avatar': None}, 'attachments': [{'url': 'https://cdn.discordapp.com/attachments/1409585633638219947/1416699077818585190/lyrics.txt?ex=68c7cb55&is=68c679d5&hm=e30a587d3430efd959401fe14bde887fe19ff5cb84cc6e854fefcc50037e1628&', 'size': 3190, 'proxy_url': 'https://media.discordapp.net/attachments/1409585633638219947/1416699077818585190/lyrics.txt?ex=68c7cb55&is=68c679d5&hm=e30a587d3430efd959401fe14bde887fe19ff5cb84cc6e854fefcc50037e1628&', 'id': '1416699077818585190', 'filename': 'lyrics.txt', 'content_type': 'text/plain; charset=utf-8', 'content_scan_version': 2}], 'guild_id': '1409584395437740077'}}
[2025-09-14 13:46:22] [DEBUG   ] discord.client: Dispatching event socket_event_type
[2025-09-14 13:46:22] [DEBUG   ] discord.client: Dispatching event raw_message_edit
[2025-09-14 13:46:22] [DEBUG   ] discord.client: Dispatching event message_edit
[2025-09-14 13:46:37] [DEBUG   ] discord.gateway: Keeping shard ID None websocket alive with sequence 16.
[2025-09-14 13:46:38] [DEBUG   ] discord.gateway: For Shard ID None: WebSocket Event: {'t': None, 's': None, 'op': 11, 'd': None}
[2025-09-14 13:47:07] [DEBUG   ] discord.gateway: For Shard ID None: WebSocket Event: {'t': 'TYPING_START', 's': 17, 'op': 0, 'd': {'user_id': '1411726577225695243', 'timestamp': 1757837827, 'member': {'user': {'username': 'merlin258', 'public_flags': 0, 'primary_guild': None, 'id': '1411726577225695243', 'global_name': 'Merlin', 'display_name_styles': None, 'display_name': 'Merlin', 'discriminator': '0', 'collectibles': None, 'bot': False, 'avatar_decoration_data': None, 'avatar': 'f90146757748c05c3c347d06f0f88bde'}, 'roles': [], 'premium_since': None, 'pending': False, 'nick': None, 'mute': False, 'joined_at': '2025-09-08T08:18:06.074000+00:00', 'flags': 0, 'deaf': False, 'communication_disabled_until': None, 'banner': None, 'avatar': None}, 'channel_id': '1409585633638219947', 'guild_id': '1409584395437740077'}}
[2025-09-14 13:47:07] [DEBUG   ] discord.client: Dispatching event socket_event_type
[2025-09-14 13:47:07] [DEBUG   ] discord.client: Dispatching event typing
[2025-09-14 13:47:07] [DEBUG   ] discord.client: Dispatching event raw_typing
[2025-09-14 13:47:16] [DEBUG   ] discord.gateway: For Shard ID None: WebSocket Event: {'t': 'MESSAGE_CREATE', 's': 18, 'op': 0, 'd': {'type': 0, 'tts': False, 'timestamp': '2025-09-14T08:17:15.730000+00:00', 'pinned': False, 'nonce': '1416699299047145472', 'mentions': [], 'mention_roles': [], 'mention_everyone': False, 'member': {'roles': [], 'premium_since': None, 'pending': False, 'nick': None, 'mute': False, 'joined_at': '2025-09-08T08:18:06.074000+00:00', 'flags': 0, 'deaf': False, 'communication_disabled_until': None, 'banner': None, 'avatar': None}, 'id': '1416699306752086137', 'flags': 0, 'embeds': [], 'edited_timestamp': None, 'content': 'Bro les change eee project', 'components': [], 'channel_type': 0, 'channel_id': '1409585633638219947', 'author': {'username': 'merlin258', 'public_flags': 0, 'primary_guild': None, 'id': '1411726577225695243', 'global_name': 'Merlin', 'display_name_styles': None, 'discriminator': '0', 'collectibles': None, 'clan': None, 'avatar_decoration_data': None, 'avatar': 'f90146757748c05c3c347d06f0f88bde'}, 'attachments': [], 'guild_id': '1409584395437740077'}}
[2025-09-14 13:47:16] [DEBUG   ] discord.client: Dispatching event socket_event_type
[2025-09-14 13:47:16] [DEBUG   ] discord.client: Dispatching event message
[2025-09-14 13:47:18] [DEBUG   ] discord.gateway: Keeping shard ID None websocket alive with sequence 18.
[2025-09-14 13:47:19] [DEBUG   ] discord.gateway: For Shard ID None: WebSocket Event: {'t': None, 's': None, 'op': 11, 'd': None}
[2025-09-14 13:47:30] [DEBUG   ] discord.gateway: For Shard ID None: WebSocket Event: {'t': 'MESSAGE_CREATE', 's': 19, 'op': 0, 'd': {'type': 0, 'tts': False, 'timestamp': '2025-09-14T08:17:30.484000+00:00', 'pinned': False, 'nonce': '1416699347281641472', 'mentions': [], 'mention_roles': [], 'mention_everyone': False, 'member': {'roles': [], 'premium_since': None, 'pending': False, 'nick': None, 'mute': False, 'joined_at': '2025-09-08T08:18:06.074000+00:00', 'flags': 0, 'deaf': False, 'communication_disabled_until': None, 'banner': None, 'avatar': None}, 'id': '1416699368634847242', 'flags': 0, 'embeds': [], 'edited_timestamp': None, 'content': 'thing which automatically offs lights when 11:00 pm', 'components': [], 'channel_type': 0, 'channel_id': '1409585633638219947', 'author': {'username': 'merlin258', 'public_flags': 0, 'primary_guild': None, 'id': '1411726577225695243', 'global_name': 'Merlin', 'display_name_styles': None, 'discriminator': '0', 'collectibles': None, 'clan': None, 'avatar_decoration_data': None, 'avatar': 'f90146757748c05c3c347d06f0f88bde'}, 'attachments': [], 'guild_id': '1409584395437740077'}}
[2025-09-14 13:47:30] [DEBUG   ] discord.client: Dispatching event socket_event_type
[2025-09-14 13:47:30] [DEBUG   ] discord.client: Dispatching event message
