[2025-08-27 18:05:21] [INFO    ] discord.client: logging in using static token
[2025-08-27 18:05:22] [DEBUG   ] discord.http: GET https://discord.com/api/v10/users/@me with None has returned 200
[2025-08-27 18:05:22] [DEBUG   ] discord.http: GET /users/@me has found its initial rate limit bucket hash (78bb8553d9352a5a2f89f9def401287a).
[2025-08-27 18:05:22] [DEBUG   ] discord.http: GET https://discord.com/api/v10/users/@me has received {'id': '1409582897006117026', 'username': 'LyricLounge', 'avatar': None, 'discriminator': '1906', 'public_flags': 0, 'flags': 0, 'bot': True, 'banner': None, 'accent_color': None, 'global_name': None, 'avatar_decoration_data': None, 'collectibles': None, 'display_name_styles': None, 'banner_color': None, 'clan': None, 'primary_guild': None, 'mfa_enabled': False, 'locale': 'en-US', 'premium_type': 0, 'email': None, 'verified': True, 'bio': ''}
[2025-08-27 18:05:22] [DEBUG   ] discord.http: GET https://discord.com/api/v10/oauth2/applications/@me with None has returned 200
[2025-08-27 18:05:22] [DEBUG   ] discord.http: GET /oauth2/applications/@me has found its initial rate limit bucket hash (d28a133af187e91d71d96a223467ce49).
[2025-08-27 18:05:22] [DEBUG   ] discord.http: GET https://discord.com/api/v10/oauth2/applications/@me has received {'id': '1409582897006117026', 'name': 'LyricLounge', 'icon': None, 'description': '', 'type': None, 'bot': {'id': '1409582897006117026', 'username': 'LyricLounge', 'avatar': None, 'discriminator': '1906', 'public_flags': 0, 'flags': 0, 'bot': True, 'banner': None, 'accent_color': None, 'global_name': None, 'avatar_decoration_data': None, 'collectibles': None, 'display_name_styles': None, 'banner_color': None, 'clan': None, 'primary_guild': None}, 'summary': '', 'is_monetized': False, 'is_verified': False, 'is_discoverable': False, 'bot_public': True, 'bot_require_code_grant': False, 'install_params': {'scopes': ['applications.commands'], 'permissions': '0'}, 'integration_types_config': {'0': {'oauth2_install_params': {'scopes': ['applications.commands'], 'permissions': '0'}}, '1': {'oauth2_install_params': {'scopes': ['applications.commands'], 'permissions': '0'}}}, 'verify_key': 'd0f2623bb45bbd6df4706f323f0070c317b258c524aa211033904d35ff3487be', 'flags': 557056, 'hook': True, 'storefront_available': False, 'redirect_uris': [], 'interactions_endpoint_url': None, 'role_connections_verification_url': None, 'owner': {'id': '1074144319486836786', 'username': 'saharsh8995', 'avatar': None, 'discriminator': '0', 'public_flags': 0, 'flags': 0, 'banner': None, 'accent_color': None, 'global_name': 'Saharsh', 'avatar_decoration_data': None, 'collectibles': None, 'display_name_styles': None, 'banner_color': None, 'clan': None, 'primary_guild': None}, 'approximate_guild_count': 1, 'approximate_user_install_count': 0, 'approximate_user_authorization_count': 0, 'interactions_event_types': [], 'interactions_version': 1, 'explicit_content_filter': 0, 'rpc_application_state': 0, 'store_application_state': 1, 'verification_state': 1, 'integration_public': True, 'integration_require_code_grant': False, 'discoverability_state': 1, 'discovery_eligibility_flags': 224, 'monetization_state': 1, 'verification_eligibility_flags': 91036, 'monetization_eligibility_flags': 181988, 'team': None, 'internal_guild_restriction': 2, 'approved_consoles': []}
[2025-08-27 18:05:23] [DEBUG   ] discord.gateway: Created websocket connected to wss://gateway.discord.gg/
[2025-08-27 18:05:23] [DEBUG   ] discord.gateway: For Shard ID None: WebSocket Event: {'t': None, 's': None, 'op': 10, 'd': {'heartbeat_interval': 41250, '_trace': ['["gateway-prd-arm-us-east1-c-8lkt",{"micros":0.0}]']}}
[2025-08-27 18:05:23] [DEBUG   ] discord.gateway: Shard ID None has sent the IDENTIFY payload.
[2025-08-27 18:05:24] [DEBUG   ] discord.gateway: For Shard ID None: WebSocket Event: {'t': None, 's': None, 'op': 11, 'd': None}
[2025-08-27 18:05:24] [DEBUG   ] discord.gateway: For Shard ID None: WebSocket Event: {'t': 'READY', 's': 1, 'op': 0, 'd': {'v': 10, 'user_settings': {}, 'user': {'verified': True, 'username': 'LyricLounge', 'primary_guild': None, 'mfa_enabled': False, 'id': '1409582897006117026', 'global_name': None, 'flags': 0, 'email': None, 'discriminator': '1906', 'clan': None, 'bot': True, 'avatar': None}, 'session_type': 'normal', 'session_id': 'b0e5d621e22d07453d03c04c07d4cfcd', 'resume_gateway_url': 'wss://gateway-us-east1-c.discord.gg', 'relationships': [], 'private_channels': [], 'presences': [], 'guilds': [{'unavailable': True, 'id': '1409584395437740077'}], 'guild_join_requests': [], 'geo_ordered_rtc_regions': ['india', 'dubai', 'singapore', 'saudi-arabia', 'hongkong'], 'game_relationships': [], 'auth': {}, 'application': {'id': '1409582897006117026', 'flags': 557056}, '_trace': ['["gateway-prd-arm-us-east1-c-8lkt",{"micros":90133,"calls":["id_created",{"micros":487,"calls":[]},"session_lookup_time",{"micros":1238,"calls":[]},"session_lookup_finished",{"micros":10,"calls":[]},"discord-sessions-prd-2-110",{"micros":87207,"calls":["start_session",{"micros":64069,"calls":["discord-api-rpc-68f46886fd-fld5q",{"micros":39890,"calls":["get_user",{"micros":9869},"get_guilds",{"micros":2543},"send_scheduled_deletion_message",{"micros":11},"guild_join_requests",{"micros":389},"authorized_ip_coro",{"micros":9},"pending_payments",{"micros":13536},"apex_experiments",{"micros":3898},"user_activities",{"micros":5},"played_application_ids",{"micros":9}]}]},"starting_guild_connect",{"micros":52,"calls":[]},"presence_started",{"micros":2555,"calls":[]},"guilds_started",{"micros":54,"calls":[]},"lobbies_started",{"micros":1,"calls":[]},"guilds_connect",{"micros":1,"calls":[]},"presence_connect",{"micros":20459,"calls":[]},"connect_finished",{"micros":20463,"calls":[]},"build_ready",{"micros":11,"calls":[]},"clean_ready",{"micros":0,"calls":[]},"optimize_ready",{"micros":0,"calls":[]},"split_ready",{"micros":1,"calls":[]}]}]}]']}}
[2025-08-27 18:05:24] [DEBUG   ] discord.client: Dispatching event socket_event_type
[2025-08-27 18:05:24] [INFO    ] discord.gateway: Shard ID None has connected to Gateway (Session ID: b0e5d621e22d07453d03c04c07d4cfcd).
[2025-08-27 18:05:24] [DEBUG   ] discord.client: Dispatching event connect
[2025-08-27 18:05:24] [DEBUG   ] discord.gateway: For Shard ID None: WebSocket Event: {'t': 'GUILD_CREATE', 's': 2, 'op': 0, 'd': {'roles': [{'version': 1756141508865, 'unicode_emoji': None, 'tags': {}, 'position': 0, 'permissions': '2248473465835073', 'name': '@everyone', 'mentionable': False, 'managed': False, 'id': '1409584395437740077', 'icon': None, 'hoist': False, 'flags': 0, 'colors': {'tertiary_color': None, 'secondary_color': None, 'primary_color': 0}, 'color': 0}, {'version': 1756171905906, 'unicode_emoji': None, 'tags': {'bot_id': '1409582897006117026'}, 'position': 2, 'permissions': '2815213892398144', 'name': 'youtube_tutorial', 'mentionable': False, 'managed': True, 'id': '1409585907538985143', 'icon': None, 'hoist': False, 'flags': 0, 'colors': {'tertiary_color': None, 'secondary_color': None, 'primary_color': 0}, 'color': 0}, {'version': 1756171904990, 'unicode_emoji': None, 'tags': {}, 'position': 1, 'permissions': '0', 'name': 'legends', 'mentionable': False, 'managed': False, 'id': '1409601424068710555', 'icon': None, 'hoist': False, 'flags': 0, 'colors': {'tertiary_color': None, 'secondary_color': None, 'primary_color': 15277667}, 'color': 15277667}], 'nsfw_level': 0, 'application_command_counts': {}, 'vanity_url_code': None, 'afk_timeout': 300, 'system_channel_id': '1409584396226527304', 'profile': None, 'emojis': [], 'soundboard_sounds': [], 'system_channel_flags': 0, 'id': '1409584395437740077', 'rules_channel_id': None, 'name': 'test_server', 'region': 'deprecated', 'premium_tier': 0, 'inventory_settings': None, 'channels': [{'version': 1756141508875, 'type': 4, 'position': 0, 'permission_overwrites': [], 'name': 'Text Channels', 'id': '1409584396226527302', 'flags': 0}, {'version': 1756141508885, 'type': 4, 'position': 0, 'permission_overwrites': [], 'name': 'Voice Channels', 'id': '1409584396226527303', 'flags': 0}, {'version': 1756141508900, 'type': 0, 'topic': None, 'rate_limit_per_user': 0, 'position': 0, 'permission_overwrites': [], 'parent_id': '1409584396226527302', 'name': 'general', 'last_message_id': '1410221687450107914', 'id': '1409584396226527304', 'icon_emoji': {'name': 'ðŸ‘‹', 'id': None}, 'flags': 0}, {'version': 1756141508907, 'user_limit': 0, 'type': 2, 'rtc_region': None, 'rate_limit_per_user': 0, 'position': 0, 'permission_overwrites': [], 'parent_id': '1409584396226527303', 'name': 'General', 'last_message_id': None, 'id': '1409584396226527305', 'icon_emoji': {'name': 'ðŸŽ™', 'id': None}, 'flags': 0, 'bitrate': 64000}, {'version': 1756141803901, 'type': 0, 'topic': None, 'rate_limit_per_user': 0, 'position': 1, 'permission_overwrites': [], 'parent_id': '1409584396226527303', 'name': 'bot-try', 'last_message_id': '1410227959847190659', 'id': '1409585633638219947', 'flags': 0}], 'stage_instances': [], 'premium_features': None, 'large': False, 'default_message_notifications': 0, 'joined_at': '2025-08-25T17:11:09.283000+00:00', 'guild_scheduled_events': [], 'threads': [], 'explicit_content_filter': 0, 'features': [], 'embedded_activities': [], 'max_stage_video_channel_users': 50, 'description': None, 'splash': None, 'premium_progress_bar_enabled': False, 'premium_subscription_count': 0, 'members': [{'user': {'username': 'LyricLounge', 'public_flags': 0, 'primary_guild': None, 'id': '1409582897006117026', 'global_name': None, 'display_name_styles': None, 'display_name': None, 'discriminator': '1906', 'collectibles': None, 'bot': True, 'avatar_decoration_data': None, 'avatar': None}, 'roles': ['1409585907538985143'], 'premium_since': None, 'pending': False, 'nick': None, 'mute': False, 'joined_at': '2025-08-25T17:11:09.283000+00:00', 'flags': 0, 'deaf': False, 'communication_disabled_until': None, 'banner': None, 'avatar': None}], 'voice_states': [], 'discovery_splash': None, 'activity_instances': [], 'hub_type': None, 'incidents_data': None, 'home_header': None, 'owner_id': '1074144319486836786', 'nsfw': False, 'banner': None, 'icon': None, 'stickers': [], 'max_members': 25000000, 'application_id': None, 'latest_onboarding_question_id': None, 'mfa_level': 0, 'owner_configured_content_level': 0, 'preferred_locale': 'en-US', 'safety_alerts_channel_id': None, 'unavailable': False, 'member_count': 7, 'version': 1756141681833, 'max_video_channel_users': 25, 'verification_level': 0, 'lazy': True, 'presences': [], 'afk_channel_id': None, 'moderator_reporting': None, 'public_updates_channel_id': None}}
[2025-08-27 18:05:24] [DEBUG   ] discord.client: Dispatching event socket_event_type
[2025-08-27 18:05:24] [DEBUG   ] discord.gateway: For Shard ID None: WebSocket Event: {'t': 'GUILD_MEMBERS_CHUNK', 's': 3, 'op': 0, 'd': {'nonce': '410780481c19375525f987e450fdc5b0', 'members': [{'user': {'username': 'rishik_raj', 'public_flags': 0, 'primary_guild': None, 'id': '816992763223867424', 'global_name': 'Rishik', 'display_name_styles': None, 'display_name': 'Rishik', 'discriminator': '0', 'collectibles': None, 'bot': False, 'avatar_decoration_data': None, 'avatar': None}, 'roles': [], 'premium_since': None, 'pending': False, 'nick': None, 'mute': False, 'joined_at': '2025-08-25T17:52:28.415000+00:00', 'flags': 0, 'deaf': False, 'communication_disabled_until': None, 'banner': None, 'avatar': None}, {'user': {'username': 'saharsh8995', 'public_flags': 0, 'primary_guild': None, 'id': '1074144319486836786', 'global_name': 'Saharsh', 'display_name_styles': None, 'display_name': 'Saharsh', 'discriminator': '0', 'collectibles': None, 'bot': False, 'avatar_decoration_data': None, 'avatar': None}, 'roles': ['1409601424068710555'], 'premium_since': None, 'pending': False, 'nick': None, 'mute': False, 'joined_at': '2025-08-25T17:05:08.781000+00:00', 'flags': 0, 'deaf': False, 'communication_disabled_until': None, 'banner': None, 'avatar': None}, {'user': {'username': 'devpl322_02960', 'public_flags': 0, 'primary_guild': None, 'id': '1269100208109912166', 'global_name': 'Dev Narayan U', 'display_name_styles': None, 'display_name': 'Dev Narayan U', 'discriminator': '0', 'collectibles': None, 'bot': False, 'avatar_decoration_data': None, 'avatar': None}, 'roles': ['1409601424068710555'], 'premium_since': None, 'pending': False, 'nick': None, 'mute': False, 'joined_at': '2025-08-26T07:51:03.639000+00:00', 'flags': 0, 'deaf': False, 'communication_disabled_until': None, 'banner': None, 'avatar': None}, {'user': {'username': 'sarveshsudheer', 'public_flags': 0, 'primary_guild': None, 'id': '1396876177708154962', 'global_name': 'Sarvesh Sudheer', 'display_name_styles': None, 'display_name': 'Sarvesh Sudheer', 'discriminator': '0', 'collectibles': None, 'bot': False, 'avatar_decoration_data': None, 'avatar': '5445ffd7ffb201a98393cbdf684ea4b1'}, 'roles': ['1409601424068710555'], 'premium_since': None, 'pending': False, 'nick': None, 'mute': False, 'joined_at': '2025-08-26T02:32:36.857000+00:00', 'flags': 0, 'deaf': False, 'communication_disabled_until': None, 'banner': None, 'avatar': None}, {'user': {'username': 'whitelizard46', 'public_flags': 0, 'primary_guild': None, 'id': '1397846588189311069', 'global_name': 'Elliot', 'display_name_styles': None, 'display_name': 'Elliot', 'discriminator': '0', 'collectibles': None, 'bot': False, 'avatar_decoration_data': None, 'avatar': '8542978250de288e9fcc523882a21e96'}, 'roles': ['1409601424068710555'], 'premium_since': None, 'pending': False, 'nick': None, 'mute': False, 'joined_at': '2025-08-26T08:42:39.113000+00:00', 'flags': 0, 'deaf': False, 'communication_disabled_until': None, 'banner': None, 'avatar': None}, {'user': {'username': 'LyricLounge', 'public_flags': 0, 'primary_guild': None, 'id': '1409582897006117026', 'global_name': None, 'display_name_styles': None, 'display_name': None, 'discriminator': '1906', 'collectibles': None, 'bot': True, 'avatar_decoration_data': None, 'avatar': None}, 'roles': ['1409585907538985143'], 'premium_since': None, 'pending': False, 'nick': None, 'mute': False, 'joined_at': '2025-08-25T17:11:09.283000+00:00', 'flags': 0, 'deaf': False, 'communication_disabled_until': None, 'banner': None, 'avatar': None}, {'user': {'username': 'sonips.', 'public_flags': 0, 'primary_guild': None, 'id': '1410220756620808192', 'global_name': 'Soni Ps', 'display_name_styles': None, 'display_name': 'Soni Ps', 'discriminator': '0', 'collectibles': None, 'bot': False, 'avatar_decoration_data': None, 'avatar': '5445ffd7ffb201a98393cbdf684ea4b1'}, 'roles': ['1409601424068710555'], 'premium_since': None, 'pending': False, 'nick': None, 'mute': False, 'joined_at': '2025-08-27T11:17:29.071000+00:00', 'flags': 0, 'deaf': False, 'communication_disabled_until': None, 'banner': None, 'avatar': None}], 'guild_id': '1409584395437740077', 'chunk_index': 0, 'chunk_count': 1}}
[2025-08-27 18:05:24] [DEBUG   ] discord.client: Dispatching event socket_event_type
[2025-08-27 18:05:24] [DEBUG   ] discord.state: Processed a chunk for 7 members in guild ID 1409584395437740077.
[2025-08-27 18:05:26] [DEBUG   ] discord.client: Dispatching event guild_available
[2025-08-27 18:05:26] [DEBUG   ] discord.client: Dispatching event ready
[2025-08-27 18:06:04] [DEBUG   ] discord.gateway: Keeping shard ID None websocket alive with sequence 3.
[2025-08-27 18:06:05] [DEBUG   ] discord.gateway: For Shard ID None: WebSocket Event: {'t': None, 's': None, 'op': 11, 'd': None}
[2025-08-27 18:06:46] [DEBUG   ] discord.gateway: Keeping shard ID None websocket alive with sequence 3.
[2025-08-27 18:06:46] [DEBUG   ] discord.gateway: For Shard ID None: WebSocket Event: {'t': None, 's': None, 'op': 11, 'd': None}
[2025-08-27 18:07:27] [DEBUG   ] discord.gateway: Keeping shard ID None websocket alive with sequence 3.
[2025-08-27 18:07:27] [DEBUG   ] discord.gateway: For Shard ID None: WebSocket Event: {'t': None, 's': None, 'op': 11, 'd': None}
[2025-08-27 18:08:08] [DEBUG   ] discord.gateway: Keeping shard ID None websocket alive with sequence 3.
[2025-08-27 18:08:08] [DEBUG   ] discord.gateway: For Shard ID None: WebSocket Event: {'t': None, 's': None, 'op': 11, 'd': None}
[2025-08-27 18:08:49] [DEBUG   ] discord.gateway: Keeping shard ID None websocket alive with sequence 3.
[2025-08-27 18:08:50] [DEBUG   ] discord.gateway: For Shard ID None: WebSocket Event: {'t': None, 's': None, 'op': 11, 'd': None}
[2025-08-27 18:09:31] [DEBUG   ] discord.gateway: Keeping shard ID None websocket alive with sequence 3.
[2025-08-27 18:09:31] [DEBUG   ] discord.gateway: For Shard ID None: WebSocket Event: {'t': None, 's': None, 'op': 11, 'd': None}
[2025-08-27 18:10:12] [DEBUG   ] discord.gateway: Keeping shard ID None websocket alive with sequence 3.
[2025-08-27 18:10:12] [DEBUG   ] discord.gateway: For Shard ID None: WebSocket Event: {'t': None, 's': None, 'op': 11, 'd': None}
[2025-08-27 18:10:53] [DEBUG   ] discord.gateway: Keeping shard ID None websocket alive with sequence 3.
[2025-08-27 18:10:54] [DEBUG   ] discord.gateway: For Shard ID None: WebSocket Event: {'t': None, 's': None, 'op': 11, 'd': None}
[2025-08-27 18:11:34] [DEBUG   ] discord.gateway: Keeping shard ID None websocket alive with sequence 3.
[2025-08-27 18:11:35] [DEBUG   ] discord.gateway: For Shard ID None: WebSocket Event: {'t': None, 's': None, 'op': 11, 'd': None}
[2025-08-27 18:12:16] [DEBUG   ] discord.gateway: Keeping shard ID None websocket alive with sequence 3.
[2025-08-27 18:12:16] [DEBUG   ] discord.gateway: For Shard ID None: WebSocket Event: {'t': None, 's': None, 'op': 11, 'd': None}
[2025-08-27 18:12:57] [DEBUG   ] discord.gateway: Keeping shard ID None websocket alive with sequence 3.
[2025-08-27 18:12:57] [DEBUG   ] discord.gateway: For Shard ID None: WebSocket Event: {'t': None, 's': None, 'op': 11, 'd': None}
[2025-08-27 18:13:38] [DEBUG   ] discord.gateway: Keeping shard ID None websocket alive with sequence 3.
[2025-08-27 18:13:39] [DEBUG   ] discord.gateway: For Shard ID None: WebSocket Event: {'t': None, 's': None, 'op': 11, 'd': None}
[2025-08-27 18:14:19] [DEBUG   ] discord.gateway: Keeping shard ID None websocket alive with sequence 3.
[2025-08-27 18:14:20] [DEBUG   ] discord.gateway: For Shard ID None: WebSocket Event: {'t': None, 's': None, 'op': 11, 'd': None}
[2025-08-27 18:15:01] [DEBUG   ] discord.gateway: Keeping shard ID None websocket alive with sequence 3.
[2025-08-27 18:15:01] [DEBUG   ] discord.gateway: For Shard ID None: WebSocket Event: {'t': None, 's': None, 'op': 11, 'd': None}
[2025-08-27 18:15:42] [DEBUG   ] discord.gateway: Keeping shard ID None websocket alive with sequence 3.
[2025-08-27 18:15:42] [DEBUG   ] discord.gateway: For Shard ID None: WebSocket Event: {'t': None, 's': None, 'op': 11, 'd': None}
[2025-08-27 18:16:23] [DEBUG   ] discord.gateway: Keeping shard ID None websocket alive with sequence 3.
[2025-08-27 18:16:23] [DEBUG   ] discord.gateway: For Shard ID None: WebSocket Event: {'t': None, 's': None, 'op': 11, 'd': None}
[2025-08-27 18:17:04] [DEBUG   ] discord.gateway: Keeping shard ID None websocket alive with sequence 3.
[2025-08-27 18:17:05] [DEBUG   ] discord.gateway: For Shard ID None: WebSocket Event: {'t': None, 's': None, 'op': 11, 'd': None}
[2025-08-27 18:17:46] [DEBUG   ] discord.gateway: Keeping shard ID None websocket alive with sequence 3.
[2025-08-27 18:17:46] [DEBUG   ] discord.gateway: For Shard ID None: WebSocket Event: {'t': None, 's': None, 'op': 11, 'd': None}
[2025-08-27 18:18:27] [DEBUG   ] discord.gateway: Keeping shard ID None websocket alive with sequence 3.
[2025-08-27 18:18:27] [DEBUG   ] discord.gateway: For Shard ID None: WebSocket Event: {'t': None, 's': None, 'op': 11, 'd': None}
[2025-08-27 18:19:08] [DEBUG   ] discord.gateway: Keeping shard ID None websocket alive with sequence 3.
[2025-08-27 18:19:09] [DEBUG   ] discord.gateway: For Shard ID None: WebSocket Event: {'t': None, 's': None, 'op': 11, 'd': None}
[2025-08-27 18:19:49] [DEBUG   ] discord.gateway: Keeping shard ID None websocket alive with sequence 3.
[2025-08-27 18:19:50] [DEBUG   ] discord.gateway: For Shard ID None: WebSocket Event: {'t': None, 's': None, 'op': 11, 'd': None}
[2025-08-27 18:20:31] [DEBUG   ] discord.gateway: Keeping shard ID None websocket alive with sequence 3.
[2025-08-27 18:20:31] [DEBUG   ] discord.gateway: For Shard ID None: WebSocket Event: {'t': None, 's': None, 'op': 11, 'd': None}
[2025-08-27 18:21:12] [DEBUG   ] discord.gateway: Keeping shard ID None websocket alive with sequence 3.
[2025-08-27 18:21:13] [DEBUG   ] discord.gateway: For Shard ID None: WebSocket Event: {'t': None, 's': None, 'op': 11, 'd': None}
[2025-08-27 18:21:53] [DEBUG   ] discord.gateway: Keeping shard ID None websocket alive with sequence 3.
[2025-08-27 18:21:53] [DEBUG   ] discord.gateway: For Shard ID None: WebSocket Event: {'t': None, 's': None, 'op': 11, 'd': None}
[2025-08-27 18:22:34] [DEBUG   ] discord.gateway: Keeping shard ID None websocket alive with sequence 3.
[2025-08-27 18:22:35] [DEBUG   ] discord.gateway: For Shard ID None: WebSocket Event: {'t': None, 's': None, 'op': 11, 'd': None}
[2025-08-27 18:23:16] [DEBUG   ] discord.gateway: Keeping shard ID None websocket alive with sequence 3.
[2025-08-27 18:23:16] [DEBUG   ] discord.gateway: For Shard ID None: WebSocket Event: {'t': None, 's': None, 'op': 11, 'd': None}
[2025-08-27 18:23:57] [DEBUG   ] discord.gateway: Keeping shard ID None websocket alive with sequence 3.
[2025-08-27 18:23:57] [DEBUG   ] discord.gateway: For Shard ID None: WebSocket Event: {'t': None, 's': None, 'op': 11, 'd': None}
[2025-08-27 18:24:38] [DEBUG   ] discord.gateway: Keeping shard ID None websocket alive with sequence 3.
[2025-08-27 18:24:38] [DEBUG   ] discord.gateway: For Shard ID None: WebSocket Event: {'t': None, 's': None, 'op': 11, 'd': None}
[2025-08-27 18:25:19] [DEBUG   ] discord.gateway: Keeping shard ID None websocket alive with sequence 3.
[2025-08-27 18:25:20] [DEBUG   ] discord.gateway: For Shard ID None: WebSocket Event: {'t': None, 's': None, 'op': 11, 'd': None}
[2025-08-27 18:26:01] [DEBUG   ] discord.gateway: Keeping shard ID None websocket alive with sequence 3.
[2025-08-27 18:26:01] [DEBUG   ] discord.gateway: For Shard ID None: WebSocket Event: {'t': None, 's': None, 'op': 11, 'd': None}
[2025-08-27 18:26:42] [DEBUG   ] discord.gateway: Keeping shard ID None websocket alive with sequence 3.
[2025-08-27 18:26:42] [DEBUG   ] discord.gateway: For Shard ID None: WebSocket Event: {'t': None, 's': None, 'op': 11, 'd': None}
[2025-08-27 18:27:23] [DEBUG   ] discord.gateway: Keeping shard ID None websocket alive with sequence 3.
[2025-08-27 18:27:23] [DEBUG   ] discord.gateway: For Shard ID None: WebSocket Event: {'t': None, 's': None, 'op': 11, 'd': None}
[2025-08-27 18:28:04] [DEBUG   ] discord.gateway: Keeping shard ID None websocket alive with sequence 3.
[2025-08-27 18:28:05] [DEBUG   ] discord.gateway: For Shard ID None: WebSocket Event: {'t': None, 's': None, 'op': 11, 'd': None}
[2025-08-27 18:28:18] [DEBUG   ] discord.gateway: For Shard ID None: WebSocket Event: {'t': None, 's': None, 'op': 7, 'd': None}
[2025-08-27 18:28:18] [DEBUG   ] discord.gateway: Received RECONNECT opcode.
[2025-08-27 18:28:18] [DEBUG   ] discord.client: Got a request to RESUME the websocket.
[2025-08-27 18:28:18] [DEBUG   ] discord.client: Dispatching event disconnect
[2025-08-27 18:28:19] [DEBUG   ] discord.gateway: Created websocket connected to wss://gateway-us-east1-c.discord.gg
[2025-08-27 18:28:19] [DEBUG   ] discord.gateway: For Shard ID None: WebSocket Event: {'t': None, 's': None, 'op': 10, 'd': {'heartbeat_interval': 41250, '_trace': ['["gateway-prd-arm-us-east1-c-p44d",{"micros":0.0}]']}}
[2025-08-27 18:28:19] [DEBUG   ] discord.gateway: Shard ID None has sent the RESUME payload.
[2025-08-27 18:28:19] [DEBUG   ] discord.gateway: For Shard ID None: WebSocket Event: {'t': None, 's': None, 'op': 11, 'd': None}
[2025-08-27 18:28:19] [DEBUG   ] discord.gateway: For Shard ID None: WebSocket Event: {'t': 'RESUMED', 's': 4, 'op': 0, 'd': {'_trace': ['["gateway-prd-arm-us-east1-c-p44d",{"micros":427,"calls":["id_created",{"micros":0,"calls":[]},"session_lookup_time",{"micros":195,"calls":[]},"session_lookup_finished",{"micros":10,"calls":[]},"discord-sessions-prd-2-110",{"micros":20}]}]']}}
[2025-08-27 18:28:19] [DEBUG   ] discord.client: Dispatching event socket_event_type
[2025-08-27 18:28:19] [INFO    ] discord.gateway: Shard ID None has successfully RESUMED session b0e5d621e22d07453d03c04c07d4cfcd.
[2025-08-27 18:28:19] [DEBUG   ] discord.client: Dispatching event resumed
[2025-08-27 18:29:00] [DEBUG   ] discord.gateway: Keeping shard ID None websocket alive with sequence 4.
[2025-08-27 18:29:00] [DEBUG   ] discord.gateway: For Shard ID None: WebSocket Event: {'t': None, 's': None, 'op': 11, 'd': None}
[2025-08-27 18:29:41] [DEBUG   ] discord.gateway: Keeping shard ID None websocket alive with sequence 4.
[2025-08-27 18:29:42] [DEBUG   ] discord.gateway: For Shard ID None: WebSocket Event: {'t': None, 's': None, 'op': 11, 'd': None}
[2025-08-27 18:30:22] [DEBUG   ] discord.gateway: Keeping shard ID None websocket alive with sequence 4.
[2025-08-27 18:30:23] [DEBUG   ] discord.gateway: For Shard ID None: WebSocket Event: {'t': None, 's': None, 'op': 11, 'd': None}
[2025-08-27 18:31:04] [DEBUG   ] discord.gateway: Keeping shard ID None websocket alive with sequence 4.
[2025-08-27 18:31:04] [DEBUG   ] discord.gateway: For Shard ID None: WebSocket Event: {'t': None, 's': None, 'op': 11, 'd': None}
[2025-08-27 18:31:45] [DEBUG   ] discord.gateway: Keeping shard ID None websocket alive with sequence 4.
[2025-08-27 18:31:46] [DEBUG   ] discord.gateway: For Shard ID None: WebSocket Event: {'t': None, 's': None, 'op': 11, 'd': None}
[2025-08-27 18:32:26] [DEBUG   ] discord.gateway: Keeping shard ID None websocket alive with sequence 4.
[2025-08-27 18:32:27] [DEBUG   ] discord.gateway: For Shard ID None: WebSocket Event: {'t': None, 's': None, 'op': 11, 'd': None}
[2025-08-27 18:33:07] [DEBUG   ] discord.gateway: Keeping shard ID None websocket alive with sequence 4.
[2025-08-27 18:33:08] [DEBUG   ] discord.gateway: For Shard ID None: WebSocket Event: {'t': None, 's': None, 'op': 11, 'd': None}
[2025-08-27 18:33:49] [DEBUG   ] discord.gateway: Keeping shard ID None websocket alive with sequence 4.
[2025-08-27 18:33:49] [DEBUG   ] discord.gateway: For Shard ID None: WebSocket Event: {'t': None, 's': None, 'op': 11, 'd': None}
[2025-08-27 18:34:30] [DEBUG   ] discord.gateway: Keeping shard ID None websocket alive with sequence 4.
[2025-08-27 18:34:30] [DEBUG   ] discord.gateway: For Shard ID None: WebSocket Event: {'t': None, 's': None, 'op': 11, 'd': None}
[2025-08-27 18:35:11] [DEBUG   ] discord.gateway: Keeping shard ID None websocket alive with sequence 4.
[2025-08-27 18:35:12] [DEBUG   ] discord.gateway: For Shard ID None: WebSocket Event: {'t': None, 's': None, 'op': 11, 'd': None}
[2025-08-27 18:35:52] [DEBUG   ] discord.gateway: Keeping shard ID None websocket alive with sequence 4.
[2025-08-27 18:35:53] [DEBUG   ] discord.gateway: For Shard ID None: WebSocket Event: {'t': None, 's': None, 'op': 11, 'd': None}
[2025-08-27 18:36:34] [DEBUG   ] discord.gateway: Keeping shard ID None websocket alive with sequence 4.
[2025-08-27 18:36:34] [DEBUG   ] discord.gateway: For Shard ID None: WebSocket Event: {'t': None, 's': None, 'op': 11, 'd': None}
[2025-08-27 18:37:15] [DEBUG   ] discord.gateway: Keeping shard ID None websocket alive with sequence 4.
[2025-08-27 18:37:16] [DEBUG   ] discord.gateway: For Shard ID None: WebSocket Event: {'t': None, 's': None, 'op': 11, 'd': None}
[2025-08-27 18:37:56] [DEBUG   ] discord.gateway: Keeping shard ID None websocket alive with sequence 4.
[2025-08-27 18:37:57] [DEBUG   ] discord.gateway: For Shard ID None: WebSocket Event: {'t': None, 's': None, 'op': 11, 'd': None}
[2025-08-27 18:38:37] [DEBUG   ] discord.gateway: Keeping shard ID None websocket alive with sequence 4.
[2025-08-27 18:38:38] [DEBUG   ] discord.gateway: For Shard ID None: WebSocket Event: {'t': None, 's': None, 'op': 11, 'd': None}
[2025-08-27 18:39:19] [DEBUG   ] discord.gateway: Keeping shard ID None websocket alive with sequence 4.
[2025-08-27 18:39:19] [DEBUG   ] discord.gateway: For Shard ID None: WebSocket Event: {'t': None, 's': None, 'op': 11, 'd': None}
[2025-08-27 18:40:00] [DEBUG   ] discord.gateway: Keeping shard ID None websocket alive with sequence 4.
[2025-08-27 18:40:01] [DEBUG   ] discord.gateway: For Shard ID None: WebSocket Event: {'t': None, 's': None, 'op': 11, 'd': None}
[2025-08-27 18:40:41] [DEBUG   ] discord.gateway: Keeping shard ID None websocket alive with sequence 4.
[2025-08-27 18:40:42] [DEBUG   ] discord.gateway: For Shard ID None: WebSocket Event: {'t': None, 's': None, 'op': 11, 'd': None}
[2025-08-27 18:41:22] [DEBUG   ] discord.gateway: Keeping shard ID None websocket alive with sequence 4.
[2025-08-27 18:41:23] [DEBUG   ] discord.gateway: For Shard ID None: WebSocket Event: {'t': None, 's': None, 'op': 11, 'd': None}
[2025-08-27 18:42:04] [DEBUG   ] discord.gateway: Keeping shard ID None websocket alive with sequence 4.
[2025-08-27 18:42:04] [DEBUG   ] discord.gateway: For Shard ID None: WebSocket Event: {'t': None, 's': None, 'op': 11, 'd': None}
[2025-08-27 18:42:45] [DEBUG   ] discord.gateway: Keeping shard ID None websocket alive with sequence 4.
[2025-08-27 18:42:45] [DEBUG   ] discord.gateway: For Shard ID None: WebSocket Event: {'t': None, 's': None, 'op': 11, 'd': None}
[2025-08-27 18:43:26] [DEBUG   ] discord.gateway: Keeping shard ID None websocket alive with sequence 4.
[2025-08-27 18:43:27] [DEBUG   ] discord.gateway: For Shard ID None: WebSocket Event: {'t': None, 's': None, 'op': 11, 'd': None}
[2025-08-27 18:44:07] [DEBUG   ] discord.gateway: Keeping shard ID None websocket alive with sequence 4.
[2025-08-27 18:44:08] [DEBUG   ] discord.gateway: For Shard ID None: WebSocket Event: {'t': None, 's': None, 'op': 11, 'd': None}
[2025-08-27 18:44:49] [DEBUG   ] discord.gateway: Keeping shard ID None websocket alive with sequence 4.
[2025-08-27 18:44:49] [DEBUG   ] discord.gateway: For Shard ID None: WebSocket Event: {'t': None, 's': None, 'op': 11, 'd': None}
[2025-08-27 18:45:30] [DEBUG   ] discord.gateway: Keeping shard ID None websocket alive with sequence 4.
[2025-08-27 18:45:30] [DEBUG   ] discord.gateway: For Shard ID None: WebSocket Event: {'t': None, 's': None, 'op': 11, 'd': None}
[2025-08-27 18:46:11] [DEBUG   ] discord.gateway: Keeping shard ID None websocket alive with sequence 4.
[2025-08-27 18:46:12] [DEBUG   ] discord.gateway: For Shard ID None: WebSocket Event: {'t': None, 's': None, 'op': 11, 'd': None}
[2025-08-27 18:46:52] [DEBUG   ] discord.gateway: Keeping shard ID None websocket alive with sequence 4.
[2025-08-27 18:46:53] [DEBUG   ] discord.gateway: For Shard ID None: WebSocket Event: {'t': None, 's': None, 'op': 11, 'd': None}
[2025-08-27 18:47:34] [DEBUG   ] discord.gateway: Keeping shard ID None websocket alive with sequence 4.
[2025-08-27 18:47:34] [DEBUG   ] discord.gateway: For Shard ID None: WebSocket Event: {'t': None, 's': None, 'op': 11, 'd': None}
[2025-08-27 18:48:15] [DEBUG   ] discord.gateway: Keeping shard ID None websocket alive with sequence 4.
[2025-08-27 18:48:15] [DEBUG   ] discord.gateway: For Shard ID None: WebSocket Event: {'t': None, 's': None, 'op': 11, 'd': None}
[2025-08-27 18:48:56] [DEBUG   ] discord.gateway: Keeping shard ID None websocket alive with sequence 4.
[2025-08-27 18:48:57] [DEBUG   ] discord.gateway: For Shard ID None: WebSocket Event: {'t': None, 's': None, 'op': 11, 'd': None}
[2025-08-27 18:49:37] [DEBUG   ] discord.gateway: Keeping shard ID None websocket alive with sequence 4.
[2025-08-27 18:49:38] [DEBUG   ] discord.gateway: For Shard ID None: WebSocket Event: {'t': None, 's': None, 'op': 11, 'd': None}
[2025-08-27 18:50:19] [DEBUG   ] discord.gateway: Keeping shard ID None websocket alive with sequence 4.
[2025-08-27 18:50:19] [DEBUG   ] discord.gateway: For Shard ID None: WebSocket Event: {'t': None, 's': None, 'op': 11, 'd': None}
[2025-08-27 18:51:00] [DEBUG   ] discord.gateway: Keeping shard ID None websocket alive with sequence 4.
[2025-08-27 18:51:00] [DEBUG   ] discord.gateway: For Shard ID None: WebSocket Event: {'t': None, 's': None, 'op': 11, 'd': None}
[2025-08-27 18:51:41] [DEBUG   ] discord.gateway: Keeping shard ID None websocket alive with sequence 4.
[2025-08-27 18:51:42] [DEBUG   ] discord.gateway: For Shard ID None: WebSocket Event: {'t': None, 's': None, 'op': 11, 'd': None}
[2025-08-27 18:52:22] [DEBUG   ] discord.gateway: Keeping shard ID None websocket alive with sequence 4.
[2025-08-27 18:52:23] [DEBUG   ] discord.gateway: For Shard ID None: WebSocket Event: {'t': None, 's': None, 'op': 11, 'd': None}
[2025-08-27 18:53:04] [DEBUG   ] discord.gateway: Keeping shard ID None websocket alive with sequence 4.
[2025-08-27 18:53:04] [DEBUG   ] discord.gateway: For Shard ID None: WebSocket Event: {'t': None, 's': None, 'op': 11, 'd': None}
[2025-08-27 18:53:45] [DEBUG   ] discord.gateway: Keeping shard ID None websocket alive with sequence 4.
[2025-08-27 18:53:46] [DEBUG   ] discord.gateway: For Shard ID None: WebSocket Event: {'t': None, 's': None, 'op': 11, 'd': None}
[2025-08-27 18:54:26] [DEBUG   ] discord.gateway: Keeping shard ID None websocket alive with sequence 4.
[2025-08-27 18:54:27] [DEBUG   ] discord.gateway: For Shard ID None: WebSocket Event: {'t': None, 's': None, 'op': 11, 'd': None}
[2025-08-27 18:55:07] [DEBUG   ] discord.gateway: Keeping shard ID None websocket alive with sequence 4.
[2025-08-27 18:55:10] [DEBUG   ] discord.gateway: For Shard ID None: WebSocket Event: {'t': None, 's': None, 'op': 11, 'd': None}
[2025-08-27 18:55:49] [DEBUG   ] discord.gateway: Keeping shard ID None websocket alive with sequence 4.
[2025-08-27 18:55:49] [DEBUG   ] discord.gateway: For Shard ID None: WebSocket Event: {'t': None, 's': None, 'op': 11, 'd': None}
[2025-08-27 18:56:30] [DEBUG   ] discord.gateway: Keeping shard ID None websocket alive with sequence 4.
[2025-08-27 18:56:31] [DEBUG   ] discord.gateway: For Shard ID None: WebSocket Event: {'t': None, 's': None, 'op': 11, 'd': None}
[2025-08-27 18:57:11] [DEBUG   ] discord.gateway: Keeping shard ID None websocket alive with sequence 4.
[2025-08-27 18:57:12] [DEBUG   ] discord.gateway: For Shard ID None: WebSocket Event: {'t': None, 's': None, 'op': 11, 'd': None}
[2025-08-27 18:57:52] [DEBUG   ] discord.gateway: Keeping shard ID None websocket alive with sequence 4.
[2025-08-27 18:57:53] [DEBUG   ] discord.gateway: For Shard ID None: WebSocket Event: {'t': None, 's': None, 'op': 11, 'd': None}
[2025-08-27 18:58:34] [DEBUG   ] discord.gateway: Keeping shard ID None websocket alive with sequence 4.
[2025-08-27 18:58:34] [DEBUG   ] discord.gateway: For Shard ID None: WebSocket Event: {'t': None, 's': None, 'op': 11, 'd': None}
[2025-08-27 18:59:15] [DEBUG   ] discord.gateway: Keeping shard ID None websocket alive with sequence 4.
[2025-08-27 18:59:16] [DEBUG   ] discord.gateway: For Shard ID None: WebSocket Event: {'t': None, 's': None, 'op': 11, 'd': None}
[2025-08-27 18:59:56] [DEBUG   ] discord.gateway: Keeping shard ID None websocket alive with sequence 4.
[2025-08-27 18:59:57] [DEBUG   ] discord.gateway: For Shard ID None: WebSocket Event: {'t': None, 's': None, 'op': 11, 'd': None}
[2025-08-27 19:00:38] [DEBUG   ] discord.gateway: Keeping shard ID None websocket alive with sequence 4.
[2025-08-27 19:00:38] [DEBUG   ] discord.gateway: For Shard ID None: WebSocket Event: {'t': None, 's': None, 'op': 11, 'd': None}
[2025-08-27 19:01:19] [DEBUG   ] discord.gateway: Keeping shard ID None websocket alive with sequence 4.
[2025-08-27 19:01:19] [DEBUG   ] discord.gateway: For Shard ID None: WebSocket Event: {'t': None, 's': None, 'op': 11, 'd': None}
[2025-08-27 19:02:00] [DEBUG   ] discord.gateway: Keeping shard ID None websocket alive with sequence 4.
[2025-08-27 19:02:01] [DEBUG   ] discord.gateway: For Shard ID None: WebSocket Event: {'t': None, 's': None, 'op': 11, 'd': None}
[2025-08-27 19:02:41] [DEBUG   ] discord.gateway: Keeping shard ID None websocket alive with sequence 4.
[2025-08-27 19:02:42] [DEBUG   ] discord.gateway: For Shard ID None: WebSocket Event: {'t': None, 's': None, 'op': 11, 'd': None}
[2025-08-27 19:03:23] [DEBUG   ] discord.gateway: Keeping shard ID None websocket alive with sequence 4.
[2025-08-27 19:03:23] [DEBUG   ] discord.gateway: For Shard ID None: WebSocket Event: {'t': None, 's': None, 'op': 11, 'd': None}
[2025-08-27 19:04:04] [DEBUG   ] discord.gateway: Keeping shard ID None websocket alive with sequence 4.
[2025-08-27 19:04:05] [DEBUG   ] discord.gateway: For Shard ID None: WebSocket Event: {'t': None, 's': None, 'op': 11, 'd': None}
[2025-08-27 19:04:45] [DEBUG   ] discord.gateway: Keeping shard ID None websocket alive with sequence 4.
[2025-08-27 19:04:45] [DEBUG   ] discord.gateway: For Shard ID None: WebSocket Event: {'t': None, 's': None, 'op': 11, 'd': None}
[2025-08-27 19:05:26] [DEBUG   ] discord.gateway: Keeping shard ID None websocket alive with sequence 4.
[2025-08-27 19:05:27] [DEBUG   ] discord.gateway: For Shard ID None: WebSocket Event: {'t': None, 's': None, 'op': 11, 'd': None}
[2025-08-27 19:06:08] [DEBUG   ] discord.gateway: Keeping shard ID None websocket alive with sequence 4.
[2025-08-27 19:06:08] [DEBUG   ] discord.gateway: For Shard ID None: WebSocket Event: {'t': None, 's': None, 'op': 11, 'd': None}
[2025-08-27 19:06:49] [DEBUG   ] discord.gateway: Keeping shard ID None websocket alive with sequence 4.
[2025-08-27 19:06:49] [DEBUG   ] discord.gateway: For Shard ID None: WebSocket Event: {'t': None, 's': None, 'op': 11, 'd': None}
[2025-08-27 19:07:30] [DEBUG   ] discord.gateway: Keeping shard ID None websocket alive with sequence 4.
[2025-08-27 19:07:31] [DEBUG   ] discord.gateway: For Shard ID None: WebSocket Event: {'t': None, 's': None, 'op': 11, 'd': None}
[2025-08-27 19:08:11] [DEBUG   ] discord.gateway: Keeping shard ID None websocket alive with sequence 4.
[2025-08-27 19:08:12] [DEBUG   ] discord.gateway: For Shard ID None: WebSocket Event: {'t': None, 's': None, 'op': 11, 'd': None}
[2025-08-27 19:08:53] [DEBUG   ] discord.gateway: Keeping shard ID None websocket alive with sequence 4.
[2025-08-27 19:08:53] [DEBUG   ] discord.gateway: For Shard ID None: WebSocket Event: {'t': None, 's': None, 'op': 11, 'd': None}
[2025-08-27 19:09:34] [DEBUG   ] discord.gateway: Keeping shard ID None websocket alive with sequence 4.
[2025-08-27 19:09:34] [DEBUG   ] discord.gateway: For Shard ID None: WebSocket Event: {'t': None, 's': None, 'op': 11, 'd': None}
[2025-08-27 19:10:15] [DEBUG   ] discord.gateway: Keeping shard ID None websocket alive with sequence 4.
[2025-08-27 19:10:15] [DEBUG   ] discord.gateway: For Shard ID None: WebSocket Event: {'t': None, 's': None, 'op': 11, 'd': None}
[2025-08-27 19:10:56] [DEBUG   ] discord.gateway: Keeping shard ID None websocket alive with sequence 4.
[2025-08-27 19:10:57] [DEBUG   ] discord.gateway: For Shard ID None: WebSocket Event: {'t': None, 's': None, 'op': 11, 'd': None}
[2025-08-27 19:11:38] [DEBUG   ] discord.gateway: Keeping shard ID None websocket alive with sequence 4.
[2025-08-27 19:11:38] [DEBUG   ] discord.gateway: For Shard ID None: WebSocket Event: {'t': None, 's': None, 'op': 11, 'd': None}
[2025-08-27 19:12:19] [DEBUG   ] discord.gateway: Keeping shard ID None websocket alive with sequence 4.
[2025-08-27 19:12:19] [DEBUG   ] discord.gateway: For Shard ID None: WebSocket Event: {'t': None, 's': None, 'op': 11, 'd': None}
[2025-08-27 19:13:00] [DEBUG   ] discord.gateway: Keeping shard ID None websocket alive with sequence 4.
[2025-08-27 19:13:01] [DEBUG   ] discord.gateway: For Shard ID None: WebSocket Event: {'t': None, 's': None, 'op': 11, 'd': None}
[2025-08-27 19:13:41] [DEBUG   ] discord.gateway: Keeping shard ID None websocket alive with sequence 4.
[2025-08-27 19:13:42] [DEBUG   ] discord.gateway: For Shard ID None: WebSocket Event: {'t': None, 's': None, 'op': 11, 'd': None}
[2025-08-27 19:14:23] [DEBUG   ] discord.gateway: Keeping shard ID None websocket alive with sequence 4.
[2025-08-27 19:14:42] [DEBUG   ] discord.gateway: Timed out receiving packet. Attempting a reconnect.
[2025-08-27 19:14:42] [DEBUG   ] discord.client: Got a request to RESUME the websocket.
[2025-08-27 19:14:42] [DEBUG   ] discord.client: Dispatching event disconnect
[2025-08-27 19:15:02] [DEBUG   ] discord.client: Dispatching event disconnect
[2025-08-27 19:15:02] [ERROR   ] discord.client: Attempting a reconnect in 1.84s
Traceback (most recent call last):
  File "/home/saharsh-baiju/amfoss-tasks/task-06/music_bot_env/lib/python3.12/site-packages/aiohttp/connector.py", line 1532, in _create_direct_connection
    hosts = await self._resolve_host(host, port, traces=traces)
            ^^^^^^^^^^^^^^^^^^^^^^^^^^^^^^^^^^^^^^^^^^^^^^^^^^^
  File "/home/saharsh-baiju/amfoss-tasks/task-06/music_bot_env/lib/python3.12/site-packages/aiohttp/connector.py", line 1148, in _resolve_host
    return await asyncio.shield(resolved_host_task)
           ^^^^^^^^^^^^^^^^^^^^^^^^^^^^^^^^^^^^^^^^
  File "/home/saharsh-baiju/amfoss-tasks/task-06/music_bot_env/lib/python3.12/site-packages/aiohttp/connector.py", line 1179, in _resolve_host_with_throttle
    addrs = await self._resolver.resolve(host, port, family=self._family)
            ^^^^^^^^^^^^^^^^^^^^^^^^^^^^^^^^^^^^^^^^^^^^^^^^^^^^^^^^^^^^^
  File "/home/saharsh-baiju/amfoss-tasks/task-06/music_bot_env/lib/python3.12/site-packages/aiohttp/resolver.py", line 40, in resolve
    infos = await self._loop.getaddrinfo(
            ^^^^^^^^^^^^^^^^^^^^^^^^^^^^^
  File "/usr/lib/python3.12/asyncio/base_events.py", line 901, in getaddrinfo
    return await self.run_in_executor(
           ^^^^^^^^^^^^^^^^^^^^^^^^^^^
  File "/usr/lib/python3.12/concurrent/futures/thread.py", line 58, in run
    result = self.fn(*self.args, **self.kwargs)
             ^^^^^^^^^^^^^^^^^^^^^^^^^^^^^^^^^^
  File "/usr/lib/python3.12/socket.py", line 963, in getaddrinfo
    for res in _socket.getaddrinfo(host, port, family, type, proto, flags):
               ^^^^^^^^^^^^^^^^^^^^^^^^^^^^^^^^^^^^^^^^^^^^^^^^^^^^^^^^^^^
socket.gaierror: [Errno -3] Temporary failure in name resolution

The above exception was the direct cause of the following exception:

Traceback (most recent call last):
  File "/home/saharsh-baiju/amfoss-tasks/task-06/music_bot_env/lib/python3.12/site-packages/discord/client.py", line 724, in connect
    self.ws = await asyncio.wait_for(coro, timeout=60.0)
              ^^^^^^^^^^^^^^^^^^^^^^^^^^^^^^^^^^^^^^^^^^
  File "/usr/lib/python3.12/asyncio/tasks.py", line 520, in wait_for
    return await fut
           ^^^^^^^^^
  File "/home/saharsh-baiju/amfoss-tasks/task-06/music_bot_env/lib/python3.12/site-packages/discord/gateway.py", line 383, in from_client
    socket = await client.http.ws_connect(str(url))
             ^^^^^^^^^^^^^^^^^^^^^^^^^^^^^^^^^^^^^^
  File "/home/saharsh-baiju/amfoss-tasks/task-06/music_bot_env/lib/python3.12/site-packages/discord/http.py", line 566, in ws_connect
    return await self.__session.ws_connect(url, **kwargs)
           ^^^^^^^^^^^^^^^^^^^^^^^^^^^^^^^^^^^^^^^^^^^^^^
  File "/home/saharsh-baiju/amfoss-tasks/task-06/music_bot_env/lib/python3.12/site-packages/aiohttp/client.py", line 1067, in _ws_connect
    resp = await self.request(
           ^^^^^^^^^^^^^^^^^^^
  File "/home/saharsh-baiju/amfoss-tasks/task-06/music_bot_env/lib/python3.12/site-packages/aiohttp/client.py", line 770, in _request
    resp = await handler(req)
           ^^^^^^^^^^^^^^^^^^
  File "/home/saharsh-baiju/amfoss-tasks/task-06/music_bot_env/lib/python3.12/site-packages/aiohttp/client.py", line 725, in _connect_and_send_request
    conn = await self._connector.connect(
           ^^^^^^^^^^^^^^^^^^^^^^^^^^^^^^
  File "/home/saharsh-baiju/amfoss-tasks/task-06/music_bot_env/lib/python3.12/site-packages/aiohttp/connector.py", line 642, in connect
    proto = await self._create_connection(req, traces, timeout)
            ^^^^^^^^^^^^^^^^^^^^^^^^^^^^^^^^^^^^^^^^^^^^^^^^^^^
  File "/home/saharsh-baiju/amfoss-tasks/task-06/music_bot_env/lib/python3.12/site-packages/aiohttp/connector.py", line 1209, in _create_connection
    _, proto = await self._create_direct_connection(req, traces, timeout)
               ^^^^^^^^^^^^^^^^^^^^^^^^^^^^^^^^^^^^^^^^^^^^^^^^^^^^^^^^^^
  File "/home/saharsh-baiju/amfoss-tasks/task-06/music_bot_env/lib/python3.12/site-packages/aiohttp/connector.py", line 1538, in _create_direct_connection
    raise ClientConnectorDNSError(req.connection_key, exc) from exc
aiohttp.client_exceptions.ClientConnectorDNSError: Cannot connect to host gateway-us-east1-c.discord.gg:443 ssl:default [Temporary failure in name resolution]
[2025-08-27 19:15:04] [DEBUG   ] discord.gateway: Created websocket connected to wss://gateway-us-east1-c.discord.gg
[2025-08-27 19:15:04] [DEBUG   ] discord.gateway: For Shard ID None: WebSocket Event: {'t': None, 's': None, 'op': 10, 'd': {'heartbeat_interval': 41250, '_trace': ['["gateway-prd-arm-us-east1-c-3zq9",{"micros":0.0}]']}}
[2025-08-27 19:15:04] [DEBUG   ] discord.gateway: Shard ID None has sent the RESUME payload.
[2025-08-27 19:15:05] [DEBUG   ] discord.gateway: For Shard ID None: WebSocket Event: {'t': None, 's': None, 'op': 11, 'd': None}
[2025-08-27 19:15:05] [DEBUG   ] discord.gateway: For Shard ID None: WebSocket Event: {'t': 'RESUMED', 's': 5, 'op': 0, 'd': {'_trace': ['["gateway-prd-arm-us-east1-c-3zq9",{"micros":355,"calls":["id_created",{"micros":0,"calls":[]},"session_lookup_time",{"micros":192,"calls":[]},"session_lookup_finished",{"micros":9,"calls":[]},"discord-sessions-prd-2-110",{"micros":14}]}]']}}
[2025-08-27 19:15:05] [DEBUG   ] discord.client: Dispatching event socket_event_type
[2025-08-27 19:15:05] [INFO    ] discord.gateway: Shard ID None has successfully RESUMED session b0e5d621e22d07453d03c04c07d4cfcd.
[2025-08-27 19:15:05] [DEBUG   ] discord.client: Dispatching event resumed
[2025-08-27 19:15:46] [DEBUG   ] discord.gateway: Keeping shard ID None websocket alive with sequence 5.
[2025-08-27 19:16:05] [DEBUG   ] discord.gateway: Timed out receiving packet. Attempting a reconnect.
[2025-08-27 19:16:05] [DEBUG   ] discord.client: Got a request to RESUME the websocket.
[2025-08-27 19:16:05] [DEBUG   ] discord.client: Dispatching event disconnect
[2025-08-27 19:16:05] [DEBUG   ] discord.client: Dispatching event disconnect
[2025-08-27 19:16:05] [ERROR   ] discord.client: Attempting a reconnect in 0.96s
Traceback (most recent call last):
  File "/home/saharsh-baiju/amfoss-tasks/task-06/music_bot_env/lib/python3.12/site-packages/aiohttp/connector.py", line 1532, in _create_direct_connection
    hosts = await self._resolve_host(host, port, traces=traces)
            ^^^^^^^^^^^^^^^^^^^^^^^^^^^^^^^^^^^^^^^^^^^^^^^^^^^
  File "/home/saharsh-baiju/amfoss-tasks/task-06/music_bot_env/lib/python3.12/site-packages/aiohttp/connector.py", line 1148, in _resolve_host
    return await asyncio.shield(resolved_host_task)
           ^^^^^^^^^^^^^^^^^^^^^^^^^^^^^^^^^^^^^^^^
  File "/home/saharsh-baiju/amfoss-tasks/task-06/music_bot_env/lib/python3.12/site-packages/aiohttp/connector.py", line 1179, in _resolve_host_with_throttle
    addrs = await self._resolver.resolve(host, port, family=self._family)
            ^^^^^^^^^^^^^^^^^^^^^^^^^^^^^^^^^^^^^^^^^^^^^^^^^^^^^^^^^^^^^
  File "/home/saharsh-baiju/amfoss-tasks/task-06/music_bot_env/lib/python3.12/site-packages/aiohttp/resolver.py", line 40, in resolve
    infos = await self._loop.getaddrinfo(
            ^^^^^^^^^^^^^^^^^^^^^^^^^^^^^
  File "/usr/lib/python3.12/asyncio/base_events.py", line 901, in getaddrinfo
    return await self.run_in_executor(
           ^^^^^^^^^^^^^^^^^^^^^^^^^^^
  File "/usr/lib/python3.12/concurrent/futures/thread.py", line 58, in run
    result = self.fn(*self.args, **self.kwargs)
             ^^^^^^^^^^^^^^^^^^^^^^^^^^^^^^^^^^
  File "/usr/lib/python3.12/socket.py", line 963, in getaddrinfo
    for res in _socket.getaddrinfo(host, port, family, type, proto, flags):
               ^^^^^^^^^^^^^^^^^^^^^^^^^^^^^^^^^^^^^^^^^^^^^^^^^^^^^^^^^^^
socket.gaierror: [Errno -3] Temporary failure in name resolution

The above exception was the direct cause of the following exception:

Traceback (most recent call last):
  File "/home/saharsh-baiju/amfoss-tasks/task-06/music_bot_env/lib/python3.12/site-packages/discord/client.py", line 724, in connect
    self.ws = await asyncio.wait_for(coro, timeout=60.0)
              ^^^^^^^^^^^^^^^^^^^^^^^^^^^^^^^^^^^^^^^^^^
  File "/usr/lib/python3.12/asyncio/tasks.py", line 520, in wait_for
    return await fut
           ^^^^^^^^^
  File "/home/saharsh-baiju/amfoss-tasks/task-06/music_bot_env/lib/python3.12/site-packages/discord/gateway.py", line 383, in from_client
    socket = await client.http.ws_connect(str(url))
             ^^^^^^^^^^^^^^^^^^^^^^^^^^^^^^^^^^^^^^
  File "/home/saharsh-baiju/amfoss-tasks/task-06/music_bot_env/lib/python3.12/site-packages/discord/http.py", line 566, in ws_connect
    return await self.__session.ws_connect(url, **kwargs)
           ^^^^^^^^^^^^^^^^^^^^^^^^^^^^^^^^^^^^^^^^^^^^^^
  File "/home/saharsh-baiju/amfoss-tasks/task-06/music_bot_env/lib/python3.12/site-packages/aiohttp/client.py", line 1067, in _ws_connect
    resp = await self.request(
           ^^^^^^^^^^^^^^^^^^^
  File "/home/saharsh-baiju/amfoss-tasks/task-06/music_bot_env/lib/python3.12/site-packages/aiohttp/client.py", line 770, in _request
    resp = await handler(req)
           ^^^^^^^^^^^^^^^^^^
  File "/home/saharsh-baiju/amfoss-tasks/task-06/music_bot_env/lib/python3.12/site-packages/aiohttp/client.py", line 725, in _connect_and_send_request
    conn = await self._connector.connect(
           ^^^^^^^^^^^^^^^^^^^^^^^^^^^^^^
  File "/home/saharsh-baiju/amfoss-tasks/task-06/music_bot_env/lib/python3.12/site-packages/aiohttp/connector.py", line 642, in connect
    proto = await self._create_connection(req, traces, timeout)
            ^^^^^^^^^^^^^^^^^^^^^^^^^^^^^^^^^^^^^^^^^^^^^^^^^^^
  File "/home/saharsh-baiju/amfoss-tasks/task-06/music_bot_env/lib/python3.12/site-packages/aiohttp/connector.py", line 1209, in _create_connection
    _, proto = await self._create_direct_connection(req, traces, timeout)
               ^^^^^^^^^^^^^^^^^^^^^^^^^^^^^^^^^^^^^^^^^^^^^^^^^^^^^^^^^^
  File "/home/saharsh-baiju/amfoss-tasks/task-06/music_bot_env/lib/python3.12/site-packages/aiohttp/connector.py", line 1538, in _create_direct_connection
    raise ClientConnectorDNSError(req.connection_key, exc) from exc
aiohttp.client_exceptions.ClientConnectorDNSError: Cannot connect to host gateway-us-east1-c.discord.gg:443 ssl:default [Temporary failure in name resolution]
[2025-08-27 19:16:06] [DEBUG   ] discord.client: Dispatching event disconnect
[2025-08-27 19:16:06] [ERROR   ] discord.client: Attempting a reconnect in 4.90s
Traceback (most recent call last):
  File "/home/saharsh-baiju/amfoss-tasks/task-06/music_bot_env/lib/python3.12/site-packages/aiohttp/connector.py", line 1532, in _create_direct_connection
    hosts = await self._resolve_host(host, port, traces=traces)
            ^^^^^^^^^^^^^^^^^^^^^^^^^^^^^^^^^^^^^^^^^^^^^^^^^^^
  File "/home/saharsh-baiju/amfoss-tasks/task-06/music_bot_env/lib/python3.12/site-packages/aiohttp/connector.py", line 1148, in _resolve_host
    return await asyncio.shield(resolved_host_task)
           ^^^^^^^^^^^^^^^^^^^^^^^^^^^^^^^^^^^^^^^^
  File "/home/saharsh-baiju/amfoss-tasks/task-06/music_bot_env/lib/python3.12/site-packages/aiohttp/connector.py", line 1179, in _resolve_host_with_throttle
    addrs = await self._resolver.resolve(host, port, family=self._family)
            ^^^^^^^^^^^^^^^^^^^^^^^^^^^^^^^^^^^^^^^^^^^^^^^^^^^^^^^^^^^^^
  File "/home/saharsh-baiju/amfoss-tasks/task-06/music_bot_env/lib/python3.12/site-packages/aiohttp/resolver.py", line 40, in resolve
    infos = await self._loop.getaddrinfo(
            ^^^^^^^^^^^^^^^^^^^^^^^^^^^^^
  File "/usr/lib/python3.12/asyncio/base_events.py", line 901, in getaddrinfo
    return await self.run_in_executor(
           ^^^^^^^^^^^^^^^^^^^^^^^^^^^
  File "/usr/lib/python3.12/concurrent/futures/thread.py", line 58, in run
    result = self.fn(*self.args, **self.kwargs)
             ^^^^^^^^^^^^^^^^^^^^^^^^^^^^^^^^^^
  File "/usr/lib/python3.12/socket.py", line 963, in getaddrinfo
    for res in _socket.getaddrinfo(host, port, family, type, proto, flags):
               ^^^^^^^^^^^^^^^^^^^^^^^^^^^^^^^^^^^^^^^^^^^^^^^^^^^^^^^^^^^
socket.gaierror: [Errno -3] Temporary failure in name resolution

The above exception was the direct cause of the following exception:

Traceback (most recent call last):
  File "/home/saharsh-baiju/amfoss-tasks/task-06/music_bot_env/lib/python3.12/site-packages/discord/client.py", line 724, in connect
    self.ws = await asyncio.wait_for(coro, timeout=60.0)
              ^^^^^^^^^^^^^^^^^^^^^^^^^^^^^^^^^^^^^^^^^^
  File "/usr/lib/python3.12/asyncio/tasks.py", line 520, in wait_for
    return await fut
           ^^^^^^^^^
  File "/home/saharsh-baiju/amfoss-tasks/task-06/music_bot_env/lib/python3.12/site-packages/discord/gateway.py", line 383, in from_client
    socket = await client.http.ws_connect(str(url))
             ^^^^^^^^^^^^^^^^^^^^^^^^^^^^^^^^^^^^^^
  File "/home/saharsh-baiju/amfoss-tasks/task-06/music_bot_env/lib/python3.12/site-packages/discord/http.py", line 566, in ws_connect
    return await self.__session.ws_connect(url, **kwargs)
           ^^^^^^^^^^^^^^^^^^^^^^^^^^^^^^^^^^^^^^^^^^^^^^
  File "/home/saharsh-baiju/amfoss-tasks/task-06/music_bot_env/lib/python3.12/site-packages/aiohttp/client.py", line 1067, in _ws_connect
    resp = await self.request(
           ^^^^^^^^^^^^^^^^^^^
  File "/home/saharsh-baiju/amfoss-tasks/task-06/music_bot_env/lib/python3.12/site-packages/aiohttp/client.py", line 770, in _request
    resp = await handler(req)
           ^^^^^^^^^^^^^^^^^^
  File "/home/saharsh-baiju/amfoss-tasks/task-06/music_bot_env/lib/python3.12/site-packages/aiohttp/client.py", line 725, in _connect_and_send_request
    conn = await self._connector.connect(
           ^^^^^^^^^^^^^^^^^^^^^^^^^^^^^^
  File "/home/saharsh-baiju/amfoss-tasks/task-06/music_bot_env/lib/python3.12/site-packages/aiohttp/connector.py", line 642, in connect
    proto = await self._create_connection(req, traces, timeout)
            ^^^^^^^^^^^^^^^^^^^^^^^^^^^^^^^^^^^^^^^^^^^^^^^^^^^
  File "/home/saharsh-baiju/amfoss-tasks/task-06/music_bot_env/lib/python3.12/site-packages/aiohttp/connector.py", line 1209, in _create_connection
    _, proto = await self._create_direct_connection(req, traces, timeout)
               ^^^^^^^^^^^^^^^^^^^^^^^^^^^^^^^^^^^^^^^^^^^^^^^^^^^^^^^^^^
  File "/home/saharsh-baiju/amfoss-tasks/task-06/music_bot_env/lib/python3.12/site-packages/aiohttp/connector.py", line 1538, in _create_direct_connection
    raise ClientConnectorDNSError(req.connection_key, exc) from exc
aiohttp.client_exceptions.ClientConnectorDNSError: Cannot connect to host gateway-us-east1-c.discord.gg:443 ssl:default [Temporary failure in name resolution]
[2025-08-27 19:16:11] [DEBUG   ] discord.client: Dispatching event disconnect
[2025-08-27 19:16:11] [ERROR   ] discord.client: Attempting a reconnect in 2.31s
Traceback (most recent call last):
  File "/home/saharsh-baiju/amfoss-tasks/task-06/music_bot_env/lib/python3.12/site-packages/aiohttp/connector.py", line 1532, in _create_direct_connection
    hosts = await self._resolve_host(host, port, traces=traces)
            ^^^^^^^^^^^^^^^^^^^^^^^^^^^^^^^^^^^^^^^^^^^^^^^^^^^
  File "/home/saharsh-baiju/amfoss-tasks/task-06/music_bot_env/lib/python3.12/site-packages/aiohttp/connector.py", line 1148, in _resolve_host
    return await asyncio.shield(resolved_host_task)
           ^^^^^^^^^^^^^^^^^^^^^^^^^^^^^^^^^^^^^^^^
  File "/home/saharsh-baiju/amfoss-tasks/task-06/music_bot_env/lib/python3.12/site-packages/aiohttp/connector.py", line 1179, in _resolve_host_with_throttle
    addrs = await self._resolver.resolve(host, port, family=self._family)
            ^^^^^^^^^^^^^^^^^^^^^^^^^^^^^^^^^^^^^^^^^^^^^^^^^^^^^^^^^^^^^
  File "/home/saharsh-baiju/amfoss-tasks/task-06/music_bot_env/lib/python3.12/site-packages/aiohttp/resolver.py", line 40, in resolve
    infos = await self._loop.getaddrinfo(
            ^^^^^^^^^^^^^^^^^^^^^^^^^^^^^
  File "/usr/lib/python3.12/asyncio/base_events.py", line 901, in getaddrinfo
    return await self.run_in_executor(
           ^^^^^^^^^^^^^^^^^^^^^^^^^^^
  File "/usr/lib/python3.12/concurrent/futures/thread.py", line 58, in run
    result = self.fn(*self.args, **self.kwargs)
             ^^^^^^^^^^^^^^^^^^^^^^^^^^^^^^^^^^
  File "/usr/lib/python3.12/socket.py", line 963, in getaddrinfo
    for res in _socket.getaddrinfo(host, port, family, type, proto, flags):
               ^^^^^^^^^^^^^^^^^^^^^^^^^^^^^^^^^^^^^^^^^^^^^^^^^^^^^^^^^^^
socket.gaierror: [Errno -3] Temporary failure in name resolution

The above exception was the direct cause of the following exception:

Traceback (most recent call last):
  File "/home/saharsh-baiju/amfoss-tasks/task-06/music_bot_env/lib/python3.12/site-packages/discord/client.py", line 724, in connect
    self.ws = await asyncio.wait_for(coro, timeout=60.0)
              ^^^^^^^^^^^^^^^^^^^^^^^^^^^^^^^^^^^^^^^^^^
  File "/usr/lib/python3.12/asyncio/tasks.py", line 520, in wait_for
    return await fut
           ^^^^^^^^^
  File "/home/saharsh-baiju/amfoss-tasks/task-06/music_bot_env/lib/python3.12/site-packages/discord/gateway.py", line 383, in from_client
    socket = await client.http.ws_connect(str(url))
             ^^^^^^^^^^^^^^^^^^^^^^^^^^^^^^^^^^^^^^
  File "/home/saharsh-baiju/amfoss-tasks/task-06/music_bot_env/lib/python3.12/site-packages/discord/http.py", line 566, in ws_connect
    return await self.__session.ws_connect(url, **kwargs)
           ^^^^^^^^^^^^^^^^^^^^^^^^^^^^^^^^^^^^^^^^^^^^^^
  File "/home/saharsh-baiju/amfoss-tasks/task-06/music_bot_env/lib/python3.12/site-packages/aiohttp/client.py", line 1067, in _ws_connect
    resp = await self.request(
           ^^^^^^^^^^^^^^^^^^^
  File "/home/saharsh-baiju/amfoss-tasks/task-06/music_bot_env/lib/python3.12/site-packages/aiohttp/client.py", line 770, in _request
    resp = await handler(req)
           ^^^^^^^^^^^^^^^^^^
  File "/home/saharsh-baiju/amfoss-tasks/task-06/music_bot_env/lib/python3.12/site-packages/aiohttp/client.py", line 725, in _connect_and_send_request
    conn = await self._connector.connect(
           ^^^^^^^^^^^^^^^^^^^^^^^^^^^^^^
  File "/home/saharsh-baiju/amfoss-tasks/task-06/music_bot_env/lib/python3.12/site-packages/aiohttp/connector.py", line 642, in connect
    proto = await self._create_connection(req, traces, timeout)
            ^^^^^^^^^^^^^^^^^^^^^^^^^^^^^^^^^^^^^^^^^^^^^^^^^^^
  File "/home/saharsh-baiju/amfoss-tasks/task-06/music_bot_env/lib/python3.12/site-packages/aiohttp/connector.py", line 1209, in _create_connection
    _, proto = await self._create_direct_connection(req, traces, timeout)
               ^^^^^^^^^^^^^^^^^^^^^^^^^^^^^^^^^^^^^^^^^^^^^^^^^^^^^^^^^^
  File "/home/saharsh-baiju/amfoss-tasks/task-06/music_bot_env/lib/python3.12/site-packages/aiohttp/connector.py", line 1538, in _create_direct_connection
    raise ClientConnectorDNSError(req.connection_key, exc) from exc
aiohttp.client_exceptions.ClientConnectorDNSError: Cannot connect to host gateway-us-east1-c.discord.gg:443 ssl:default [Temporary failure in name resolution]
[2025-08-27 19:16:14] [DEBUG   ] discord.client: Dispatching event disconnect
[2025-08-27 19:16:14] [ERROR   ] discord.client: Attempting a reconnect in 13.26s
Traceback (most recent call last):
  File "/home/saharsh-baiju/amfoss-tasks/task-06/music_bot_env/lib/python3.12/site-packages/aiohttp/connector.py", line 1532, in _create_direct_connection
    hosts = await self._resolve_host(host, port, traces=traces)
            ^^^^^^^^^^^^^^^^^^^^^^^^^^^^^^^^^^^^^^^^^^^^^^^^^^^
  File "/home/saharsh-baiju/amfoss-tasks/task-06/music_bot_env/lib/python3.12/site-packages/aiohttp/connector.py", line 1148, in _resolve_host
    return await asyncio.shield(resolved_host_task)
           ^^^^^^^^^^^^^^^^^^^^^^^^^^^^^^^^^^^^^^^^
  File "/home/saharsh-baiju/amfoss-tasks/task-06/music_bot_env/lib/python3.12/site-packages/aiohttp/connector.py", line 1179, in _resolve_host_with_throttle
    addrs = await self._resolver.resolve(host, port, family=self._family)
            ^^^^^^^^^^^^^^^^^^^^^^^^^^^^^^^^^^^^^^^^^^^^^^^^^^^^^^^^^^^^^
  File "/home/saharsh-baiju/amfoss-tasks/task-06/music_bot_env/lib/python3.12/site-packages/aiohttp/resolver.py", line 40, in resolve
    infos = await self._loop.getaddrinfo(
            ^^^^^^^^^^^^^^^^^^^^^^^^^^^^^
  File "/usr/lib/python3.12/asyncio/base_events.py", line 901, in getaddrinfo
    return await self.run_in_executor(
           ^^^^^^^^^^^^^^^^^^^^^^^^^^^
  File "/usr/lib/python3.12/concurrent/futures/thread.py", line 58, in run
    result = self.fn(*self.args, **self.kwargs)
             ^^^^^^^^^^^^^^^^^^^^^^^^^^^^^^^^^^
  File "/usr/lib/python3.12/socket.py", line 963, in getaddrinfo
    for res in _socket.getaddrinfo(host, port, family, type, proto, flags):
               ^^^^^^^^^^^^^^^^^^^^^^^^^^^^^^^^^^^^^^^^^^^^^^^^^^^^^^^^^^^
socket.gaierror: [Errno -3] Temporary failure in name resolution

The above exception was the direct cause of the following exception:

Traceback (most recent call last):
  File "/home/saharsh-baiju/amfoss-tasks/task-06/music_bot_env/lib/python3.12/site-packages/discord/client.py", line 724, in connect
    self.ws = await asyncio.wait_for(coro, timeout=60.0)
              ^^^^^^^^^^^^^^^^^^^^^^^^^^^^^^^^^^^^^^^^^^
  File "/usr/lib/python3.12/asyncio/tasks.py", line 520, in wait_for
    return await fut
           ^^^^^^^^^
  File "/home/saharsh-baiju/amfoss-tasks/task-06/music_bot_env/lib/python3.12/site-packages/discord/gateway.py", line 383, in from_client
    socket = await client.http.ws_connect(str(url))
             ^^^^^^^^^^^^^^^^^^^^^^^^^^^^^^^^^^^^^^
  File "/home/saharsh-baiju/amfoss-tasks/task-06/music_bot_env/lib/python3.12/site-packages/discord/http.py", line 566, in ws_connect
    return await self.__session.ws_connect(url, **kwargs)
           ^^^^^^^^^^^^^^^^^^^^^^^^^^^^^^^^^^^^^^^^^^^^^^
  File "/home/saharsh-baiju/amfoss-tasks/task-06/music_bot_env/lib/python3.12/site-packages/aiohttp/client.py", line 1067, in _ws_connect
    resp = await self.request(
           ^^^^^^^^^^^^^^^^^^^
  File "/home/saharsh-baiju/amfoss-tasks/task-06/music_bot_env/lib/python3.12/site-packages/aiohttp/client.py", line 770, in _request
    resp = await handler(req)
           ^^^^^^^^^^^^^^^^^^
  File "/home/saharsh-baiju/amfoss-tasks/task-06/music_bot_env/lib/python3.12/site-packages/aiohttp/client.py", line 725, in _connect_and_send_request
    conn = await self._connector.connect(
           ^^^^^^^^^^^^^^^^^^^^^^^^^^^^^^
  File "/home/saharsh-baiju/amfoss-tasks/task-06/music_bot_env/lib/python3.12/site-packages/aiohttp/connector.py", line 642, in connect
    proto = await self._create_connection(req, traces, timeout)
            ^^^^^^^^^^^^^^^^^^^^^^^^^^^^^^^^^^^^^^^^^^^^^^^^^^^
  File "/home/saharsh-baiju/amfoss-tasks/task-06/music_bot_env/lib/python3.12/site-packages/aiohttp/connector.py", line 1209, in _create_connection
    _, proto = await self._create_direct_connection(req, traces, timeout)
               ^^^^^^^^^^^^^^^^^^^^^^^^^^^^^^^^^^^^^^^^^^^^^^^^^^^^^^^^^^
  File "/home/saharsh-baiju/amfoss-tasks/task-06/music_bot_env/lib/python3.12/site-packages/aiohttp/connector.py", line 1538, in _create_direct_connection
    raise ClientConnectorDNSError(req.connection_key, exc) from exc
aiohttp.client_exceptions.ClientConnectorDNSError: Cannot connect to host gateway-us-east1-c.discord.gg:443 ssl:default [Temporary failure in name resolution]
[2025-08-27 19:16:27] [DEBUG   ] discord.client: Dispatching event disconnect
[2025-08-27 19:16:27] [ERROR   ] discord.client: Attempting a reconnect in 47.04s
Traceback (most recent call last):
  File "/home/saharsh-baiju/amfoss-tasks/task-06/music_bot_env/lib/python3.12/site-packages/aiohttp/connector.py", line 1532, in _create_direct_connection
    hosts = await self._resolve_host(host, port, traces=traces)
            ^^^^^^^^^^^^^^^^^^^^^^^^^^^^^^^^^^^^^^^^^^^^^^^^^^^
  File "/home/saharsh-baiju/amfoss-tasks/task-06/music_bot_env/lib/python3.12/site-packages/aiohttp/connector.py", line 1148, in _resolve_host
    return await asyncio.shield(resolved_host_task)
           ^^^^^^^^^^^^^^^^^^^^^^^^^^^^^^^^^^^^^^^^
  File "/home/saharsh-baiju/amfoss-tasks/task-06/music_bot_env/lib/python3.12/site-packages/aiohttp/connector.py", line 1179, in _resolve_host_with_throttle
    addrs = await self._resolver.resolve(host, port, family=self._family)
            ^^^^^^^^^^^^^^^^^^^^^^^^^^^^^^^^^^^^^^^^^^^^^^^^^^^^^^^^^^^^^
  File "/home/saharsh-baiju/amfoss-tasks/task-06/music_bot_env/lib/python3.12/site-packages/aiohttp/resolver.py", line 40, in resolve
    infos = await self._loop.getaddrinfo(
            ^^^^^^^^^^^^^^^^^^^^^^^^^^^^^
  File "/usr/lib/python3.12/asyncio/base_events.py", line 901, in getaddrinfo
    return await self.run_in_executor(
           ^^^^^^^^^^^^^^^^^^^^^^^^^^^
  File "/usr/lib/python3.12/concurrent/futures/thread.py", line 58, in run
    result = self.fn(*self.args, **self.kwargs)
             ^^^^^^^^^^^^^^^^^^^^^^^^^^^^^^^^^^
  File "/usr/lib/python3.12/socket.py", line 963, in getaddrinfo
    for res in _socket.getaddrinfo(host, port, family, type, proto, flags):
               ^^^^^^^^^^^^^^^^^^^^^^^^^^^^^^^^^^^^^^^^^^^^^^^^^^^^^^^^^^^
socket.gaierror: [Errno -3] Temporary failure in name resolution

The above exception was the direct cause of the following exception:

Traceback (most recent call last):
  File "/home/saharsh-baiju/amfoss-tasks/task-06/music_bot_env/lib/python3.12/site-packages/discord/client.py", line 724, in connect
    self.ws = await asyncio.wait_for(coro, timeout=60.0)
              ^^^^^^^^^^^^^^^^^^^^^^^^^^^^^^^^^^^^^^^^^^
  File "/usr/lib/python3.12/asyncio/tasks.py", line 520, in wait_for
    return await fut
           ^^^^^^^^^
  File "/home/saharsh-baiju/amfoss-tasks/task-06/music_bot_env/lib/python3.12/site-packages/discord/gateway.py", line 383, in from_client
    socket = await client.http.ws_connect(str(url))
             ^^^^^^^^^^^^^^^^^^^^^^^^^^^^^^^^^^^^^^
  File "/home/saharsh-baiju/amfoss-tasks/task-06/music_bot_env/lib/python3.12/site-packages/discord/http.py", line 566, in ws_connect
    return await self.__session.ws_connect(url, **kwargs)
           ^^^^^^^^^^^^^^^^^^^^^^^^^^^^^^^^^^^^^^^^^^^^^^
  File "/home/saharsh-baiju/amfoss-tasks/task-06/music_bot_env/lib/python3.12/site-packages/aiohttp/client.py", line 1067, in _ws_connect
    resp = await self.request(
           ^^^^^^^^^^^^^^^^^^^
  File "/home/saharsh-baiju/amfoss-tasks/task-06/music_bot_env/lib/python3.12/site-packages/aiohttp/client.py", line 770, in _request
    resp = await handler(req)
           ^^^^^^^^^^^^^^^^^^
  File "/home/saharsh-baiju/amfoss-tasks/task-06/music_bot_env/lib/python3.12/site-packages/aiohttp/client.py", line 725, in _connect_and_send_request
    conn = await self._connector.connect(
           ^^^^^^^^^^^^^^^^^^^^^^^^^^^^^^
  File "/home/saharsh-baiju/amfoss-tasks/task-06/music_bot_env/lib/python3.12/site-packages/aiohttp/connector.py", line 642, in connect
    proto = await self._create_connection(req, traces, timeout)
            ^^^^^^^^^^^^^^^^^^^^^^^^^^^^^^^^^^^^^^^^^^^^^^^^^^^
  File "/home/saharsh-baiju/amfoss-tasks/task-06/music_bot_env/lib/python3.12/site-packages/aiohttp/connector.py", line 1209, in _create_connection
    _, proto = await self._create_direct_connection(req, traces, timeout)
               ^^^^^^^^^^^^^^^^^^^^^^^^^^^^^^^^^^^^^^^^^^^^^^^^^^^^^^^^^^
  File "/home/saharsh-baiju/amfoss-tasks/task-06/music_bot_env/lib/python3.12/site-packages/aiohttp/connector.py", line 1538, in _create_direct_connection
    raise ClientConnectorDNSError(req.connection_key, exc) from exc
aiohttp.client_exceptions.ClientConnectorDNSError: Cannot connect to host gateway-us-east1-c.discord.gg:443 ssl:default [Temporary failure in name resolution]
[2025-08-27 19:17:15] [DEBUG   ] discord.gateway: Created websocket connected to wss://gateway-us-east1-c.discord.gg
[2025-08-27 19:17:15] [DEBUG   ] discord.gateway: For Shard ID None: WebSocket Event: {'t': None, 's': None, 'op': 10, 'd': {'heartbeat_interval': 41250, '_trace': ['["gateway-prd-arm-us-east1-c-dp4g",{"micros":0.0}]']}}
[2025-08-27 19:17:15] [DEBUG   ] discord.gateway: Shard ID None has sent the RESUME payload.
[2025-08-27 19:17:16] [DEBUG   ] discord.gateway: For Shard ID None: WebSocket Event: {'t': None, 's': None, 'op': 11, 'd': None}
[2025-08-27 19:17:16] [DEBUG   ] discord.gateway: For Shard ID None: WebSocket Event: {'t': None, 's': None, 'op': 9, 'd': False}
[2025-08-27 19:17:16] [INFO    ] discord.gateway: Shard ID None session has been invalidated.
[2025-08-27 19:17:16] [DEBUG   ] discord.client: Got a request to IDENTIFY the websocket.
[2025-08-27 19:17:16] [DEBUG   ] discord.client: Dispatching event disconnect
[2025-08-27 19:17:17] [DEBUG   ] discord.gateway: Created websocket connected to wss://gateway-us-east1-c.discord.gg
[2025-08-27 19:17:17] [DEBUG   ] discord.gateway: For Shard ID None: WebSocket Event: {'t': None, 's': None, 'op': 10, 'd': {'heartbeat_interval': 41250, '_trace': ['["gateway-prd-arm-us-east1-c-vfkd",{"micros":0.0}]']}}
[2025-08-27 19:17:22] [DEBUG   ] discord.gateway: Shard ID None has sent the IDENTIFY payload.
[2025-08-27 19:17:22] [DEBUG   ] discord.gateway: For Shard ID None: WebSocket Event: {'t': None, 's': None, 'op': 11, 'd': None}
[2025-08-27 19:17:22] [DEBUG   ] discord.gateway: For Shard ID None: WebSocket Event: {'t': 'READY', 's': 1, 'op': 0, 'd': {'v': 10, 'user_settings': {}, 'user': {'verified': True, 'username': 'LyricLounge', 'primary_guild': None, 'mfa_enabled': False, 'id': '1409582897006117026', 'global_name': None, 'flags': 0, 'email': None, 'discriminator': '1906', 'clan': None, 'bot': True, 'avatar': None}, 'session_type': 'normal', 'session_id': 'f577ec3d097857cad124bab148f26124', 'resume_gateway_url': 'wss://gateway-us-east1-c.discord.gg', 'relationships': [], 'private_channels': [], 'presences': [], 'guilds': [{'unavailable': True, 'id': '1409584395437740077'}], 'guild_join_requests': [], 'geo_ordered_rtc_regions': ['india', 'dubai', 'singapore', 'saudi-arabia', 'hongkong'], 'game_relationships': [], 'auth': {}, 'application': {'id': '1409582897006117026', 'flags': 557056}, '_trace': ['["gateway-prd-arm-us-east1-c-vfkd",{"micros":90016,"calls":["id_created",{"micros":537,"calls":[]},"session_lookup_time",{"micros":183,"calls":[]},"session_lookup_finished",{"micros":9,"calls":[]},"discord-sessions-prd-2-50",{"micros":89001,"calls":["start_session",{"micros":71432,"calls":["discord-api-rpc-68f46886fd-4tk7h",{"micros":54846,"calls":["get_user",{"micros":4913},"get_guilds",{"micros":4841},"send_scheduled_deletion_message",{"micros":14},"guild_join_requests",{"micros":3},"authorized_ip_coro",{"micros":11},"pending_payments",{"micros":9511},"apex_experiments",{"micros":2087},"user_activities",{"micros":8},"played_application_ids",{"micros":2}]}]},"starting_guild_connect",{"micros":48,"calls":[]},"presence_started",{"micros":9410,"calls":[]},"guilds_started",{"micros":58,"calls":[]},"lobbies_started",{"micros":1,"calls":[]},"guilds_connect",{"micros":1,"calls":[]},"presence_connect",{"micros":8035,"calls":[]},"connect_finished",{"micros":8040,"calls":[]},"build_ready",{"micros":10,"calls":[]},"clean_ready",{"micros":0,"calls":[]},"optimize_ready",{"micros":1,"calls":[]},"split_ready",{"micros":0,"calls":[]}]}]}]']}}
[2025-08-27 19:17:22] [DEBUG   ] discord.client: Dispatching event socket_event_type
[2025-08-27 19:17:22] [INFO    ] discord.gateway: Shard ID None has connected to Gateway (Session ID: f577ec3d097857cad124bab148f26124).
[2025-08-27 19:17:22] [DEBUG   ] discord.client: Dispatching event connect
[2025-08-27 19:17:22] [DEBUG   ] discord.gateway: For Shard ID None: WebSocket Event: {'t': 'GUILD_CREATE', 's': 2, 'op': 0, 'd': {'safety_alerts_channel_id': None, 'region': 'deprecated', 'features': [], 'voice_states': [], 'profile': None, 'embedded_activities': [], 'default_message_notifications': 0, 'banner': None, 'members': [{'user': {'username': 'LyricLounge', 'public_flags': 0, 'primary_guild': None, 'id': '1409582897006117026', 'global_name': None, 'display_name_styles': None, 'display_name': None, 'discriminator': '1906', 'collectibles': None, 'bot': True, 'avatar_decoration_data': None, 'avatar': None}, 'roles': ['1409585907538985143'], 'premium_since': None, 'pending': False, 'nick': None, 'mute': False, 'joined_at': '2025-08-25T17:11:09.283000+00:00', 'flags': 0, 'deaf': False, 'communication_disabled_until': None, 'banner': None, 'avatar': None}], 'rules_channel_id': None, 'owner_id': '1074144319486836786', 'application_id': None, 'id': '1409584395437740077', 'owner_configured_content_level': 0, 'system_channel_flags': 0, 'premium_features': None, 'nsfw': False, 'name': 'test_server', 'unavailable': False, 'large': False, 'application_command_counts': {}, 'public_updates_channel_id': None, 'preferred_locale': 'en-US', 'threads': [], 'vanity_url_code': None, 'roles': [{'version': 1756141508865, 'unicode_emoji': None, 'tags': {}, 'position': 0, 'permissions': '2248473465835073', 'name': '@everyone', 'mentionable': False, 'managed': False, 'id': '1409584395437740077', 'icon': None, 'hoist': False, 'flags': 0, 'colors': {'tertiary_color': None, 'secondary_color': None, 'primary_color': 0}, 'color': 0}, {'version': 1756171905906, 'unicode_emoji': None, 'tags': {'bot_id': '1409582897006117026'}, 'position': 2, 'permissions': '2815213892398144', 'name': 'youtube_tutorial', 'mentionable': False, 'managed': True, 'id': '1409585907538985143', 'icon': None, 'hoist': False, 'flags': 0, 'colors': {'tertiary_color': None, 'secondary_color': None, 'primary_color': 0}, 'color': 0}, {'version': 1756171904990, 'unicode_emoji': None, 'tags': {}, 'position': 1, 'permissions': '0', 'name': 'legends', 'mentionable': False, 'managed': False, 'id': '1409601424068710555', 'icon': None, 'hoist': False, 'flags': 0, 'colors': {'tertiary_color': None, 'secondary_color': None, 'primary_color': 15277667}, 'color': 15277667}], 'inventory_settings': None, 'stickers': [], 'description': None, 'moderator_reporting': None, 'latest_onboarding_question_id': None, 'incidents_data': None, 'presences': [], 'discovery_splash': None, 'joined_at': '2025-08-25T17:11:09.283000+00:00', 'afk_channel_id': None, 'lazy': True, 'premium_progress_bar_enabled': False, 'max_video_channel_users': 25, 'hub_type': None, 'explicit_content_filter': 0, 'nsfw_level': 0, 'channels': [{'version': 1756141508875, 'type': 4, 'position': 0, 'permission_overwrites': [], 'name': 'Text Channels', 'id': '1409584396226527302', 'flags': 0}, {'version': 1756141508885, 'type': 4, 'position': 0, 'permission_overwrites': [], 'name': 'Voice Channels', 'id': '1409584396226527303', 'flags': 0}, {'version': 1756141508900, 'type': 0, 'topic': None, 'rate_limit_per_user': 0, 'position': 0, 'permission_overwrites': [], 'parent_id': '1409584396226527302', 'name': 'general', 'last_message_id': '1410221687450107914', 'id': '1409584396226527304', 'icon_emoji': {'name': 'ðŸ‘‹', 'id': None}, 'flags': 0}, {'version': 1756141508907, 'user_limit': 0, 'type': 2, 'rtc_region': None, 'rate_limit_per_user': 0, 'position': 0, 'permission_overwrites': [], 'parent_id': '1409584396226527303', 'name': 'General', 'last_message_id': None, 'id': '1409584396226527305', 'icon_emoji': {'name': 'ðŸŽ™', 'id': None}, 'flags': 0, 'bitrate': 64000}, {'version': 1756141803901, 'type': 0, 'topic': None, 'rate_limit_per_user': 0, 'position': 1, 'permission_overwrites': [], 'parent_id': '1409584396226527303', 'name': 'bot-try', 'last_message_id': '1410227959847190659', 'id': '1409585633638219947', 'flags': 0}], 'member_count': 7, 'stage_instances': [], 'icon': None, 'activity_instances': [], 'splash': None, 'afk_timeout': 300, 'mfa_level': 0, 'max_members': 25000000, 'premium_tier': 0, 'guild_scheduled_events': [], 'soundboard_sounds': [], 'version': 1756141681833, 'system_channel_id': '1409584396226527304', 'premium_subscription_count': 0, 'max_stage_video_channel_users': 50, 'home_header': None, 'verification_level': 0, 'emojis': []}}
[2025-08-27 19:17:22] [DEBUG   ] discord.client: Dispatching event socket_event_type
[2025-08-27 19:17:23] [DEBUG   ] discord.gateway: For Shard ID None: WebSocket Event: {'t': 'GUILD_MEMBERS_CHUNK', 's': 3, 'op': 0, 'd': {'nonce': 'f72982a3a47e2ce025865b75487ea8ec', 'members': [{'user': {'username': 'rishik_raj', 'public_flags': 0, 'primary_guild': None, 'id': '816992763223867424', 'global_name': 'Rishik', 'display_name_styles': None, 'display_name': 'Rishik', 'discriminator': '0', 'collectibles': None, 'bot': False, 'avatar_decoration_data': None, 'avatar': None}, 'roles': [], 'premium_since': None, 'pending': False, 'nick': None, 'mute': False, 'joined_at': '2025-08-25T17:52:28.415000+00:00', 'flags': 0, 'deaf': False, 'communication_disabled_until': None, 'banner': None, 'avatar': None}, {'user': {'username': 'saharsh8995', 'public_flags': 0, 'primary_guild': None, 'id': '1074144319486836786', 'global_name': 'Saharsh', 'display_name_styles': None, 'display_name': 'Saharsh', 'discriminator': '0', 'collectibles': None, 'bot': False, 'avatar_decoration_data': None, 'avatar': None}, 'roles': ['1409601424068710555'], 'premium_since': None, 'pending': False, 'nick': None, 'mute': False, 'joined_at': '2025-08-25T17:05:08.781000+00:00', 'flags': 0, 'deaf': False, 'communication_disabled_until': None, 'banner': None, 'avatar': None}, {'user': {'username': 'devpl322_02960', 'public_flags': 0, 'primary_guild': None, 'id': '1269100208109912166', 'global_name': 'Dev Narayan U', 'display_name_styles': None, 'display_name': 'Dev Narayan U', 'discriminator': '0', 'collectibles': None, 'bot': False, 'avatar_decoration_data': None, 'avatar': None}, 'roles': ['1409601424068710555'], 'premium_since': None, 'pending': False, 'nick': None, 'mute': False, 'joined_at': '2025-08-26T07:51:03.639000+00:00', 'flags': 0, 'deaf': False, 'communication_disabled_until': None, 'banner': None, 'avatar': None}, {'user': {'username': 'sarveshsudheer', 'public_flags': 0, 'primary_guild': None, 'id': '1396876177708154962', 'global_name': 'Sarvesh Sudheer', 'display_name_styles': None, 'display_name': 'Sarvesh Sudheer', 'discriminator': '0', 'collectibles': None, 'bot': False, 'avatar_decoration_data': None, 'avatar': '5445ffd7ffb201a98393cbdf684ea4b1'}, 'roles': ['1409601424068710555'], 'premium_since': None, 'pending': False, 'nick': None, 'mute': False, 'joined_at': '2025-08-26T02:32:36.857000+00:00', 'flags': 0, 'deaf': False, 'communication_disabled_until': None, 'banner': None, 'avatar': None}, {'user': {'username': 'whitelizard46', 'public_flags': 0, 'primary_guild': None, 'id': '1397846588189311069', 'global_name': 'Elliot', 'display_name_styles': None, 'display_name': 'Elliot', 'discriminator': '0', 'collectibles': None, 'bot': False, 'avatar_decoration_data': None, 'avatar': '8542978250de288e9fcc523882a21e96'}, 'roles': ['1409601424068710555'], 'premium_since': None, 'pending': False, 'nick': None, 'mute': False, 'joined_at': '2025-08-26T08:42:39.113000+00:00', 'flags': 0, 'deaf': False, 'communication_disabled_until': None, 'banner': None, 'avatar': None}, {'user': {'username': 'LyricLounge', 'public_flags': 0, 'primary_guild': None, 'id': '1409582897006117026', 'global_name': None, 'display_name_styles': None, 'display_name': None, 'discriminator': '1906', 'collectibles': None, 'bot': True, 'avatar_decoration_data': None, 'avatar': None}, 'roles': ['1409585907538985143'], 'premium_since': None, 'pending': False, 'nick': None, 'mute': False, 'joined_at': '2025-08-25T17:11:09.283000+00:00', 'flags': 0, 'deaf': False, 'communication_disabled_until': None, 'banner': None, 'avatar': None}, {'user': {'username': 'sonips.', 'public_flags': 0, 'primary_guild': None, 'id': '1410220756620808192', 'global_name': 'Soni Ps', 'display_name_styles': None, 'display_name': 'Soni Ps', 'discriminator': '0', 'collectibles': None, 'bot': False, 'avatar_decoration_data': None, 'avatar': '5445ffd7ffb201a98393cbdf684ea4b1'}, 'roles': ['1409601424068710555'], 'premium_since': None, 'pending': False, 'nick': None, 'mute': False, 'joined_at': '2025-08-27T11:17:29.071000+00:00', 'flags': 0, 'deaf': False, 'communication_disabled_until': None, 'banner': None, 'avatar': None}], 'guild_id': '1409584395437740077', 'chunk_index': 0, 'chunk_count': 1}}
[2025-08-27 19:17:23] [DEBUG   ] discord.client: Dispatching event socket_event_type
[2025-08-27 19:17:23] [DEBUG   ] discord.state: Processed a chunk for 7 members in guild ID 1409584395437740077.
[2025-08-27 19:17:24] [DEBUG   ] discord.client: Dispatching event guild_available
[2025-08-27 19:17:24] [DEBUG   ] discord.client: Dispatching event ready
[2025-08-27 19:17:58] [DEBUG   ] discord.gateway: Keeping shard ID None websocket alive with sequence 3.
[2025-08-27 19:17:59] [DEBUG   ] discord.gateway: For Shard ID None: WebSocket Event: {'t': None, 's': None, 'op': 11, 'd': None}
[2025-08-27 19:18:39] [DEBUG   ] discord.gateway: Keeping shard ID None websocket alive with sequence 3.
[2025-08-27 19:18:40] [DEBUG   ] discord.gateway: For Shard ID None: WebSocket Event: {'t': None, 's': None, 'op': 11, 'd': None}
[2025-08-27 19:19:21] [DEBUG   ] discord.gateway: Keeping shard ID None websocket alive with sequence 3.
[2025-08-27 19:19:21] [DEBUG   ] discord.gateway: For Shard ID None: WebSocket Event: {'t': None, 's': None, 'op': 11, 'd': None}
[2025-08-27 19:20:02] [DEBUG   ] discord.gateway: Keeping shard ID None websocket alive with sequence 3.
[2025-08-27 19:20:02] [DEBUG   ] discord.gateway: For Shard ID None: WebSocket Event: {'t': None, 's': None, 'op': 11, 'd': None}
[2025-08-27 19:20:43] [DEBUG   ] discord.gateway: Keeping shard ID None websocket alive with sequence 3.
[2025-08-27 19:20:44] [DEBUG   ] discord.gateway: For Shard ID None: WebSocket Event: {'t': None, 's': None, 'op': 11, 'd': None}
[2025-08-27 19:21:24] [DEBUG   ] discord.gateway: Keeping shard ID None websocket alive with sequence 3.
[2025-08-27 19:21:25] [DEBUG   ] discord.gateway: For Shard ID None: WebSocket Event: {'t': None, 's': None, 'op': 11, 'd': None}
[2025-08-27 19:22:06] [DEBUG   ] discord.gateway: Keeping shard ID None websocket alive with sequence 3.
[2025-08-27 19:22:06] [DEBUG   ] discord.gateway: For Shard ID None: WebSocket Event: {'t': None, 's': None, 'op': 11, 'd': None}
[2025-08-27 19:22:47] [DEBUG   ] discord.gateway: Keeping shard ID None websocket alive with sequence 3.
[2025-08-27 19:22:47] [DEBUG   ] discord.gateway: For Shard ID None: WebSocket Event: {'t': None, 's': None, 'op': 11, 'd': None}
[2025-08-27 19:23:28] [DEBUG   ] discord.gateway: Keeping shard ID None websocket alive with sequence 3.
[2025-08-27 19:23:29] [DEBUG   ] discord.gateway: For Shard ID None: WebSocket Event: {'t': None, 's': None, 'op': 11, 'd': None}
[2025-08-27 19:24:09] [DEBUG   ] discord.gateway: Keeping shard ID None websocket alive with sequence 3.
[2025-08-27 19:24:10] [DEBUG   ] discord.gateway: For Shard ID None: WebSocket Event: {'t': None, 's': None, 'op': 11, 'd': None}
[2025-08-27 19:24:51] [DEBUG   ] discord.gateway: Keeping shard ID None websocket alive with sequence 3.
[2025-08-27 19:24:51] [DEBUG   ] discord.gateway: For Shard ID None: WebSocket Event: {'t': None, 's': None, 'op': 11, 'd': None}
[2025-08-27 19:25:32] [DEBUG   ] discord.gateway: Keeping shard ID None websocket alive with sequence 3.
[2025-08-27 19:25:32] [DEBUG   ] discord.gateway: For Shard ID None: WebSocket Event: {'t': None, 's': None, 'op': 11, 'd': None}
[2025-08-27 19:26:13] [DEBUG   ] discord.gateway: Keeping shard ID None websocket alive with sequence 3.
[2025-08-27 19:26:14] [DEBUG   ] discord.gateway: For Shard ID None: WebSocket Event: {'t': None, 's': None, 'op': 11, 'd': None}
[2025-08-27 19:26:54] [DEBUG   ] discord.gateway: Keeping shard ID None websocket alive with sequence 3.
[2025-08-27 19:26:55] [DEBUG   ] discord.gateway: For Shard ID None: WebSocket Event: {'t': None, 's': None, 'op': 11, 'd': None}
[2025-08-27 19:27:36] [DEBUG   ] discord.gateway: Keeping shard ID None websocket alive with sequence 3.
[2025-08-27 19:27:36] [DEBUG   ] discord.gateway: For Shard ID None: WebSocket Event: {'t': None, 's': None, 'op': 11, 'd': None}
[2025-08-27 19:28:17] [DEBUG   ] discord.gateway: Keeping shard ID None websocket alive with sequence 3.
[2025-08-27 19:28:17] [DEBUG   ] discord.gateway: For Shard ID None: WebSocket Event: {'t': None, 's': None, 'op': 11, 'd': None}
[2025-08-27 19:28:58] [DEBUG   ] discord.gateway: Keeping shard ID None websocket alive with sequence 3.
[2025-08-27 19:28:59] [DEBUG   ] discord.gateway: For Shard ID None: WebSocket Event: {'t': None, 's': None, 'op': 11, 'd': None}
[2025-08-27 19:29:39] [DEBUG   ] discord.gateway: Keeping shard ID None websocket alive with sequence 3.
[2025-08-27 19:29:40] [DEBUG   ] discord.gateway: For Shard ID None: WebSocket Event: {'t': None, 's': None, 'op': 11, 'd': None}
[2025-08-27 19:30:21] [DEBUG   ] discord.gateway: Keeping shard ID None websocket alive with sequence 3.
[2025-08-27 19:30:21] [DEBUG   ] discord.gateway: For Shard ID None: WebSocket Event: {'t': None, 's': None, 'op': 11, 'd': None}
[2025-08-27 19:31:02] [DEBUG   ] discord.gateway: Keeping shard ID None websocket alive with sequence 3.
[2025-08-27 19:31:02] [DEBUG   ] discord.gateway: For Shard ID None: WebSocket Event: {'t': None, 's': None, 'op': 11, 'd': None}
[2025-08-27 19:31:43] [DEBUG   ] discord.gateway: Keeping shard ID None websocket alive with sequence 3.
[2025-08-27 19:31:44] [DEBUG   ] discord.gateway: For Shard ID None: WebSocket Event: {'t': None, 's': None, 'op': 11, 'd': None}
[2025-08-27 19:32:24] [DEBUG   ] discord.gateway: Keeping shard ID None websocket alive with sequence 3.
[2025-08-27 19:32:25] [DEBUG   ] discord.gateway: For Shard ID None: WebSocket Event: {'t': None, 's': None, 'op': 11, 'd': None}
[2025-08-27 19:33:06] [DEBUG   ] discord.gateway: Keeping shard ID None websocket alive with sequence 3.
[2025-08-27 19:33:06] [DEBUG   ] discord.gateway: For Shard ID None: WebSocket Event: {'t': None, 's': None, 'op': 11, 'd': None}
[2025-08-27 19:33:47] [DEBUG   ] discord.gateway: Keeping shard ID None websocket alive with sequence 3.
[2025-08-27 19:34:06] [DEBUG   ] discord.gateway: Timed out receiving packet. Attempting a reconnect.
[2025-08-27 19:34:06] [DEBUG   ] discord.client: Got a request to RESUME the websocket.
[2025-08-27 19:34:06] [DEBUG   ] discord.client: Dispatching event disconnect
[2025-08-27 19:34:26] [DEBUG   ] discord.client: Dispatching event disconnect
[2025-08-27 19:34:26] [ERROR   ] discord.client: Attempting a reconnect in 124.12s
Traceback (most recent call last):
  File "/home/saharsh-baiju/amfoss-tasks/task-06/music_bot_env/lib/python3.12/site-packages/aiohttp/connector.py", line 1532, in _create_direct_connection
    hosts = await self._resolve_host(host, port, traces=traces)
            ^^^^^^^^^^^^^^^^^^^^^^^^^^^^^^^^^^^^^^^^^^^^^^^^^^^
  File "/home/saharsh-baiju/amfoss-tasks/task-06/music_bot_env/lib/python3.12/site-packages/aiohttp/connector.py", line 1148, in _resolve_host
    return await asyncio.shield(resolved_host_task)
           ^^^^^^^^^^^^^^^^^^^^^^^^^^^^^^^^^^^^^^^^
  File "/home/saharsh-baiju/amfoss-tasks/task-06/music_bot_env/lib/python3.12/site-packages/aiohttp/connector.py", line 1179, in _resolve_host_with_throttle
    addrs = await self._resolver.resolve(host, port, family=self._family)
            ^^^^^^^^^^^^^^^^^^^^^^^^^^^^^^^^^^^^^^^^^^^^^^^^^^^^^^^^^^^^^
  File "/home/saharsh-baiju/amfoss-tasks/task-06/music_bot_env/lib/python3.12/site-packages/aiohttp/resolver.py", line 40, in resolve
    infos = await self._loop.getaddrinfo(
            ^^^^^^^^^^^^^^^^^^^^^^^^^^^^^
  File "/usr/lib/python3.12/asyncio/base_events.py", line 901, in getaddrinfo
    return await self.run_in_executor(
           ^^^^^^^^^^^^^^^^^^^^^^^^^^^
  File "/usr/lib/python3.12/concurrent/futures/thread.py", line 58, in run
    result = self.fn(*self.args, **self.kwargs)
             ^^^^^^^^^^^^^^^^^^^^^^^^^^^^^^^^^^
  File "/usr/lib/python3.12/socket.py", line 963, in getaddrinfo
    for res in _socket.getaddrinfo(host, port, family, type, proto, flags):
               ^^^^^^^^^^^^^^^^^^^^^^^^^^^^^^^^^^^^^^^^^^^^^^^^^^^^^^^^^^^
socket.gaierror: [Errno -3] Temporary failure in name resolution

The above exception was the direct cause of the following exception:

Traceback (most recent call last):
  File "/home/saharsh-baiju/amfoss-tasks/task-06/music_bot_env/lib/python3.12/site-packages/discord/client.py", line 724, in connect
    self.ws = await asyncio.wait_for(coro, timeout=60.0)
              ^^^^^^^^^^^^^^^^^^^^^^^^^^^^^^^^^^^^^^^^^^
  File "/usr/lib/python3.12/asyncio/tasks.py", line 520, in wait_for
    return await fut
           ^^^^^^^^^
  File "/home/saharsh-baiju/amfoss-tasks/task-06/music_bot_env/lib/python3.12/site-packages/discord/gateway.py", line 383, in from_client
    socket = await client.http.ws_connect(str(url))
             ^^^^^^^^^^^^^^^^^^^^^^^^^^^^^^^^^^^^^^
  File "/home/saharsh-baiju/amfoss-tasks/task-06/music_bot_env/lib/python3.12/site-packages/discord/http.py", line 566, in ws_connect
    return await self.__session.ws_connect(url, **kwargs)
           ^^^^^^^^^^^^^^^^^^^^^^^^^^^^^^^^^^^^^^^^^^^^^^
  File "/home/saharsh-baiju/amfoss-tasks/task-06/music_bot_env/lib/python3.12/site-packages/aiohttp/client.py", line 1067, in _ws_connect
    resp = await self.request(
           ^^^^^^^^^^^^^^^^^^^
  File "/home/saharsh-baiju/amfoss-tasks/task-06/music_bot_env/lib/python3.12/site-packages/aiohttp/client.py", line 770, in _request
    resp = await handler(req)
           ^^^^^^^^^^^^^^^^^^
  File "/home/saharsh-baiju/amfoss-tasks/task-06/music_bot_env/lib/python3.12/site-packages/aiohttp/client.py", line 725, in _connect_and_send_request
    conn = await self._connector.connect(
           ^^^^^^^^^^^^^^^^^^^^^^^^^^^^^^
  File "/home/saharsh-baiju/amfoss-tasks/task-06/music_bot_env/lib/python3.12/site-packages/aiohttp/connector.py", line 642, in connect
    proto = await self._create_connection(req, traces, timeout)
            ^^^^^^^^^^^^^^^^^^^^^^^^^^^^^^^^^^^^^^^^^^^^^^^^^^^
  File "/home/saharsh-baiju/amfoss-tasks/task-06/music_bot_env/lib/python3.12/site-packages/aiohttp/connector.py", line 1209, in _create_connection
    _, proto = await self._create_direct_connection(req, traces, timeout)
               ^^^^^^^^^^^^^^^^^^^^^^^^^^^^^^^^^^^^^^^^^^^^^^^^^^^^^^^^^^
  File "/home/saharsh-baiju/amfoss-tasks/task-06/music_bot_env/lib/python3.12/site-packages/aiohttp/connector.py", line 1538, in _create_direct_connection
    raise ClientConnectorDNSError(req.connection_key, exc) from exc
aiohttp.client_exceptions.ClientConnectorDNSError: Cannot connect to host gateway-us-east1-c.discord.gg:443 ssl:default [Temporary failure in name resolution]
[2025-08-27 19:36:32] [DEBUG   ] discord.gateway: Created websocket connected to wss://gateway-us-east1-c.discord.gg
[2025-08-27 19:36:32] [DEBUG   ] discord.gateway: For Shard ID None: WebSocket Event: {'t': None, 's': None, 'op': 10, 'd': {'heartbeat_interval': 41250, '_trace': ['["gateway-prd-arm-us-east1-c-qq1g",{"micros":0.0}]']}}
[2025-08-27 19:36:32] [DEBUG   ] discord.gateway: Shard ID None has sent the RESUME payload.
[2025-08-27 19:36:32] [DEBUG   ] discord.gateway: For Shard ID None: WebSocket Event: {'t': None, 's': None, 'op': 11, 'd': None}
[2025-08-27 19:36:32] [DEBUG   ] discord.gateway: For Shard ID None: WebSocket Event: {'t': None, 's': None, 'op': 9, 'd': False}
[2025-08-27 19:36:32] [INFO    ] discord.gateway: Shard ID None session has been invalidated.
[2025-08-27 19:36:32] [DEBUG   ] discord.client: Got a request to IDENTIFY the websocket.
[2025-08-27 19:36:32] [DEBUG   ] discord.client: Dispatching event disconnect
[2025-08-27 19:36:33] [DEBUG   ] discord.gateway: Created websocket connected to wss://gateway-us-east1-c.discord.gg
[2025-08-27 19:36:33] [DEBUG   ] discord.gateway: For Shard ID None: WebSocket Event: {'t': None, 's': None, 'op': 10, 'd': {'heartbeat_interval': 41250, '_trace': ['["gateway-prd-arm-us-east1-c-8xt3",{"micros":0.0}]']}}
[2025-08-27 19:36:38] [DEBUG   ] discord.gateway: Shard ID None has sent the IDENTIFY payload.
[2025-08-27 19:36:38] [DEBUG   ] discord.gateway: For Shard ID None: WebSocket Event: {'t': None, 's': None, 'op': 11, 'd': None}
[2025-08-27 19:36:39] [DEBUG   ] discord.gateway: For Shard ID None: WebSocket Event: {'t': 'READY', 's': 1, 'op': 0, 'd': {'v': 10, 'user_settings': {}, 'user': {'verified': True, 'username': 'LyricLounge', 'primary_guild': None, 'mfa_enabled': False, 'id': '1409582897006117026', 'global_name': None, 'flags': 0, 'email': None, 'discriminator': '1906', 'clan': None, 'bot': True, 'avatar': None}, 'session_type': 'normal', 'session_id': 'a6cb6477044079f674f0e5a703425dc2', 'resume_gateway_url': 'wss://gateway-us-east1-c.discord.gg', 'relationships': [], 'private_channels': [], 'presences': [], 'guilds': [{'unavailable': True, 'id': '1409584395437740077'}], 'guild_join_requests': [], 'geo_ordered_rtc_regions': ['india', 'dubai', 'singapore', 'saudi-arabia', 'hongkong'], 'game_relationships': [], 'auth': {}, 'application': {'id': '1409582897006117026', 'flags': 557056}, '_trace': ['["gateway-prd-arm-us-east1-c-8xt3",{"micros":112060,"calls":["id_created",{"micros":586,"calls":[]},"session_lookup_time",{"micros":240,"calls":[]},"session_lookup_finished",{"micros":14,"calls":[]},"discord-sessions-prd-2-110",{"micros":110511,"calls":["start_session",{"micros":84995,"calls":["discord-api-rpc-68f46886fd-vkz9g",{"micros":57084,"calls":["get_user",{"micros":9186},"get_guilds",{"micros":3472},"send_scheduled_deletion_message",{"micros":15},"guild_join_requests",{"micros":432},"authorized_ip_coro",{"micros":21},"pending_payments",{"micros":16084},"apex_experiments",{"micros":3253},"user_activities",{"micros":6},"played_application_ids",{"micros":3}]}]},"starting_guild_connect",{"micros":53,"calls":[]},"presence_started",{"micros":1612,"calls":[]},"guilds_started",{"micros":65,"calls":[]},"lobbies_started",{"micros":1,"calls":[]},"guilds_connect",{"micros":1,"calls":[]},"presence_connect",{"micros":23767,"calls":[]},"connect_finished",{"micros":23771,"calls":[]},"build_ready",{"micros":12,"calls":[]},"clean_ready",{"micros":0,"calls":[]},"optimize_ready",{"micros":1,"calls":[]},"split_ready",{"micros":0,"calls":[]}]}]}]']}}
[2025-08-27 19:36:39] [DEBUG   ] discord.client: Dispatching event socket_event_type
[2025-08-27 19:36:39] [INFO    ] discord.gateway: Shard ID None has connected to Gateway (Session ID: a6cb6477044079f674f0e5a703425dc2).
[2025-08-27 19:36:39] [DEBUG   ] discord.client: Dispatching event connect
[2025-08-27 19:36:39] [DEBUG   ] discord.gateway: For Shard ID None: WebSocket Event: {'t': 'GUILD_CREATE', 's': 2, 'op': 0, 'd': {'channels': [{'version': 1756141508875, 'type': 4, 'position': 0, 'permission_overwrites': [], 'name': 'Text Channels', 'id': '1409584396226527302', 'flags': 0}, {'version': 1756141508885, 'type': 4, 'position': 0, 'permission_overwrites': [], 'name': 'Voice Channels', 'id': '1409584396226527303', 'flags': 0}, {'version': 1756141508900, 'type': 0, 'topic': None, 'rate_limit_per_user': 0, 'position': 0, 'permission_overwrites': [], 'parent_id': '1409584396226527302', 'name': 'general', 'last_message_id': '1410221687450107914', 'id': '1409584396226527304', 'icon_emoji': {'name': 'ðŸ‘‹', 'id': None}, 'flags': 0}, {'version': 1756141508907, 'user_limit': 0, 'type': 2, 'rtc_region': None, 'rate_limit_per_user': 0, 'position': 0, 'permission_overwrites': [], 'parent_id': '1409584396226527303', 'name': 'General', 'last_message_id': None, 'id': '1409584396226527305', 'icon_emoji': {'name': 'ðŸŽ™', 'id': None}, 'flags': 0, 'bitrate': 64000}, {'version': 1756141803901, 'type': 0, 'topic': None, 'rate_limit_per_user': 0, 'position': 1, 'permission_overwrites': [], 'parent_id': '1409584396226527303', 'name': 'bot-try', 'last_message_id': '1410227959847190659', 'id': '1409585633638219947', 'flags': 0}], 'inventory_settings': None, 'home_header': None, 'premium_features': None, 'max_stage_video_channel_users': 50, 'profile': None, 'region': 'deprecated', 'soundboard_sounds': [], 'premium_subscription_count': 0, 'unavailable': False, 'safety_alerts_channel_id': None, 'explicit_content_filter': 0, 'id': '1409584395437740077', 'discovery_splash': None, 'latest_onboarding_question_id': None, 'name': 'test_server', 'application_command_counts': {}, 'application_id': None, 'moderator_reporting': None, 'members': [{'user': {'username': 'LyricLounge', 'public_flags': 0, 'primary_guild': None, 'id': '1409582897006117026', 'global_name': None, 'display_name_styles': None, 'display_name': None, 'discriminator': '1906', 'collectibles': None, 'bot': True, 'avatar_decoration_data': None, 'avatar': None}, 'roles': ['1409585907538985143'], 'premium_since': None, 'pending': False, 'nick': None, 'mute': False, 'joined_at': '2025-08-25T17:11:09.283000+00:00', 'flags': 0, 'deaf': False, 'communication_disabled_until': None, 'banner': None, 'avatar': None}], 'nsfw': False, 'hub_type': None, 'threads': [], 'nsfw_level': 0, 'preferred_locale': 'en-US', 'joined_at': '2025-08-25T17:11:09.283000+00:00', 'features': [], 'splash': None, 'description': None, 'stickers': [], 'premium_tier': 0, 'owner_configured_content_level': 0, 'banner': None, 'vanity_url_code': None, 'large': False, 'max_video_channel_users': 25, 'premium_progress_bar_enabled': False, 'mfa_level': 0, 'activity_instances': [], 'max_members': 25000000, 'emojis': [], 'stage_instances': [], 'icon': None, 'system_channel_flags': 0, 'system_channel_id': '1409584396226527304', 'rules_channel_id': None, 'lazy': True, 'public_updates_channel_id': None, 'verification_level': 0, 'presences': [], 'member_count': 7, 'voice_states': [], 'version': 1756141681833, 'afk_timeout': 300, 'incidents_data': None, 'guild_scheduled_events': [], 'owner_id': '1074144319486836786', 'roles': [{'version': 1756141508865, 'unicode_emoji': None, 'tags': {}, 'position': 0, 'permissions': '2248473465835073', 'name': '@everyone', 'mentionable': False, 'managed': False, 'id': '1409584395437740077', 'icon': None, 'hoist': False, 'flags': 0, 'colors': {'tertiary_color': None, 'secondary_color': None, 'primary_color': 0}, 'color': 0}, {'version': 1756171905906, 'unicode_emoji': None, 'tags': {'bot_id': '1409582897006117026'}, 'position': 2, 'permissions': '2815213892398144', 'name': 'youtube_tutorial', 'mentionable': False, 'managed': True, 'id': '1409585907538985143', 'icon': None, 'hoist': False, 'flags': 0, 'colors': {'tertiary_color': None, 'secondary_color': None, 'primary_color': 0}, 'color': 0}, {'version': 1756171904990, 'unicode_emoji': None, 'tags': {}, 'position': 1, 'permissions': '0', 'name': 'legends', 'mentionable': False, 'managed': False, 'id': '1409601424068710555', 'icon': None, 'hoist': False, 'flags': 0, 'colors': {'tertiary_color': None, 'secondary_color': None, 'primary_color': 15277667}, 'color': 15277667}], 'afk_channel_id': None, 'default_message_notifications': 0, 'embedded_activities': []}}
[2025-08-27 19:36:39] [DEBUG   ] discord.client: Dispatching event socket_event_type
[2025-08-27 19:36:40] [DEBUG   ] discord.gateway: For Shard ID None: WebSocket Event: {'t': 'GUILD_MEMBERS_CHUNK', 's': 3, 'op': 0, 'd': {'nonce': '0edf2b45da5ff18596eb5c0bb7f78413', 'members': [{'user': {'username': 'rishik_raj', 'public_flags': 0, 'primary_guild': None, 'id': '816992763223867424', 'global_name': 'Rishik', 'display_name_styles': None, 'display_name': 'Rishik', 'discriminator': '0', 'collectibles': None, 'bot': False, 'avatar_decoration_data': None, 'avatar': None}, 'roles': [], 'premium_since': None, 'pending': False, 'nick': None, 'mute': False, 'joined_at': '2025-08-25T17:52:28.415000+00:00', 'flags': 0, 'deaf': False, 'communication_disabled_until': None, 'banner': None, 'avatar': None}, {'user': {'username': 'saharsh8995', 'public_flags': 0, 'primary_guild': None, 'id': '1074144319486836786', 'global_name': 'Saharsh', 'display_name_styles': None, 'display_name': 'Saharsh', 'discriminator': '0', 'collectibles': None, 'bot': False, 'avatar_decoration_data': None, 'avatar': None}, 'roles': ['1409601424068710555'], 'premium_since': None, 'pending': False, 'nick': None, 'mute': False, 'joined_at': '2025-08-25T17:05:08.781000+00:00', 'flags': 0, 'deaf': False, 'communication_disabled_until': None, 'banner': None, 'avatar': None}, {'user': {'username': 'devpl322_02960', 'public_flags': 0, 'primary_guild': None, 'id': '1269100208109912166', 'global_name': 'Dev Narayan U', 'display_name_styles': None, 'display_name': 'Dev Narayan U', 'discriminator': '0', 'collectibles': None, 'bot': False, 'avatar_decoration_data': None, 'avatar': None}, 'roles': ['1409601424068710555'], 'premium_since': None, 'pending': False, 'nick': None, 'mute': False, 'joined_at': '2025-08-26T07:51:03.639000+00:00', 'flags': 0, 'deaf': False, 'communication_disabled_until': None, 'banner': None, 'avatar': None}, {'user': {'username': 'sarveshsudheer', 'public_flags': 0, 'primary_guild': None, 'id': '1396876177708154962', 'global_name': 'Sarvesh Sudheer', 'display_name_styles': None, 'display_name': 'Sarvesh Sudheer', 'discriminator': '0', 'collectibles': None, 'bot': False, 'avatar_decoration_data': None, 'avatar': '5445ffd7ffb201a98393cbdf684ea4b1'}, 'roles': ['1409601424068710555'], 'premium_since': None, 'pending': False, 'nick': None, 'mute': False, 'joined_at': '2025-08-26T02:32:36.857000+00:00', 'flags': 0, 'deaf': False, 'communication_disabled_until': None, 'banner': None, 'avatar': None}, {'user': {'username': 'whitelizard46', 'public_flags': 0, 'primary_guild': None, 'id': '1397846588189311069', 'global_name': 'Elliot', 'display_name_styles': None, 'display_name': 'Elliot', 'discriminator': '0', 'collectibles': None, 'bot': False, 'avatar_decoration_data': None, 'avatar': '8542978250de288e9fcc523882a21e96'}, 'roles': ['1409601424068710555'], 'premium_since': None, 'pending': False, 'nick': None, 'mute': False, 'joined_at': '2025-08-26T08:42:39.113000+00:00', 'flags': 0, 'deaf': False, 'communication_disabled_until': None, 'banner': None, 'avatar': None}, {'user': {'username': 'LyricLounge', 'public_flags': 0, 'primary_guild': None, 'id': '1409582897006117026', 'global_name': None, 'display_name_styles': None, 'display_name': None, 'discriminator': '1906', 'collectibles': None, 'bot': True, 'avatar_decoration_data': None, 'avatar': None}, 'roles': ['1409585907538985143'], 'premium_since': None, 'pending': False, 'nick': None, 'mute': False, 'joined_at': '2025-08-25T17:11:09.283000+00:00', 'flags': 0, 'deaf': False, 'communication_disabled_until': None, 'banner': None, 'avatar': None}, {'user': {'username': 'sonips.', 'public_flags': 0, 'primary_guild': None, 'id': '1410220756620808192', 'global_name': 'Soni Ps', 'display_name_styles': None, 'display_name': 'Soni Ps', 'discriminator': '0', 'collectibles': None, 'bot': False, 'avatar_decoration_data': None, 'avatar': '5445ffd7ffb201a98393cbdf684ea4b1'}, 'roles': ['1409601424068710555'], 'premium_since': None, 'pending': False, 'nick': None, 'mute': False, 'joined_at': '2025-08-27T11:17:29.071000+00:00', 'flags': 0, 'deaf': False, 'communication_disabled_until': None, 'banner': None, 'avatar': None}], 'guild_id': '1409584395437740077', 'chunk_index': 0, 'chunk_count': 1}}
[2025-08-27 19:36:40] [DEBUG   ] discord.client: Dispatching event socket_event_type
[2025-08-27 19:36:40] [DEBUG   ] discord.state: Processed a chunk for 7 members in guild ID 1409584395437740077.
[2025-08-27 19:36:41] [DEBUG   ] discord.client: Dispatching event guild_available
[2025-08-27 19:36:41] [DEBUG   ] discord.client: Dispatching event ready
[2025-08-27 19:37:15] [DEBUG   ] discord.gateway: Keeping shard ID None websocket alive with sequence 3.
[2025-08-27 19:37:15] [DEBUG   ] discord.gateway: For Shard ID None: WebSocket Event: {'t': None, 's': None, 'op': 11, 'd': None}
[2025-08-27 19:37:56] [DEBUG   ] discord.gateway: Keeping shard ID None websocket alive with sequence 3.
[2025-08-27 19:37:57] [DEBUG   ] discord.gateway: For Shard ID None: WebSocket Event: {'t': None, 's': None, 'op': 11, 'd': None}
[2025-08-27 19:38:37] [DEBUG   ] discord.gateway: Keeping shard ID None websocket alive with sequence 3.
[2025-08-27 19:38:38] [DEBUG   ] discord.gateway: For Shard ID None: WebSocket Event: {'t': None, 's': None, 'op': 11, 'd': None}
[2025-08-27 19:39:18] [DEBUG   ] discord.gateway: Keeping shard ID None websocket alive with sequence 3.
[2025-08-27 19:39:19] [DEBUG   ] discord.gateway: For Shard ID None: WebSocket Event: {'t': None, 's': None, 'op': 11, 'd': None}
[2025-08-27 19:40:00] [DEBUG   ] discord.gateway: Keeping shard ID None websocket alive with sequence 3.
[2025-08-27 19:40:00] [DEBUG   ] discord.gateway: For Shard ID None: WebSocket Event: {'t': None, 's': None, 'op': 11, 'd': None}
[2025-08-27 19:40:41] [DEBUG   ] discord.gateway: Keeping shard ID None websocket alive with sequence 3.
[2025-08-27 19:40:41] [DEBUG   ] discord.gateway: For Shard ID None: WebSocket Event: {'t': None, 's': None, 'op': 11, 'd': None}
[2025-08-27 19:41:22] [DEBUG   ] discord.gateway: Keeping shard ID None websocket alive with sequence 3.
[2025-08-27 19:41:23] [DEBUG   ] discord.gateway: For Shard ID None: WebSocket Event: {'t': None, 's': None, 'op': 11, 'd': None}
[2025-08-27 19:42:03] [DEBUG   ] discord.gateway: Keeping shard ID None websocket alive with sequence 3.
[2025-08-27 19:42:04] [DEBUG   ] discord.gateway: For Shard ID None: WebSocket Event: {'t': None, 's': None, 'op': 11, 'd': None}
[2025-08-27 19:42:45] [DEBUG   ] discord.gateway: Keeping shard ID None websocket alive with sequence 3.
[2025-08-27 19:42:45] [DEBUG   ] discord.gateway: For Shard ID None: WebSocket Event: {'t': None, 's': None, 'op': 11, 'd': None}
[2025-08-27 19:43:26] [DEBUG   ] discord.gateway: Keeping shard ID None websocket alive with sequence 3.
[2025-08-27 19:43:26] [DEBUG   ] discord.gateway: For Shard ID None: WebSocket Event: {'t': None, 's': None, 'op': 11, 'd': None}
[2025-08-27 19:44:07] [DEBUG   ] discord.gateway: Keeping shard ID None websocket alive with sequence 3.
[2025-08-27 19:44:08] [DEBUG   ] discord.gateway: For Shard ID None: WebSocket Event: {'t': None, 's': None, 'op': 11, 'd': None}
[2025-08-27 19:44:48] [DEBUG   ] discord.gateway: Keeping shard ID None websocket alive with sequence 3.
[2025-08-27 19:44:49] [DEBUG   ] discord.gateway: For Shard ID None: WebSocket Event: {'t': None, 's': None, 'op': 11, 'd': None}
[2025-08-27 19:45:30] [DEBUG   ] discord.gateway: Keeping shard ID None websocket alive with sequence 3.
[2025-08-27 19:45:30] [DEBUG   ] discord.gateway: For Shard ID None: WebSocket Event: {'t': None, 's': None, 'op': 11, 'd': None}
[2025-08-27 19:46:11] [DEBUG   ] discord.gateway: Keeping shard ID None websocket alive with sequence 3.
[2025-08-27 19:46:11] [DEBUG   ] discord.gateway: For Shard ID None: WebSocket Event: {'t': None, 's': None, 'op': 11, 'd': None}
[2025-08-27 19:46:52] [DEBUG   ] discord.gateway: Keeping shard ID None websocket alive with sequence 3.
[2025-08-27 19:46:53] [DEBUG   ] discord.gateway: For Shard ID None: WebSocket Event: {'t': None, 's': None, 'op': 11, 'd': None}
[2025-08-27 19:47:33] [DEBUG   ] discord.gateway: Keeping shard ID None websocket alive with sequence 3.
[2025-08-27 19:47:34] [DEBUG   ] discord.gateway: For Shard ID None: WebSocket Event: {'t': None, 's': None, 'op': 11, 'd': None}
[2025-08-27 19:48:15] [DEBUG   ] discord.gateway: Keeping shard ID None websocket alive with sequence 3.
[2025-08-27 19:48:15] [DEBUG   ] discord.gateway: For Shard ID None: WebSocket Event: {'t': None, 's': None, 'op': 11, 'd': None}
[2025-08-27 19:48:56] [DEBUG   ] discord.gateway: Keeping shard ID None websocket alive with sequence 3.
[2025-08-27 19:48:56] [DEBUG   ] discord.gateway: For Shard ID None: WebSocket Event: {'t': None, 's': None, 'op': 11, 'd': None}
[2025-08-27 19:49:37] [DEBUG   ] discord.gateway: Keeping shard ID None websocket alive with sequence 3.
[2025-08-27 19:49:38] [DEBUG   ] discord.gateway: For Shard ID None: WebSocket Event: {'t': None, 's': None, 'op': 11, 'd': None}
[2025-08-27 19:50:18] [DEBUG   ] discord.gateway: Keeping shard ID None websocket alive with sequence 3.
[2025-08-27 19:50:19] [DEBUG   ] discord.gateway: For Shard ID None: WebSocket Event: {'t': None, 's': None, 'op': 11, 'd': None}
[2025-08-27 19:51:00] [DEBUG   ] discord.gateway: Keeping shard ID None websocket alive with sequence 3.
[2025-08-27 19:51:00] [DEBUG   ] discord.gateway: For Shard ID None: WebSocket Event: {'t': None, 's': None, 'op': 11, 'd': None}
[2025-08-27 19:51:41] [DEBUG   ] discord.gateway: Keeping shard ID None websocket alive with sequence 3.
[2025-08-27 19:51:41] [DEBUG   ] discord.gateway: For Shard ID None: WebSocket Event: {'t': None, 's': None, 'op': 11, 'd': None}
[2025-08-27 19:52:22] [DEBUG   ] discord.gateway: Keeping shard ID None websocket alive with sequence 3.
[2025-08-27 19:52:23] [DEBUG   ] discord.gateway: For Shard ID None: WebSocket Event: {'t': None, 's': None, 'op': 11, 'd': None}
[2025-08-27 19:53:03] [DEBUG   ] discord.gateway: Keeping shard ID None websocket alive with sequence 3.
[2025-08-27 19:53:04] [DEBUG   ] discord.gateway: For Shard ID None: WebSocket Event: {'t': None, 's': None, 'op': 11, 'd': None}
[2025-08-27 19:53:45] [DEBUG   ] discord.gateway: Keeping shard ID None websocket alive with sequence 3.
[2025-08-27 19:53:45] [DEBUG   ] discord.gateway: For Shard ID None: WebSocket Event: {'t': None, 's': None, 'op': 11, 'd': None}
[2025-08-27 19:54:26] [DEBUG   ] discord.gateway: Keeping shard ID None websocket alive with sequence 3.
[2025-08-27 19:54:27] [DEBUG   ] discord.gateway: For Shard ID None: WebSocket Event: {'t': None, 's': None, 'op': 11, 'd': None}
[2025-08-27 19:55:07] [DEBUG   ] discord.gateway: Keeping shard ID None websocket alive with sequence 3.
[2025-08-27 19:55:08] [DEBUG   ] discord.gateway: For Shard ID None: WebSocket Event: {'t': None, 's': None, 'op': 11, 'd': None}
[2025-08-27 19:55:48] [DEBUG   ] discord.gateway: Keeping shard ID None websocket alive with sequence 3.
[2025-08-27 19:56:08] [DEBUG   ] discord.gateway: Timed out receiving packet. Attempting a reconnect.
[2025-08-27 19:56:08] [DEBUG   ] discord.client: Got a request to RESUME the websocket.
[2025-08-27 19:56:08] [DEBUG   ] discord.client: Dispatching event disconnect
[2025-08-27 19:56:28] [DEBUG   ] discord.client: Dispatching event disconnect
[2025-08-27 19:56:28] [ERROR   ] discord.client: Attempting a reconnect in 54.44s
Traceback (most recent call last):
  File "/home/saharsh-baiju/amfoss-tasks/task-06/music_bot_env/lib/python3.12/site-packages/aiohttp/connector.py", line 1532, in _create_direct_connection
    hosts = await self._resolve_host(host, port, traces=traces)
            ^^^^^^^^^^^^^^^^^^^^^^^^^^^^^^^^^^^^^^^^^^^^^^^^^^^
  File "/home/saharsh-baiju/amfoss-tasks/task-06/music_bot_env/lib/python3.12/site-packages/aiohttp/connector.py", line 1148, in _resolve_host
    return await asyncio.shield(resolved_host_task)
           ^^^^^^^^^^^^^^^^^^^^^^^^^^^^^^^^^^^^^^^^
  File "/home/saharsh-baiju/amfoss-tasks/task-06/music_bot_env/lib/python3.12/site-packages/aiohttp/connector.py", line 1179, in _resolve_host_with_throttle
    addrs = await self._resolver.resolve(host, port, family=self._family)
            ^^^^^^^^^^^^^^^^^^^^^^^^^^^^^^^^^^^^^^^^^^^^^^^^^^^^^^^^^^^^^
  File "/home/saharsh-baiju/amfoss-tasks/task-06/music_bot_env/lib/python3.12/site-packages/aiohttp/resolver.py", line 40, in resolve
    infos = await self._loop.getaddrinfo(
            ^^^^^^^^^^^^^^^^^^^^^^^^^^^^^
  File "/usr/lib/python3.12/asyncio/base_events.py", line 901, in getaddrinfo
    return await self.run_in_executor(
           ^^^^^^^^^^^^^^^^^^^^^^^^^^^
  File "/usr/lib/python3.12/concurrent/futures/thread.py", line 58, in run
    result = self.fn(*self.args, **self.kwargs)
             ^^^^^^^^^^^^^^^^^^^^^^^^^^^^^^^^^^
  File "/usr/lib/python3.12/socket.py", line 963, in getaddrinfo
    for res in _socket.getaddrinfo(host, port, family, type, proto, flags):
               ^^^^^^^^^^^^^^^^^^^^^^^^^^^^^^^^^^^^^^^^^^^^^^^^^^^^^^^^^^^
socket.gaierror: [Errno -3] Temporary failure in name resolution

The above exception was the direct cause of the following exception:

Traceback (most recent call last):
  File "/home/saharsh-baiju/amfoss-tasks/task-06/music_bot_env/lib/python3.12/site-packages/discord/client.py", line 724, in connect
    self.ws = await asyncio.wait_for(coro, timeout=60.0)
              ^^^^^^^^^^^^^^^^^^^^^^^^^^^^^^^^^^^^^^^^^^
  File "/usr/lib/python3.12/asyncio/tasks.py", line 520, in wait_for
    return await fut
           ^^^^^^^^^
  File "/home/saharsh-baiju/amfoss-tasks/task-06/music_bot_env/lib/python3.12/site-packages/discord/gateway.py", line 383, in from_client
    socket = await client.http.ws_connect(str(url))
             ^^^^^^^^^^^^^^^^^^^^^^^^^^^^^^^^^^^^^^
  File "/home/saharsh-baiju/amfoss-tasks/task-06/music_bot_env/lib/python3.12/site-packages/discord/http.py", line 566, in ws_connect
    return await self.__session.ws_connect(url, **kwargs)
           ^^^^^^^^^^^^^^^^^^^^^^^^^^^^^^^^^^^^^^^^^^^^^^
  File "/home/saharsh-baiju/amfoss-tasks/task-06/music_bot_env/lib/python3.12/site-packages/aiohttp/client.py", line 1067, in _ws_connect
    resp = await self.request(
           ^^^^^^^^^^^^^^^^^^^
  File "/home/saharsh-baiju/amfoss-tasks/task-06/music_bot_env/lib/python3.12/site-packages/aiohttp/client.py", line 770, in _request
    resp = await handler(req)
           ^^^^^^^^^^^^^^^^^^
  File "/home/saharsh-baiju/amfoss-tasks/task-06/music_bot_env/lib/python3.12/site-packages/aiohttp/client.py", line 725, in _connect_and_send_request
    conn = await self._connector.connect(
           ^^^^^^^^^^^^^^^^^^^^^^^^^^^^^^
  File "/home/saharsh-baiju/amfoss-tasks/task-06/music_bot_env/lib/python3.12/site-packages/aiohttp/connector.py", line 642, in connect
    proto = await self._create_connection(req, traces, timeout)
            ^^^^^^^^^^^^^^^^^^^^^^^^^^^^^^^^^^^^^^^^^^^^^^^^^^^
  File "/home/saharsh-baiju/amfoss-tasks/task-06/music_bot_env/lib/python3.12/site-packages/aiohttp/connector.py", line 1209, in _create_connection
    _, proto = await self._create_direct_connection(req, traces, timeout)
               ^^^^^^^^^^^^^^^^^^^^^^^^^^^^^^^^^^^^^^^^^^^^^^^^^^^^^^^^^^
  File "/home/saharsh-baiju/amfoss-tasks/task-06/music_bot_env/lib/python3.12/site-packages/aiohttp/connector.py", line 1538, in _create_direct_connection
    raise ClientConnectorDNSError(req.connection_key, exc) from exc
aiohttp.client_exceptions.ClientConnectorDNSError: Cannot connect to host gateway-us-east1-c.discord.gg:443 ssl:default [Temporary failure in name resolution]
[2025-08-27 19:57:24] [DEBUG   ] discord.gateway: Created websocket connected to wss://gateway-us-east1-c.discord.gg
[2025-08-27 19:57:24] [DEBUG   ] discord.gateway: For Shard ID None: WebSocket Event: {'t': None, 's': None, 'op': 10, 'd': {'heartbeat_interval': 41250, '_trace': ['["gateway-prd-arm-us-east1-c-8lkt",{"micros":0.0}]']}}
[2025-08-27 19:57:24] [DEBUG   ] discord.gateway: Shard ID None has sent the RESUME payload.
[2025-08-27 19:57:24] [DEBUG   ] discord.gateway: For Shard ID None: WebSocket Event: {'t': None, 's': None, 'op': 11, 'd': None}
[2025-08-27 19:57:24] [DEBUG   ] discord.gateway: For Shard ID None: WebSocket Event: {'t': None, 's': None, 'op': 9, 'd': False}
[2025-08-27 19:57:24] [INFO    ] discord.gateway: Shard ID None session has been invalidated.
[2025-08-27 19:57:25] [DEBUG   ] discord.client: Got a request to IDENTIFY the websocket.
[2025-08-27 19:57:25] [DEBUG   ] discord.client: Dispatching event disconnect
[2025-08-27 19:57:25] [DEBUG   ] discord.gateway: Created websocket connected to wss://gateway-us-east1-c.discord.gg
[2025-08-27 19:57:25] [DEBUG   ] discord.gateway: For Shard ID None: WebSocket Event: {'t': None, 's': None, 'op': 10, 'd': {'heartbeat_interval': 41250, '_trace': ['["gateway-prd-arm-us-east1-c-d5s1",{"micros":0.0}]']}}
[2025-08-27 19:57:30] [DEBUG   ] discord.gateway: Shard ID None has sent the IDENTIFY payload.
[2025-08-27 19:57:30] [DEBUG   ] discord.gateway: For Shard ID None: WebSocket Event: {'t': None, 's': None, 'op': 11, 'd': None}
[2025-08-27 19:57:31] [DEBUG   ] discord.gateway: For Shard ID None: WebSocket Event: {'t': 'READY', 's': 1, 'op': 0, 'd': {'v': 10, 'user_settings': {}, 'user': {'verified': True, 'username': 'LyricLounge', 'primary_guild': None, 'mfa_enabled': False, 'id': '1409582897006117026', 'global_name': None, 'flags': 0, 'email': None, 'discriminator': '1906', 'clan': None, 'bot': True, 'avatar': None}, 'session_type': 'normal', 'session_id': 'df63d1880cdeb9ec3a4db5a909774af1', 'resume_gateway_url': 'wss://gateway-us-east1-c.discord.gg', 'relationships': [], 'private_channels': [], 'presences': [], 'guilds': [{'unavailable': True, 'id': '1409584395437740077'}], 'guild_join_requests': [], 'geo_ordered_rtc_regions': ['india', 'dubai', 'singapore', 'saudi-arabia', 'hongkong'], 'game_relationships': [], 'auth': {}, 'application': {'id': '1409582897006117026', 'flags': 557056}, '_trace': ['["gateway-prd-arm-us-east1-c-d5s1",{"micros":86444,"calls":["id_created",{"micros":497,"calls":[]},"session_lookup_time",{"micros":215,"calls":[]},"session_lookup_finished",{"micros":14,"calls":[]},"discord-sessions-prd-2-152",{"micros":84503,"calls":["start_session",{"micros":55673,"calls":["discord-api-rpc-68f46886fd-rfs9x",{"micros":39493,"calls":["get_user",{"micros":5610},"get_guilds",{"micros":4664},"send_scheduled_deletion_message",{"micros":10},"guild_join_requests",{"micros":1},"authorized_ip_coro",{"micros":12},"pending_payments",{"micros":9095},"apex_experiments",{"micros":1846},"user_activities",{"micros":10},"played_application_ids",{"micros":3}]}]},"starting_guild_connect",{"micros":61,"calls":[]},"presence_started",{"micros":12732,"calls":[]},"guilds_started",{"micros":61,"calls":[]},"lobbies_started",{"micros":1,"calls":[]},"guilds_connect",{"micros":1,"calls":[]},"presence_connect",{"micros":15956,"calls":[]},"connect_finished",{"micros":15960,"calls":[]},"build_ready",{"micros":13,"calls":[]},"clean_ready",{"micros":0,"calls":[]},"optimize_ready",{"micros":1,"calls":[]},"split_ready",{"micros":0,"calls":[]}]}]}]']}}
[2025-08-27 19:57:31] [DEBUG   ] discord.client: Dispatching event socket_event_type
[2025-08-27 19:57:31] [INFO    ] discord.gateway: Shard ID None has connected to Gateway (Session ID: df63d1880cdeb9ec3a4db5a909774af1).
[2025-08-27 19:57:31] [DEBUG   ] discord.client: Dispatching event connect
[2025-08-27 19:57:31] [DEBUG   ] discord.gateway: For Shard ID None: WebSocket Event: {'t': 'GUILD_CREATE', 's': 2, 'op': 0, 'd': {'roles': [{'version': 1756141508865, 'unicode_emoji': None, 'tags': {}, 'position': 0, 'permissions': '2248473465835073', 'name': '@everyone', 'mentionable': False, 'managed': False, 'id': '1409584395437740077', 'icon': None, 'hoist': False, 'flags': 0, 'colors': {'tertiary_color': None, 'secondary_color': None, 'primary_color': 0}, 'color': 0}, {'version': 1756171905906, 'unicode_emoji': None, 'tags': {'bot_id': '1409582897006117026'}, 'position': 2, 'permissions': '2815213892398144', 'name': 'youtube_tutorial', 'mentionable': False, 'managed': True, 'id': '1409585907538985143', 'icon': None, 'hoist': False, 'flags': 0, 'colors': {'tertiary_color': None, 'secondary_color': None, 'primary_color': 0}, 'color': 0}, {'version': 1756171904990, 'unicode_emoji': None, 'tags': {}, 'position': 1, 'permissions': '0', 'name': 'legends', 'mentionable': False, 'managed': False, 'id': '1409601424068710555', 'icon': None, 'hoist': False, 'flags': 0, 'colors': {'tertiary_color': None, 'secondary_color': None, 'primary_color': 15277667}, 'color': 15277667}], 'nsfw': False, 'stage_instances': [], 'rules_channel_id': None, 'profile': None, 'splash': None, 'channels': [{'version': 1756141508875, 'type': 4, 'position': 0, 'permission_overwrites': [], 'name': 'Text Channels', 'id': '1409584396226527302', 'flags': 0}, {'version': 1756141508885, 'type': 4, 'position': 0, 'permission_overwrites': [], 'name': 'Voice Channels', 'id': '1409584396226527303', 'flags': 0}, {'version': 1756141508900, 'type': 0, 'topic': None, 'rate_limit_per_user': 0, 'position': 0, 'permission_overwrites': [], 'parent_id': '1409584396226527302', 'name': 'general', 'last_message_id': '1410221687450107914', 'id': '1409584396226527304', 'icon_emoji': {'name': 'ðŸ‘‹', 'id': None}, 'flags': 0}, {'version': 1756141508907, 'user_limit': 0, 'type': 2, 'rtc_region': None, 'rate_limit_per_user': 0, 'position': 0, 'permission_overwrites': [], 'parent_id': '1409584396226527303', 'name': 'General', 'last_message_id': None, 'id': '1409584396226527305', 'icon_emoji': {'name': 'ðŸŽ™', 'id': None}, 'flags': 0, 'bitrate': 64000}, {'version': 1756141803901, 'type': 0, 'topic': None, 'rate_limit_per_user': 0, 'position': 1, 'permission_overwrites': [], 'parent_id': '1409584396226527303', 'name': 'bot-try', 'last_message_id': '1410227959847190659', 'id': '1409585633638219947', 'flags': 0}], 'application_id': None, 'features': [], 'discovery_splash': None, 'voice_states': [], 'id': '1409584395437740077', 'banner': None, 'icon': None, 'mfa_level': 0, 'public_updates_channel_id': None, 'presences': [], 'name': 'test_server', 'soundboard_sounds': [], 'owner_configured_content_level': 0, 'afk_channel_id': None, 'incidents_data': None, 'moderator_reporting': None, 'verification_level': 0, 'threads': [], 'large': False, 'max_stage_video_channel_users': 50, 'nsfw_level': 0, 'safety_alerts_channel_id': None, 'description': None, 'premium_progress_bar_enabled': False, 'system_channel_id': '1409584396226527304', 'activity_instances': [], 'preferred_locale': 'en-US', 'default_message_notifications': 0, 'region': 'deprecated', 'afk_timeout': 300, 'guild_scheduled_events': [], 'owner_id': '1074144319486836786', 'inventory_settings': None, 'premium_tier': 0, 'max_video_channel_users': 25, 'latest_onboarding_question_id': None, 'hub_type': None, 'premium_features': None, 'system_channel_flags': 0, 'stickers': [], 'unavailable': False, 'application_command_counts': {}, 'max_members': 25000000, 'version': 1756141681833, 'home_header': None, 'premium_subscription_count': 0, 'member_count': 7, 'vanity_url_code': None, 'explicit_content_filter': 0, 'members': [{'user': {'username': 'LyricLounge', 'public_flags': 0, 'primary_guild': None, 'id': '1409582897006117026', 'global_name': None, 'display_name_styles': None, 'display_name': None, 'discriminator': '1906', 'collectibles': None, 'bot': True, 'avatar_decoration_data': None, 'avatar': None}, 'roles': ['1409585907538985143'], 'premium_since': None, 'pending': False, 'nick': None, 'mute': False, 'joined_at': '2025-08-25T17:11:09.283000+00:00', 'flags': 0, 'deaf': False, 'communication_disabled_until': None, 'banner': None, 'avatar': None}], 'embedded_activities': [], 'lazy': True, 'joined_at': '2025-08-25T17:11:09.283000+00:00', 'emojis': []}}
[2025-08-27 19:57:31] [DEBUG   ] discord.client: Dispatching event socket_event_type
[2025-08-27 19:57:31] [DEBUG   ] discord.gateway: For Shard ID None: WebSocket Event: {'t': 'GUILD_MEMBERS_CHUNK', 's': 3, 'op': 0, 'd': {'nonce': 'b42866c1949ca1f06a451147f6425375', 'members': [{'user': {'username': 'rishik_raj', 'public_flags': 0, 'primary_guild': None, 'id': '816992763223867424', 'global_name': 'Rishik', 'display_name_styles': None, 'display_name': 'Rishik', 'discriminator': '0', 'collectibles': None, 'bot': False, 'avatar_decoration_data': None, 'avatar': None}, 'roles': [], 'premium_since': None, 'pending': False, 'nick': None, 'mute': False, 'joined_at': '2025-08-25T17:52:28.415000+00:00', 'flags': 0, 'deaf': False, 'communication_disabled_until': None, 'banner': None, 'avatar': None}, {'user': {'username': 'saharsh8995', 'public_flags': 0, 'primary_guild': None, 'id': '1074144319486836786', 'global_name': 'Saharsh', 'display_name_styles': None, 'display_name': 'Saharsh', 'discriminator': '0', 'collectibles': None, 'bot': False, 'avatar_decoration_data': None, 'avatar': None}, 'roles': ['1409601424068710555'], 'premium_since': None, 'pending': False, 'nick': None, 'mute': False, 'joined_at': '2025-08-25T17:05:08.781000+00:00', 'flags': 0, 'deaf': False, 'communication_disabled_until': None, 'banner': None, 'avatar': None}, {'user': {'username': 'devpl322_02960', 'public_flags': 0, 'primary_guild': None, 'id': '1269100208109912166', 'global_name': 'Dev Narayan U', 'display_name_styles': None, 'display_name': 'Dev Narayan U', 'discriminator': '0', 'collectibles': None, 'bot': False, 'avatar_decoration_data': None, 'avatar': None}, 'roles': ['1409601424068710555'], 'premium_since': None, 'pending': False, 'nick': None, 'mute': False, 'joined_at': '2025-08-26T07:51:03.639000+00:00', 'flags': 0, 'deaf': False, 'communication_disabled_until': None, 'banner': None, 'avatar': None}, {'user': {'username': 'sarveshsudheer', 'public_flags': 0, 'primary_guild': None, 'id': '1396876177708154962', 'global_name': 'Sarvesh Sudheer', 'display_name_styles': None, 'display_name': 'Sarvesh Sudheer', 'discriminator': '0', 'collectibles': None, 'bot': False, 'avatar_decoration_data': None, 'avatar': '5445ffd7ffb201a98393cbdf684ea4b1'}, 'roles': ['1409601424068710555'], 'premium_since': None, 'pending': False, 'nick': None, 'mute': False, 'joined_at': '2025-08-26T02:32:36.857000+00:00', 'flags': 0, 'deaf': False, 'communication_disabled_until': None, 'banner': None, 'avatar': None}, {'user': {'username': 'whitelizard46', 'public_flags': 0, 'primary_guild': None, 'id': '1397846588189311069', 'global_name': 'Elliot', 'display_name_styles': None, 'display_name': 'Elliot', 'discriminator': '0', 'collectibles': None, 'bot': False, 'avatar_decoration_data': None, 'avatar': '8542978250de288e9fcc523882a21e96'}, 'roles': ['1409601424068710555'], 'premium_since': None, 'pending': False, 'nick': None, 'mute': False, 'joined_at': '2025-08-26T08:42:39.113000+00:00', 'flags': 0, 'deaf': False, 'communication_disabled_until': None, 'banner': None, 'avatar': None}, {'user': {'username': 'LyricLounge', 'public_flags': 0, 'primary_guild': None, 'id': '1409582897006117026', 'global_name': None, 'display_name_styles': None, 'display_name': None, 'discriminator': '1906', 'collectibles': None, 'bot': True, 'avatar_decoration_data': None, 'avatar': None}, 'roles': ['1409585907538985143'], 'premium_since': None, 'pending': False, 'nick': None, 'mute': False, 'joined_at': '2025-08-25T17:11:09.283000+00:00', 'flags': 0, 'deaf': False, 'communication_disabled_until': None, 'banner': None, 'avatar': None}, {'user': {'username': 'sonips.', 'public_flags': 0, 'primary_guild': None, 'id': '1410220756620808192', 'global_name': 'Soni Ps', 'display_name_styles': None, 'display_name': 'Soni Ps', 'discriminator': '0', 'collectibles': None, 'bot': False, 'avatar_decoration_data': None, 'avatar': '5445ffd7ffb201a98393cbdf684ea4b1'}, 'roles': ['1409601424068710555'], 'premium_since': None, 'pending': False, 'nick': None, 'mute': False, 'joined_at': '2025-08-27T11:17:29.071000+00:00', 'flags': 0, 'deaf': False, 'communication_disabled_until': None, 'banner': None, 'avatar': None}], 'guild_id': '1409584395437740077', 'chunk_index': 0, 'chunk_count': 1}}
[2025-08-27 19:57:31] [DEBUG   ] discord.client: Dispatching event socket_event_type
[2025-08-27 19:57:31] [DEBUG   ] discord.state: Processed a chunk for 7 members in guild ID 1409584395437740077.
[2025-08-27 19:57:33] [DEBUG   ] discord.client: Dispatching event guild_available
[2025-08-27 19:57:33] [DEBUG   ] discord.client: Dispatching event ready
[2025-08-27 19:58:06] [DEBUG   ] discord.gateway: Keeping shard ID None websocket alive with sequence 3.
[2025-08-27 19:58:07] [DEBUG   ] discord.gateway: For Shard ID None: WebSocket Event: {'t': None, 's': None, 'op': 11, 'd': None}
[2025-08-27 19:58:48] [DEBUG   ] discord.gateway: Keeping shard ID None websocket alive with sequence 3.
[2025-08-27 19:58:48] [DEBUG   ] discord.gateway: For Shard ID None: WebSocket Event: {'t': None, 's': None, 'op': 11, 'd': None}
[2025-08-27 19:59:29] [DEBUG   ] discord.gateway: Keeping shard ID None websocket alive with sequence 3.
[2025-08-27 19:59:29] [DEBUG   ] discord.gateway: For Shard ID None: WebSocket Event: {'t': None, 's': None, 'op': 11, 'd': None}
[2025-08-27 20:00:10] [DEBUG   ] discord.gateway: Keeping shard ID None websocket alive with sequence 3.
[2025-08-27 20:00:10] [DEBUG   ] discord.gateway: For Shard ID None: WebSocket Event: {'t': None, 's': None, 'op': 11, 'd': None}
[2025-08-27 20:00:51] [DEBUG   ] discord.gateway: Keeping shard ID None websocket alive with sequence 3.
[2025-08-27 20:00:52] [DEBUG   ] discord.gateway: For Shard ID None: WebSocket Event: {'t': None, 's': None, 'op': 11, 'd': None}
[2025-08-27 20:01:33] [DEBUG   ] discord.gateway: Keeping shard ID None websocket alive with sequence 3.
[2025-08-27 20:01:33] [DEBUG   ] discord.gateway: For Shard ID None: WebSocket Event: {'t': None, 's': None, 'op': 11, 'd': None}
[2025-08-27 20:02:14] [DEBUG   ] discord.gateway: Keeping shard ID None websocket alive with sequence 3.
[2025-08-27 20:02:14] [DEBUG   ] discord.gateway: For Shard ID None: WebSocket Event: {'t': None, 's': None, 'op': 11, 'd': None}
[2025-08-27 20:02:55] [DEBUG   ] discord.gateway: Keeping shard ID None websocket alive with sequence 3.
[2025-08-27 20:02:56] [DEBUG   ] discord.gateway: For Shard ID None: WebSocket Event: {'t': None, 's': None, 'op': 11, 'd': None}
[2025-08-27 20:03:36] [DEBUG   ] discord.gateway: Keeping shard ID None websocket alive with sequence 3.
[2025-08-27 20:03:37] [DEBUG   ] discord.gateway: For Shard ID None: WebSocket Event: {'t': None, 's': None, 'op': 11, 'd': None}
[2025-08-27 20:04:18] [DEBUG   ] discord.gateway: Keeping shard ID None websocket alive with sequence 3.
[2025-08-27 20:04:18] [DEBUG   ] discord.gateway: For Shard ID None: WebSocket Event: {'t': None, 's': None, 'op': 11, 'd': None}
[2025-08-27 20:04:59] [DEBUG   ] discord.gateway: Keeping shard ID None websocket alive with sequence 3.
[2025-08-27 20:05:00] [DEBUG   ] discord.gateway: For Shard ID None: WebSocket Event: {'t': None, 's': None, 'op': 11, 'd': None}
                                                                                        